2020-09-29 13:33:34,130 INFO o.s.b.l.DeferredLog [restartedMain] The Class-Path manifest attribute in C:\Users\an\.m2\repository\com\sun\xml\bind\jaxb-core\2.3.0.1\jaxb-core-2.3.0.1.jar referenced one or more files that do not exist: file:/C:/Users/an/.m2/repository/com/sun/xml/bind/jaxb-core/2.3.0.1/jaxb-api.jar
2020-09-29 13:33:34,143 INFO o.s.b.l.DeferredLog [restartedMain] The Class-Path manifest attribute in C:\Users\an\.m2\repository\com\sun\xml\bind\jaxb-impl\2.3.0.1\jaxb-impl-2.3.0.1.jar referenced one or more files that do not exist: file:/C:/Users/an/.m2/repository/com/sun/xml/bind/jaxb-impl/2.3.0.1/jaxb-core.jar
2020-09-29 13:33:34,144 INFO o.s.b.l.DeferredLog [restartedMain] Devtools property defaults active! Set 'spring.devtools.add-properties' to 'false' to disable
2020-09-29 13:33:37,222 INFO o.s.b.SpringApplication [restartedMain] No active profile set, falling back to default profiles: default
2020-09-29 13:33:39,201 INFO o.s.d.r.c.RepositoryConfigurationDelegate [restartedMain] Bootstrapping Spring Data JPA repositories in DEFERRED mode.
2020-09-29 13:33:39,366 INFO o.s.d.r.c.RepositoryConfigurationDelegate [restartedMain] Finished Spring Data repository scanning in 155ms. Found 5 JPA repository interfaces.
2020-09-29 13:33:39,714 INFO o.s.c.c.s.GenericScope [restartedMain] BeanFactory id=a93cc2d9-192f-3cd6-ac8e-a7de0a591169
2020-09-29 13:33:39,958 INFO o.s.c.s.PostProcessorRegistrationDelegate$BeanPostProcessorChecker [restartedMain] Bean 'org.springframework.security.access.expression.method.DefaultMethodSecurityExpressionHandler@3e116765' of type [org.springframework.security.oauth2.provider.expression.OAuth2MethodSecurityExpressionHandler] is not eligible for getting processed by all BeanPostProcessors (for example: not eligible for auto-proxying)
2020-09-29 13:33:39,966 INFO o.s.c.s.PostProcessorRegistrationDelegate$BeanPostProcessorChecker [restartedMain] Bean 'methodSecurityMetadataSource' of type [org.springframework.security.access.method.DelegatingMethodSecurityMetadataSource] is not eligible for getting processed by all BeanPostProcessors (for example: not eligible for auto-proxying)
2020-09-29 13:33:40,655 INFO o.s.b.w.e.t.TomcatWebServer [restartedMain] Tomcat initialized with port(s): 8080 (http)
2020-09-29 13:33:40,665 INFO o.a.j.l.DirectJDKLog [restartedMain] Initializing ProtocolHandler ["http-nio-8080"]
2020-09-29 13:33:40,666 INFO o.a.j.l.DirectJDKLog [restartedMain] Starting service [Tomcat]
2020-09-29 13:33:40,666 INFO o.a.j.l.DirectJDKLog [restartedMain] Starting Servlet engine: [Apache Tomcat/9.0.36]
2020-09-29 13:33:41,033 INFO o.a.j.l.DirectJDKLog [restartedMain] Initializing Spring embedded WebApplicationContext
2020-09-29 13:33:41,033 INFO o.s.b.w.s.c.ServletWebServerApplicationContext [restartedMain] Root WebApplicationContext: initialization completed in 3784 ms
2020-09-29 13:33:41,403 INFO o.s.s.c.ExecutorConfigurationSupport [restartedMain] Initializing ExecutorService 'applicationTaskExecutor'
2020-09-29 13:33:41,481 INFO o.h.j.i.u.LogHelper [task-1] HHH000204: Processing PersistenceUnitInfo [name: default]
2020-09-29 13:33:41,542 WARN o.s.b.a.o.j.JpaBaseConfiguration$JpaWebConfiguration [restartedMain] spring.jpa.open-in-view is enabled by default. Therefore, database queries may be performed during view rendering. Explicitly configure spring.jpa.open-in-view to disable this warning
2020-09-29 13:33:41,550 INFO o.h.Version [task-1] HHH000412: Hibernate ORM core version 5.4.17.Final
2020-09-29 13:33:41,802 INFO o.h.a.c.r.j.JavaReflectionManager [task-1] HCANN000001: Hibernate Commons Annotations {5.1.0.Final}
2020-09-29 13:33:41,986 INFO c.z.h.HikariDataSource [task-1] HikariPool-1 - Starting...
2020-09-29 13:33:42,428 INFO o.s.s.w.DefaultSecurityFilterChain [restartedMain] Creating filter chain: Ant [pattern='/user/create'], []
2020-09-29 13:33:42,429 INFO o.s.s.w.DefaultSecurityFilterChain [restartedMain] Creating filter chain: Ant [pattern='/'], []
2020-09-29 13:33:42,429 INFO o.s.s.w.DefaultSecurityFilterChain [restartedMain] Creating filter chain: Ant [pattern='/css/**'], []
2020-09-29 13:33:42,430 INFO o.s.s.w.DefaultSecurityFilterChain [restartedMain] Creating filter chain: Ant [pattern='/font/**'], []
2020-09-29 13:33:42,431 INFO o.s.s.w.DefaultSecurityFilterChain [restartedMain] Creating filter chain: Ant [pattern='/fonts/**'], []
2020-09-29 13:33:42,432 INFO o.s.s.w.DefaultSecurityFilterChain [restartedMain] Creating filter chain: Ant [pattern='/img/**'], []
2020-09-29 13:33:42,432 INFO o.s.s.w.DefaultSecurityFilterChain [restartedMain] Creating filter chain: Ant [pattern='/js/**'], []
2020-09-29 13:33:42,433 INFO o.s.s.w.DefaultSecurityFilterChain [restartedMain] Creating filter chain: Ant [pattern='/shop-cart/**'], []
2020-09-29 13:33:42,558 INFO o.s.s.w.DefaultSecurityFilterChain [restartedMain] Creating filter chain: OrRequestMatcher [requestMatchers=[Ant [pattern='/user/login'], Ant [pattern='/oauth/token_key'], Ant [pattern='/user/check_token']]], [org.springframework.security.web.context.request.async.WebAsyncManagerIntegrationFilter@5ba2bc75, org.springframework.security.web.context.SecurityContextPersistenceFilter@17fb0cf2, org.springframework.security.web.header.HeaderWriterFilter@78a1eb6d, org.springframework.security.web.authentication.logout.LogoutFilter@1a35ed28, org.springframework.security.web.authentication.www.BasicAuthenticationFilter@7c0c4aae, org.springframework.security.web.savedrequest.RequestCacheAwareFilter@5500f791, org.springframework.security.web.servletapi.SecurityContextHolderAwareRequestFilter@1c9520b2, org.springframework.security.web.authentication.AnonymousAuthenticationFilter@219f2a9c, org.springframework.security.web.session.SessionManagementFilter@4b3ee85, org.springframework.security.web.access.ExceptionTranslationFilter@94c4a4c, org.springframework.security.web.access.intercept.FilterSecurityInterceptor@3c5b622c]
2020-09-29 13:33:42,577 INFO o.s.s.w.DefaultSecurityFilterChain [restartedMain] Creating filter chain: org.springframework.security.oauth2.config.annotation.web.configuration.ResourceServerConfiguration$NotOAuthRequestMatcher@6ca5fd8d, [org.springframework.security.web.context.request.async.WebAsyncManagerIntegrationFilter@6ffda933, org.springframework.security.web.context.SecurityContextPersistenceFilter@66598156, org.springframework.security.web.header.HeaderWriterFilter@4bb305ea, org.springframework.security.web.authentication.logout.LogoutFilter@4bcfe996, org.springframework.security.oauth2.provider.authentication.OAuth2AuthenticationProcessingFilter@60afeb5f, org.springframework.security.web.savedrequest.RequestCacheAwareFilter@22ae4495, org.springframework.security.web.servletapi.SecurityContextHolderAwareRequestFilter@7161897f, org.springframework.security.web.authentication.AnonymousAuthenticationFilter@e756ebe, org.springframework.security.web.session.SessionManagementFilter@5a394fc3, org.springframework.security.web.access.ExceptionTranslationFilter@63e4fae2, org.springframework.security.web.access.intercept.FilterSecurityInterceptor@27a39964]
2020-09-29 13:33:42,597 INFO o.s.s.w.DefaultSecurityFilterChain [restartedMain] Creating filter chain: any request, [org.springframework.security.web.context.request.async.WebAsyncManagerIntegrationFilter@62880360, org.springframework.security.web.context.SecurityContextPersistenceFilter@184dd52e, org.springframework.security.web.header.HeaderWriterFilter@498c2741, org.springframework.security.web.csrf.CsrfFilter@7272784d, org.springframework.security.web.authentication.logout.LogoutFilter@7e323336, org.springframework.security.web.authentication.UsernamePasswordAuthenticationFilter@20d6120f, org.springframework.security.web.authentication.ui.DefaultLoginPageGeneratingFilter@213d703b, org.springframework.security.web.authentication.ui.DefaultLogoutPageGeneratingFilter@34a923da, org.springframework.security.web.authentication.www.BasicAuthenticationFilter@7a89abe7, org.springframework.security.web.savedrequest.RequestCacheAwareFilter@1377486c, org.springframework.security.web.servletapi.SecurityContextHolderAwareRequestFilter@3be9c36c, org.springframework.security.web.authentication.AnonymousAuthenticationFilter@247f092a, org.springframework.security.web.session.SessionManagementFilter@799c6a40, org.springframework.security.web.access.ExceptionTranslationFilter@7bce1ff4, org.springframework.security.web.access.intercept.FilterSecurityInterceptor@aadbb0]
2020-09-29 13:33:43,224 INFO o.s.b.a.w.s.WelcomePageHandlerMapping [restartedMain] Adding welcome page template: index
2020-09-29 13:33:43,471 INFO c.z.h.HikariDataSource [task-1] HikariPool-1 - Start completed.
2020-09-29 13:33:43,491 INFO o.h.d.Dialect [task-1] HHH000400: Using dialect: org.hibernate.dialect.MySQL5Dialect
2020-09-29 13:33:45,542 INFO o.h.e.t.j.p.i.JtaPlatformInitiator [task-1] HHH000490: Using JtaPlatform implementation: [org.hibernate.engine.transaction.jta.platform.internal.NoJtaPlatform]
2020-09-29 13:33:45,556 INFO o.s.o.j.AbstractEntityManagerFactoryBean [task-1] Initialized JPA EntityManagerFactory for persistence unit 'default'
2020-09-29 13:33:45,618 INFO o.s.b.d.a.OptionalLiveReloadServer [task-2] LiveReload server is running on port 35729
2020-09-29 13:33:48,171 INFO o.s.c.c.u.InetUtils [restartedMain] Cannot determine local hostname
2020-09-29 13:33:48,207 WARN o.s.c.s.o.SpringCloudSecurityAutoConfiguration [restartedMain] All Spring Cloud Security modules and starters are deprecated. They will be moved to individual projects in the next major release.
2020-09-29 13:33:48,221 INFO o.s.b.a.e.w.EndpointLinksResolver [restartedMain] Exposing 2 endpoint(s) beneath base path '/actuator'
2020-09-29 13:33:48,457 INFO o.a.j.l.DirectJDKLog [restartedMain] Starting ProtocolHandler ["http-nio-8080"]
2020-09-29 13:33:48,504 INFO o.s.b.w.e.t.TomcatWebServer [restartedMain] Tomcat started on port(s): 8080 (http) with context path ''
2020-09-29 13:33:50,407 INFO o.s.c.c.u.InetUtils [restartedMain] Cannot determine local hostname
2020-09-29 13:33:50,413 INFO o.s.d.r.c.DeferredRepositoryInitializationListener [restartedMain] Triggering deferred initialization of Spring Data repositories…
2020-09-29 13:33:51,345 INFO o.s.d.r.c.DeferredRepositoryInitializationListener [restartedMain] Spring Data repositories initialized!
2020-09-29 13:33:51,363 INFO o.s.b.StartupInfoLogger [restartedMain] Started PerfectcherryApplication in 20.013 seconds (JVM running for 23.173)
2020-09-29 13:34:08,265 INFO o.a.j.l.DirectJDKLog [http-nio-8080-exec-1] Initializing Spring DispatcherServlet 'dispatcherServlet'
2020-09-29 13:34:08,265 INFO o.s.w.s.FrameworkServlet [http-nio-8080-exec-1] Initializing Servlet 'dispatcherServlet'
2020-09-29 13:34:08,281 INFO o.s.w.s.FrameworkServlet [http-nio-8080-exec-1] Completed initialization in 15 ms
2020-09-29 13:34:11,910 DEBUG c.p.u.RegistrationUtility [http-nio-8080-exec-1] Inside getUniqueID method
2020-09-29 13:35:17,315 INFO o.s.b.a.SpringApplicationAdminMXBeanRegistrar$SpringApplicationAdmin [RMI TCP Connection(2)-127.0.0.1] Application shutdown requested.
2020-09-29 13:35:17,322 INFO o.a.j.l.DirectJDKLog [RMI TCP Connection(2)-127.0.0.1] Pausing ProtocolHandler ["http-nio-8080"]
2020-09-29 13:35:17,748 INFO o.a.j.l.DirectJDKLog [RMI TCP Connection(2)-127.0.0.1] Stopping service [Tomcat]
2020-09-29 13:35:17,757 INFO o.a.j.l.DirectJDKLog [RMI TCP Connection(2)-127.0.0.1] Waiting for [1] instance(s) to be deallocated for Servlet [dispatcherServlet]
2020-09-29 13:35:17,749 ERROR o.a.j.l.DirectJDKLog [http-nio-8080-Acceptor] Socket accept failed
java.nio.channels.AsynchronousCloseException: null
	at java.nio.channels.spi.AbstractInterruptibleChannel.end(AbstractInterruptibleChannel.java:205) ~[?:1.8.0_251]
	at sun.nio.ch.ServerSocketChannelImpl.accept(ServerSocketChannelImpl.java:257) ~[?:1.8.0_251]
	at org.apache.tomcat.util.net.NioEndpoint.serverSocketAccept(NioEndpoint.java:469) ~[tomcat-embed-core-9.0.36.jar:9.0.36]
	at org.apache.tomcat.util.net.NioEndpoint.serverSocketAccept(NioEndpoint.java:71) ~[tomcat-embed-core-9.0.36.jar:9.0.36]
	at org.apache.tomcat.util.net.Acceptor.run(Acceptor.java:95) [tomcat-embed-core-9.0.36.jar:9.0.36]
	at java.lang.Thread.run(Thread.java:748) [?:1.8.0_251]
2020-09-29 13:35:18,763 INFO o.a.j.l.DirectJDKLog [RMI TCP Connection(2)-127.0.0.1] Waiting for [1] instance(s) to be deallocated for Servlet [dispatcherServlet]
2020-09-29 13:35:19,772 INFO o.a.j.l.DirectJDKLog [RMI TCP Connection(2)-127.0.0.1] Waiting for [1] instance(s) to be deallocated for Servlet [dispatcherServlet]
2020-09-29 13:35:19,875 INFO o.a.j.l.DirectJDKLog [RMI TCP Connection(2)-127.0.0.1] Destroying Spring FrameworkServlet 'dispatcherServlet'
2020-09-29 13:35:19,904 WARN o.a.j.l.DirectJDKLog [RMI TCP Connection(2)-127.0.0.1] The web application [ROOT] is still processing a request that has yet to finish. This is very likely to create a memory leak. You can control the time allowed for requests to finish by using the unloadDelay attribute of the standard Context implementation. Stack trace of request processing thread:[
 com.perfectcherry.serviceimpl.ImageServiceImpl.uploadImage(ImageServiceImpl.java:122)
 com.perfectcherry.serviceimpl.ImageServiceImpl.lambda$0(ImageServiceImpl.java:99)
 com.perfectcherry.serviceimpl.ImageServiceImpl$$Lambda$1092/85754480.apply(Unknown Source)
 java.util.stream.ReferencePipeline$3$1.accept(ReferencePipeline.java:193)
 java.util.Spliterators$ArraySpliterator.forEachRemaining(Spliterators.java:948)
 java.util.stream.AbstractPipeline.copyInto(AbstractPipeline.java:482)
 java.util.stream.AbstractPipeline.wrapAndCopyInto(AbstractPipeline.java:472)
 java.util.stream.ReduceOps$ReduceOp.evaluateSequential(ReduceOps.java:708)
 java.util.stream.AbstractPipeline.evaluate(AbstractPipeline.java:234)
 java.util.stream.ReferencePipeline.collect(ReferencePipeline.java:499)
 com.perfectcherry.serviceimpl.ImageServiceImpl.uploadImages(ImageServiceImpl.java:100)
 com.perfectcherry.serviceimpl.ImageServiceImpl$$FastClassBySpringCGLIB$$26b56048.invoke(<generated>)
 org.springframework.cglib.proxy.MethodProxy.invoke(MethodProxy.java:218)
 org.springframework.aop.framework.CglibAopProxy$CglibMethodInvocation.invokeJoinpoint(CglibAopProxy.java:771)
 org.springframework.aop.framework.ReflectiveMethodInvocation.proceed(ReflectiveMethodInvocation.java:163)
 org.springframework.aop.framework.CglibAopProxy$CglibMethodInvocation.proceed(CglibAopProxy.java:749)
 org.springframework.transaction.interceptor.TransactionInterceptor$$Lambda$1078/249636181.proceedWithInvocation(Unknown Source)
 org.springframework.transaction.interceptor.TransactionAspectSupport.invokeWithinTransaction(TransactionAspectSupport.java:367)
 org.springframework.transaction.interceptor.TransactionInterceptor.invoke(TransactionInterceptor.java:118)
 org.springframework.aop.framework.ReflectiveMethodInvocation.proceed(ReflectiveMethodInvocation.java:186)
 org.springframework.aop.framework.CglibAopProxy$CglibMethodInvocation.proceed(CglibAopProxy.java:749)
 org.springframework.aop.framework.CglibAopProxy$DynamicAdvisedInterceptor.intercept(CglibAopProxy.java:691)
 com.perfectcherry.serviceimpl.ImageServiceImpl$$EnhancerBySpringCGLIB$$93950bb8.uploadImages(<generated>)
 com.perfectcherry.rs.controller.ImageController.uploadImages(ImageController.java:58)
 com.perfectcherry.rs.controller.ImageController$$FastClassBySpringCGLIB$$ee9bb3bd.invoke(<generated>)
 org.springframework.cglib.proxy.MethodProxy.invoke(MethodProxy.java:218)
 org.springframework.aop.framework.CglibAopProxy$CglibMethodInvocation.invokeJoinpoint(CglibAopProxy.java:771)
 org.springframework.aop.framework.ReflectiveMethodInvocation.proceed(ReflectiveMethodInvocation.java:163)
 org.springframework.aop.framework.CglibAopProxy$CglibMethodInvocation.proceed(CglibAopProxy.java:749)
 org.springframework.security.access.intercept.aopalliance.MethodSecurityInterceptor.invoke(MethodSecurityInterceptor.java:69)
 org.springframework.aop.framework.ReflectiveMethodInvocation.proceed(ReflectiveMethodInvocation.java:186)
 org.springframework.aop.framework.CglibAopProxy$CglibMethodInvocation.proceed(CglibAopProxy.java:749)
 org.springframework.aop.framework.CglibAopProxy$DynamicAdvisedInterceptor.intercept(CglibAopProxy.java:691)
 com.perfectcherry.rs.controller.ImageController$$EnhancerBySpringCGLIB$$14724f5e.uploadImages(<generated>)
 sun.reflect.NativeMethodAccessorImpl.invoke0(Native Method)
 sun.reflect.NativeMethodAccessorImpl.invoke(NativeMethodAccessorImpl.java:62)
 sun.reflect.DelegatingMethodAccessorImpl.invoke(DelegatingMethodAccessorImpl.java:43)
 java.lang.reflect.Method.invoke(Method.java:498)
 org.springframework.web.method.support.InvocableHandlerMethod.doInvoke(InvocableHandlerMethod.java:190)
 org.springframework.web.method.support.InvocableHandlerMethod.invokeForRequest(InvocableHandlerMethod.java:138)
 org.springframework.web.servlet.mvc.method.annotation.ServletInvocableHandlerMethod.invokeAndHandle(ServletInvocableHandlerMethod.java:105)
 org.springframework.web.servlet.mvc.method.annotation.RequestMappingHandlerAdapter.invokeHandlerMethod(RequestMappingHandlerAdapter.java:879)
 org.springframework.web.servlet.mvc.method.annotation.RequestMappingHandlerAdapter.handleInternal(RequestMappingHandlerAdapter.java:793)
 org.springframework.web.servlet.mvc.method.AbstractHandlerMethodAdapter.handle(AbstractHandlerMethodAdapter.java:87)
 org.springframework.web.servlet.DispatcherServlet.doDispatch(DispatcherServlet.java:1040)
 org.springframework.web.servlet.DispatcherServlet.doService(DispatcherServlet.java:943)
 org.springframework.web.servlet.FrameworkServlet.processRequest(FrameworkServlet.java:1006)
 org.springframework.web.servlet.FrameworkServlet.doPost(FrameworkServlet.java:909)
 javax.servlet.http.HttpServlet.service(HttpServlet.java:660)
 org.springframework.web.servlet.FrameworkServlet.service(FrameworkServlet.java:883)
 javax.servlet.http.HttpServlet.service(HttpServlet.java:741)
 org.apache.catalina.core.ApplicationFilterChain.internalDoFilter(ApplicationFilterChain.java:231)
 org.apache.catalina.core.ApplicationFilterChain.doFilter(ApplicationFilterChain.java:166)
 org.apache.tomcat.websocket.server.WsFilter.doFilter(WsFilter.java:53)
 org.apache.catalina.core.ApplicationFilterChain.internalDoFilter(ApplicationFilterChain.java:193)
 org.apache.catalina.core.ApplicationFilterChain.doFilter(ApplicationFilterChain.java:166)
 org.springframework.security.web.FilterChainProxy$VirtualFilterChain.doFilter(FilterChainProxy.java:320)
 org.springframework.security.web.access.intercept.FilterSecurityInterceptor.invoke(FilterSecurityInterceptor.java:126)
 org.springframework.security.web.access.intercept.FilterSecurityInterceptor.doFilter(FilterSecurityInterceptor.java:90)
 org.springframework.security.web.FilterChainProxy$VirtualFilterChain.doFilter(FilterChainProxy.java:334)
 org.springframework.security.web.access.ExceptionTranslationFilter.doFilter(ExceptionTranslationFilter.java:118)
 org.springframework.security.web.FilterChainProxy$VirtualFilterChain.doFilter(FilterChainProxy.java:334)
 org.springframework.security.web.session.SessionManagementFilter.doFilter(SessionManagementFilter.java:137)
 org.springframework.security.web.FilterChainProxy$VirtualFilterChain.doFilter(FilterChainProxy.java:334)
 org.springframework.security.web.authentication.AnonymousAuthenticationFilter.doFilter(AnonymousAuthenticationFilter.java:111)
 org.springframework.security.web.FilterChainProxy$VirtualFilterChain.doFilter(FilterChainProxy.java:334)
 org.springframework.security.web.servletapi.SecurityContextHolderAwareRequestFilter.doFilter(SecurityContextHolderAwareRequestFilter.java:158)
 org.springframework.security.web.FilterChainProxy$VirtualFilterChain.doFilter(FilterChainProxy.java:334)
 org.springframework.security.web.savedrequest.RequestCacheAwareFilter.doFilter(RequestCacheAwareFilter.java:63)
 org.springframework.security.web.FilterChainProxy$VirtualFilterChain.doFilter(FilterChainProxy.java:334)
 org.springframework.security.oauth2.provider.authentication.OAuth2AuthenticationProcessingFilter.doFilter(OAuth2AuthenticationProcessingFilter.java:176)
 org.springframework.security.web.FilterChainProxy$VirtualFilterChain.doFilter(FilterChainProxy.java:334)
 org.springframework.security.web.authentication.logout.LogoutFilter.doFilter(LogoutFilter.java:116)
 org.springframework.security.web.FilterChainProxy$VirtualFilterChain.doFilter(FilterChainProxy.java:334)
 org.springframework.security.web.header.HeaderWriterFilter.doHeadersAfter(HeaderWriterFilter.java:92)
 org.springframework.security.web.header.HeaderWriterFilter.doFilterInternal(HeaderWriterFilter.java:77)
 org.springframework.web.filter.OncePerRequestFilter.doFilter(OncePerRequestFilter.java:119)
 org.springframework.security.web.FilterChainProxy$VirtualFilterChain.doFilter(FilterChainProxy.java:334)
 org.springframework.security.web.context.SecurityContextPersistenceFilter.doFilter(SecurityContextPersistenceFilter.java:105)
 org.springframework.security.web.FilterChainProxy$VirtualFilterChain.doFilter(FilterChainProxy.java:334)
 org.springframework.security.web.context.request.async.WebAsyncManagerIntegrationFilter.doFilterInternal(WebAsyncManagerIntegrationFilter.java:56)
 org.springframework.web.filter.OncePerRequestFilter.doFilter(OncePerRequestFilter.java:119)
 org.springframework.security.web.FilterChainProxy$VirtualFilterChain.doFilter(FilterChainProxy.java:334)
 org.springframework.security.web.FilterChainProxy.doFilterInternal(FilterChainProxy.java:215)
 org.springframework.security.web.FilterChainProxy.doFilter(FilterChainProxy.java:178)
 org.springframework.web.filter.DelegatingFilterProxy.invokeDelegate(DelegatingFilterProxy.java:358)
 org.springframework.web.filter.DelegatingFilterProxy.doFilter(DelegatingFilterProxy.java:271)
 org.apache.catalina.core.ApplicationFilterChain.internalDoFilter(ApplicationFilterChain.java:193)
 org.apache.catalina.core.ApplicationFilterChain.doFilter(ApplicationFilterChain.java:166)
 org.springframework.web.filter.RequestContextFilter.doFilterInternal(RequestContextFilter.java:100)
 org.springframework.web.filter.OncePerRequestFilter.doFilter(OncePerRequestFilter.java:119)
 org.apache.catalina.core.ApplicationFilterChain.internalDoFilter(ApplicationFilterChain.java:193)
 org.apache.catalina.core.ApplicationFilterChain.doFilter(ApplicationFilterChain.java:166)
 org.springframework.web.filter.FormContentFilter.doFilterInternal(FormContentFilter.java:93)
 org.springframework.web.filter.OncePerRequestFilter.doFilter(OncePerRequestFilter.java:119)
 org.apache.catalina.core.ApplicationFilterChain.internalDoFilter(ApplicationFilterChain.java:193)
 org.apache.catalina.core.ApplicationFilterChain.doFilter(ApplicationFilterChain.java:166)
 org.springframework.boot.actuate.metrics.web.servlet.WebMvcMetricsFilter.doFilterInternal(WebMvcMetricsFilter.java:93)
 org.springframework.web.filter.OncePerRequestFilter.doFilter(OncePerRequestFilter.java:119)
 org.apache.catalina.core.ApplicationFilterChain.internalDoFilter(ApplicationFilterChain.java:193)
 org.apache.catalina.core.ApplicationFilterChain.doFilter(ApplicationFilterChain.java:166)
 org.springframework.web.filter.CharacterEncodingFilter.doFilterInternal(CharacterEncodingFilter.java:201)
 org.springframework.web.filter.OncePerRequestFilter.doFilter(OncePerRequestFilter.java:119)
 org.apache.catalina.core.ApplicationFilterChain.internalDoFilter(ApplicationFilterChain.java:193)
 org.apache.catalina.core.ApplicationFilterChain.doFilter(ApplicationFilterChain.java:166)
 org.apache.catalina.core.StandardWrapperValve.invoke(StandardWrapperValve.java:202)
 org.apache.catalina.core.StandardContextValve.invoke(StandardContextValve.java:96)
 org.apache.catalina.authenticator.AuthenticatorBase.invoke(AuthenticatorBase.java:541)
 org.apache.catalina.core.StandardHostValve.invoke(StandardHostValve.java:139)
 org.apache.catalina.valves.ErrorReportValve.invoke(ErrorReportValve.java:92)
 org.apache.catalina.core.StandardEngineValve.invoke(StandardEngineValve.java:74)
 org.apache.catalina.connector.CoyoteAdapter.service(CoyoteAdapter.java:343)
 org.apache.coyote.http11.Http11Processor.service(Http11Processor.java:373)
 org.apache.coyote.AbstractProcessorLight.process(AbstractProcessorLight.java:65)
 org.apache.coyote.AbstractProtocol$ConnectionHandler.process(AbstractProtocol.java:868)
 org.apache.tomcat.util.net.NioEndpoint$SocketProcessor.doRun(NioEndpoint.java:1590)
 org.apache.tomcat.util.net.SocketProcessorBase.run(SocketProcessorBase.java:49)
 java.util.concurrent.ThreadPoolExecutor.runWorker(ThreadPoolExecutor.java:1149)
 java.util.concurrent.ThreadPoolExecutor$Worker.run(ThreadPoolExecutor.java:624)
 org.apache.tomcat.util.threads.TaskThread$WrappingRunnable.run(TaskThread.java:61)
 java.lang.Thread.run(Thread.java:748)]
2020-09-29 13:35:19,912 INFO o.a.j.l.DirectJDKLog [RMI TCP Connection(2)-127.0.0.1] Stopping ProtocolHandler ["http-nio-8080"]
2020-09-29 13:35:24,932 WARN o.a.j.l.DirectJDKLog [RMI TCP Connection(2)-127.0.0.1] The executor associated with thread pool [http-nio-8080] has not fully shutdown. Some application threads may still be running.
2020-09-29 13:35:24,943 INFO o.a.j.l.DirectJDKLog [RMI TCP Connection(2)-127.0.0.1] Destroying ProtocolHandler ["http-nio-8080"]
2020-09-29 13:35:24,967 INFO o.s.o.j.AbstractEntityManagerFactoryBean [RMI TCP Connection(2)-127.0.0.1] Closing JPA EntityManagerFactory for persistence unit 'default'
2020-09-29 13:35:24,978 INFO o.s.s.c.ExecutorConfigurationSupport [RMI TCP Connection(2)-127.0.0.1] Shutting down ExecutorService 'applicationTaskExecutor'
2020-09-29 13:35:24,986 INFO c.z.h.HikariDataSource [RMI TCP Connection(2)-127.0.0.1] HikariPool-1 - Shutdown initiated...
2020-09-29 13:35:25,037 INFO c.z.h.HikariDataSource [RMI TCP Connection(2)-127.0.0.1] HikariPool-1 - Shutdown completed.
