2020-12-26 22:27:59 INFO  The Class-Path manifest attribute in C:\Users\an\.m2\repository\com\sun\xml\bind\jaxb-core\2.3.0.1\jaxb-core-2.3.0.1.jar referenced one or more files that do not exist: file:/C:/Users/an/.m2/repository/com/sun/xml/bind/jaxb-core/2.3.0.1/jaxb-api.jar
2020-12-26 22:27:59 INFO  The Class-Path manifest attribute in C:\Users\an\.m2\repository\com\sun\xml\bind\jaxb-impl\2.3.0.1\jaxb-impl-2.3.0.1.jar referenced one or more files that do not exist: file:/C:/Users/an/.m2/repository/com/sun/xml/bind/jaxb-impl/2.3.0.1/jaxb-core.jar
2020-12-26 22:27:59 INFO  Devtools property defaults active! Set 'spring.devtools.add-properties' to 'false' to disable
2020-12-26 22:28:00 INFO  No active profile set, falling back to default profiles: default
2020-12-26 22:28:03 INFO  Bootstrapping Spring Data JPA repositories in DEFERRED mode.
2020-12-26 22:28:03 INFO  Finished Spring Data repository scanning in 93ms. Found 4 JPA repository interfaces.
2020-12-26 22:28:03 INFO  BeanFactory id=3a2cdd0d-ac7a-3642-98f1-b1f23b35cb11
2020-12-26 22:28:03 INFO  Bean 'org.springframework.security.access.expression.method.DefaultMethodSecurityExpressionHandler@23594cb' of type [org.springframework.security.oauth2.provider.expression.OAuth2MethodSecurityExpressionHandler] is not eligible for getting processed by all BeanPostProcessors (for example: not eligible for auto-proxying)
2020-12-26 22:28:03 INFO  Bean 'methodSecurityMetadataSource' of type [org.springframework.security.access.method.DelegatingMethodSecurityMetadataSource] is not eligible for getting processed by all BeanPostProcessors (for example: not eligible for auto-proxying)
2020-12-26 22:28:04 INFO  Tomcat initialized with port(s): 8080 (http)
2020-12-26 22:28:04 INFO  Initializing ProtocolHandler ["http-nio-8080"]
2020-12-26 22:28:04 INFO  Starting service [Tomcat]
2020-12-26 22:28:04 INFO  Starting Servlet engine: [Apache Tomcat/9.0.36]
2020-12-26 22:28:04 INFO  Initializing Spring embedded WebApplicationContext
2020-12-26 22:28:04 INFO  Root WebApplicationContext: initialization completed in 3414 ms
2020-12-26 22:28:04 INFO  Initializing ExecutorService 'applicationTaskExecutor'
2020-12-26 22:28:04 INFO  HHH000204: Processing PersistenceUnitInfo [name: default]
2020-12-26 22:28:04 INFO  HHH000412: Hibernate ORM core version 5.4.17.Final
2020-12-26 22:28:04 WARN  spring.jpa.open-in-view is enabled by default. Therefore, database queries may be performed during view rendering. Explicitly configure spring.jpa.open-in-view to disable this warning
2020-12-26 22:28:04 INFO  HCANN000001: Hibernate Commons Annotations {5.1.0.Final}
2020-12-26 22:28:04 INFO  HikariPool-1 - Starting...
2020-12-26 22:28:05 INFO  HikariPool-1 - Start completed.
2020-12-26 22:28:05 INFO  HHH000400: Using dialect: org.hibernate.dialect.MySQL5Dialect
2020-12-26 22:28:05 INFO  Creating filter chain: Ant [pattern='/user/create'], []
2020-12-26 22:28:05 INFO  Creating filter chain: Ant [pattern='/user/forgotPassword/**'], []
2020-12-26 22:28:05 INFO  Creating filter chain: Ant [pattern='/user/resetPassword'], []
2020-12-26 22:28:05 INFO  Creating filter chain: Ant [pattern='/'], []
2020-12-26 22:28:05 INFO  Creating filter chain: Ant [pattern='/css/**'], []
2020-12-26 22:28:05 INFO  Creating filter chain: Ant [pattern='/font/**'], []
2020-12-26 22:28:05 INFO  Creating filter chain: Ant [pattern='/fonts/**'], []
2020-12-26 22:28:05 INFO  Creating filter chain: Ant [pattern='/img/**'], []
2020-12-26 22:28:05 INFO  Creating filter chain: Ant [pattern='/js/**'], []
2020-12-26 22:28:05 INFO  Creating filter chain: Ant [pattern='/shop-cart/**'], []
2020-12-26 22:28:05 INFO  Creating filter chain: OrRequestMatcher [requestMatchers=[Ant [pattern='/user/login'], Ant [pattern='/oauth/token_key'], Ant [pattern='/user/check_token']]], [org.springframework.security.web.context.request.async.WebAsyncManagerIntegrationFilter@184e2e3f, org.springframework.security.web.context.SecurityContextPersistenceFilter@3b4cf5f1, org.springframework.security.web.header.HeaderWriterFilter@40805fd1, org.springframework.security.web.authentication.logout.LogoutFilter@4e3e4aee, org.springframework.security.web.authentication.www.BasicAuthenticationFilter@3f6cee86, org.springframework.security.web.savedrequest.RequestCacheAwareFilter@504c74ae, org.springframework.security.web.servletapi.SecurityContextHolderAwareRequestFilter@23ffe6dc, org.springframework.security.web.authentication.AnonymousAuthenticationFilter@57e201eb, org.springframework.security.web.session.SessionManagementFilter@287e3971, org.springframework.security.web.access.ExceptionTranslationFilter@511bd31b, org.springframework.security.web.access.intercept.FilterSecurityInterceptor@47f619c0]
2020-12-26 22:28:05 INFO  Creating filter chain: org.springframework.security.oauth2.config.annotation.web.configuration.ResourceServerConfiguration$NotOAuthRequestMatcher@78d0f965, [org.springframework.security.web.context.request.async.WebAsyncManagerIntegrationFilter@28b6495d, org.springframework.security.web.context.SecurityContextPersistenceFilter@fd2eebc, org.springframework.security.web.header.HeaderWriterFilter@69b2a1b8, org.springframework.security.web.authentication.logout.LogoutFilter@4c7bb5f3, org.springframework.security.oauth2.provider.authentication.OAuth2AuthenticationProcessingFilter@12bc9b67, org.springframework.security.web.savedrequest.RequestCacheAwareFilter@7a1c3d75, org.springframework.security.web.servletapi.SecurityContextHolderAwareRequestFilter@6dffcef, org.springframework.security.web.authentication.AnonymousAuthenticationFilter@42b1f723, org.springframework.security.web.session.SessionManagementFilter@6cd7c3de, org.springframework.security.web.access.ExceptionTranslationFilter@7cf1294a, org.springframework.security.web.access.intercept.FilterSecurityInterceptor@5025e0c5]
2020-12-26 22:28:05 INFO  Creating filter chain: any request, [org.springframework.security.web.context.request.async.WebAsyncManagerIntegrationFilter@478a25a9, org.springframework.security.web.context.SecurityContextPersistenceFilter@4118dfd2, org.springframework.security.web.header.HeaderWriterFilter@66bc805d, org.springframework.security.web.csrf.CsrfFilter@19aafd17, org.springframework.security.web.authentication.logout.LogoutFilter@2f92cc25, org.springframework.security.web.authentication.UsernamePasswordAuthenticationFilter@1bdfbebc, org.springframework.security.web.authentication.ui.DefaultLoginPageGeneratingFilter@3c3a3576, org.springframework.security.web.authentication.ui.DefaultLogoutPageGeneratingFilter@8b5454f, org.springframework.security.web.authentication.www.BasicAuthenticationFilter@617d5dca, org.springframework.security.web.savedrequest.RequestCacheAwareFilter@177075bf, org.springframework.security.web.servletapi.SecurityContextHolderAwareRequestFilter@154ca164, org.springframework.security.web.authentication.AnonymousAuthenticationFilter@6ef930bb, org.springframework.security.web.session.SessionManagementFilter@f14c962, org.springframework.security.web.access.ExceptionTranslationFilter@365c1c42, org.springframework.security.web.access.intercept.FilterSecurityInterceptor@6c74709f]
2020-12-26 22:28:05 INFO  Adding welcome page template: index
2020-12-26 22:28:06 INFO  HHH000490: Using JtaPlatform implementation: [org.hibernate.engine.transaction.jta.platform.internal.NoJtaPlatform]
2020-12-26 22:28:06 INFO  Initialized JPA EntityManagerFactory for persistence unit 'default'
2020-12-26 22:28:06 INFO  LiveReload server is running on port 35729
2020-12-26 22:28:07 INFO  Cannot determine local hostname
2020-12-26 22:28:07 WARN  All Spring Cloud Security modules and starters are deprecated. They will be moved to individual projects in the next major release.
2020-12-26 22:28:07 INFO  Exposing 2 endpoint(s) beneath base path '/actuator'
2020-12-26 22:28:07 INFO  Starting ProtocolHandler ["http-nio-8080"]
2020-12-26 22:28:07 INFO  Tomcat started on port(s): 8080 (http) with context path ''
2020-12-26 22:28:09 INFO  Cannot determine local hostname
2020-12-26 22:28:09 INFO  Triggering deferred initialization of Spring Data repositories…
2020-12-26 22:28:09 INFO  Spring Data repositories initialized!
2020-12-26 22:28:09 INFO  Started PerfectcherryApplication in 12.013 seconds (JVM running for 13.567)
2020-12-26 22:28:25 INFO  Initializing Spring DispatcherServlet 'dispatcherServlet'
2020-12-26 22:28:25 INFO  Initializing Servlet 'dispatcherServlet'
2020-12-26 22:28:25 INFO  Completed initialization in 8 ms
2020-12-26 22:28:25 DEBUG Inside getUserDataById method
2020-12-26 22:28:25 DEBUG Get user data by userID : 2040537900
2020-12-26 22:28:36 DEBUG Inside getUserDataById method
2020-12-26 22:28:52 DEBUG Get user data by userID : 2040537900
2020-12-26 22:31:25 DEBUG Inside getUserDataById method
2020-12-26 22:31:28 DEBUG Get user data by userID : 2012506072
2020-12-26 22:46:03 INFO  Closing JPA EntityManagerFactory for persistence unit 'default'
2020-12-26 22:46:03 INFO  Shutting down ExecutorService 'applicationTaskExecutor'
2020-12-26 22:46:03 INFO  HikariPool-1 - Shutdown initiated...
2020-12-26 22:46:03 INFO  HikariPool-1 - Shutdown completed.
2020-12-26 22:46:06 INFO  No active profile set, falling back to default profiles: default
2020-12-26 22:46:06 INFO  Bootstrapping Spring Data JPA repositories in DEFERRED mode.
2020-12-26 22:46:07 INFO  Finished Spring Data repository scanning in 57ms. Found 4 JPA repository interfaces.
2020-12-26 22:46:07 INFO  BeanFactory id=3a2cdd0d-ac7a-3642-98f1-b1f23b35cb11
2020-12-26 22:46:07 INFO  Bean 'org.springframework.security.access.expression.method.DefaultMethodSecurityExpressionHandler@4fad96c3' of type [org.springframework.security.oauth2.provider.expression.OAuth2MethodSecurityExpressionHandler] is not eligible for getting processed by all BeanPostProcessors (for example: not eligible for auto-proxying)
2020-12-26 22:46:07 INFO  Bean 'methodSecurityMetadataSource' of type [org.springframework.security.access.method.DelegatingMethodSecurityMetadataSource] is not eligible for getting processed by all BeanPostProcessors (for example: not eligible for auto-proxying)
2020-12-26 22:46:07 INFO  Tomcat initialized with port(s): 8080 (http)
2020-12-26 22:46:07 INFO  Initializing ProtocolHandler ["http-nio-8080"]
2020-12-26 22:46:07 INFO  Starting service [Tomcat]
2020-12-26 22:46:07 INFO  Starting Servlet engine: [Apache Tomcat/9.0.36]
2020-12-26 22:46:07 INFO  Initializing Spring embedded WebApplicationContext
2020-12-26 22:46:07 INFO  Root WebApplicationContext: initialization completed in 1176 ms
2020-12-26 22:46:07 INFO  Initializing ExecutorService 'applicationTaskExecutor'
2020-12-26 22:46:07 INFO  HHH000204: Processing PersistenceUnitInfo [name: default]
2020-12-26 22:46:07 INFO  HikariPool-2 - Starting...
2020-12-26 22:46:07 INFO  HikariPool-2 - Start completed.
2020-12-26 22:46:07 INFO  HHH000400: Using dialect: org.hibernate.dialect.MySQL5Dialect
2020-12-26 22:46:07 WARN  spring.jpa.open-in-view is enabled by default. Therefore, database queries may be performed during view rendering. Explicitly configure spring.jpa.open-in-view to disable this warning
2020-12-26 22:46:07 INFO  Creating filter chain: Ant [pattern='/user/create'], []
2020-12-26 22:46:07 INFO  Creating filter chain: Ant [pattern='/user/forgotPassword/**'], []
2020-12-26 22:46:07 INFO  Creating filter chain: Ant [pattern='/user/resetPassword'], []
2020-12-26 22:46:07 INFO  Creating filter chain: Ant [pattern='/'], []
2020-12-26 22:46:07 INFO  Creating filter chain: Ant [pattern='/css/**'], []
2020-12-26 22:46:07 INFO  Creating filter chain: Ant [pattern='/font/**'], []
2020-12-26 22:46:07 INFO  Creating filter chain: Ant [pattern='/fonts/**'], []
2020-12-26 22:46:07 INFO  Creating filter chain: Ant [pattern='/img/**'], []
2020-12-26 22:46:07 INFO  Creating filter chain: Ant [pattern='/js/**'], []
2020-12-26 22:46:07 INFO  Creating filter chain: Ant [pattern='/shop-cart/**'], []
2020-12-26 22:46:07 INFO  Creating filter chain: OrRequestMatcher [requestMatchers=[Ant [pattern='/user/login'], Ant [pattern='/oauth/token_key'], Ant [pattern='/user/check_token']]], [org.springframework.security.web.context.request.async.WebAsyncManagerIntegrationFilter@263c8889, org.springframework.security.web.context.SecurityContextPersistenceFilter@42c523e2, org.springframework.security.web.header.HeaderWriterFilter@624ea27b, org.springframework.security.web.authentication.logout.LogoutFilter@4db047df, org.springframework.security.web.authentication.www.BasicAuthenticationFilter@43230b6b, org.springframework.security.web.savedrequest.RequestCacheAwareFilter@872ff61, org.springframework.security.web.servletapi.SecurityContextHolderAwareRequestFilter@1f38c96e, org.springframework.security.web.authentication.AnonymousAuthenticationFilter@33379fe5, org.springframework.security.web.session.SessionManagementFilter@13c548b7, org.springframework.security.web.access.ExceptionTranslationFilter@7bb63972, org.springframework.security.web.access.intercept.FilterSecurityInterceptor@601033c4]
2020-12-26 22:46:07 INFO  Creating filter chain: org.springframework.security.oauth2.config.annotation.web.configuration.ResourceServerConfiguration$NotOAuthRequestMatcher@52a5d4ca, [org.springframework.security.web.context.request.async.WebAsyncManagerIntegrationFilter@52171704, org.springframework.security.web.context.SecurityContextPersistenceFilter@1103cda6, org.springframework.security.web.header.HeaderWriterFilter@4108ce74, org.springframework.security.web.authentication.logout.LogoutFilter@3b3d860b, org.springframework.security.oauth2.provider.authentication.OAuth2AuthenticationProcessingFilter@1c149b64, org.springframework.security.web.savedrequest.RequestCacheAwareFilter@70c5f173, org.springframework.security.web.servletapi.SecurityContextHolderAwareRequestFilter@7739ea71, org.springframework.security.web.authentication.AnonymousAuthenticationFilter@4d00137c, org.springframework.security.web.session.SessionManagementFilter@32ae210c, org.springframework.security.web.access.ExceptionTranslationFilter@66cf96c, org.springframework.security.web.access.intercept.FilterSecurityInterceptor@6a52ad5f]
2020-12-26 22:46:07 INFO  Creating filter chain: any request, [org.springframework.security.web.context.request.async.WebAsyncManagerIntegrationFilter@44474865, org.springframework.security.web.context.SecurityContextPersistenceFilter@115cc3da, org.springframework.security.web.header.HeaderWriterFilter@3958980a, org.springframework.security.web.csrf.CsrfFilter@2e362efa, org.springframework.security.web.authentication.logout.LogoutFilter@590ebc68, org.springframework.security.web.authentication.UsernamePasswordAuthenticationFilter@b0a4863, org.springframework.security.web.authentication.ui.DefaultLoginPageGeneratingFilter@55fbf233, org.springframework.security.web.authentication.ui.DefaultLogoutPageGeneratingFilter@2ae1f625, org.springframework.security.web.authentication.www.BasicAuthenticationFilter@ea0c62e, org.springframework.security.web.savedrequest.RequestCacheAwareFilter@35e9da5e, org.springframework.security.web.servletapi.SecurityContextHolderAwareRequestFilter@488c9c21, org.springframework.security.web.authentication.AnonymousAuthenticationFilter@73f1fa4a, org.springframework.security.web.session.SessionManagementFilter@e827d0e, org.springframework.security.web.access.ExceptionTranslationFilter@25003235, org.springframework.security.web.access.intercept.FilterSecurityInterceptor@43d5ea6]
2020-12-26 22:46:07 INFO  Adding welcome page template: index
2020-12-26 22:46:08 INFO  HHH000490: Using JtaPlatform implementation: [org.hibernate.engine.transaction.jta.platform.internal.NoJtaPlatform]
2020-12-26 22:46:08 INFO  Initialized JPA EntityManagerFactory for persistence unit 'default'
2020-12-26 22:46:08 INFO  LiveReload server is running on port 35729
2020-12-26 22:46:09 INFO  Cannot determine local hostname
2020-12-26 22:46:09 WARN  All Spring Cloud Security modules and starters are deprecated. They will be moved to individual projects in the next major release.
2020-12-26 22:46:09 INFO  Exposing 2 endpoint(s) beneath base path '/actuator'
2020-12-26 22:46:09 INFO  Starting ProtocolHandler ["http-nio-8080"]
2020-12-26 22:46:09 INFO  Tomcat started on port(s): 8080 (http) with context path ''
2020-12-26 22:46:10 INFO  Cannot determine local hostname
2020-12-26 22:46:10 INFO  Triggering deferred initialization of Spring Data repositories…
2020-12-26 22:46:11 INFO  Spring Data repositories initialized!
2020-12-26 22:46:11 INFO  Started PerfectcherryApplication in 7.923 seconds (JVM running for 1095.025)
2020-12-26 22:46:11 INFO  Condition evaluation unchanged
2020-12-26 22:47:41 INFO  Closing JPA EntityManagerFactory for persistence unit 'default'
2020-12-26 22:47:41 INFO  Shutting down ExecutorService 'applicationTaskExecutor'
2020-12-26 22:47:41 INFO  HikariPool-2 - Shutdown initiated...
2020-12-26 22:47:41 INFO  HikariPool-2 - Shutdown completed.
2020-12-26 22:47:44 INFO  No active profile set, falling back to default profiles: default
2020-12-26 22:47:45 INFO  Bootstrapping Spring Data JPA repositories in DEFERRED mode.
2020-12-26 22:47:45 INFO  Finished Spring Data repository scanning in 58ms. Found 4 JPA repository interfaces.
2020-12-26 22:47:45 INFO  BeanFactory id=3a2cdd0d-ac7a-3642-98f1-b1f23b35cb11
2020-12-26 22:47:45 INFO  Bean 'org.springframework.security.access.expression.method.DefaultMethodSecurityExpressionHandler@19ec7fa8' of type [org.springframework.security.oauth2.provider.expression.OAuth2MethodSecurityExpressionHandler] is not eligible for getting processed by all BeanPostProcessors (for example: not eligible for auto-proxying)
2020-12-26 22:47:45 INFO  Bean 'methodSecurityMetadataSource' of type [org.springframework.security.access.method.DelegatingMethodSecurityMetadataSource] is not eligible for getting processed by all BeanPostProcessors (for example: not eligible for auto-proxying)
2020-12-26 22:47:45 INFO  Tomcat initialized with port(s): 8080 (http)
2020-12-26 22:47:45 INFO  Initializing ProtocolHandler ["http-nio-8080"]
2020-12-26 22:47:45 INFO  Starting service [Tomcat]
2020-12-26 22:47:45 INFO  Starting Servlet engine: [Apache Tomcat/9.0.36]
2020-12-26 22:47:45 INFO  Initializing Spring embedded WebApplicationContext
2020-12-26 22:47:45 INFO  Root WebApplicationContext: initialization completed in 1033 ms
2020-12-26 22:47:45 INFO  Initializing ExecutorService 'applicationTaskExecutor'
2020-12-26 22:47:45 INFO  HHH000204: Processing PersistenceUnitInfo [name: default]
2020-12-26 22:47:45 INFO  HikariPool-3 - Starting...
2020-12-26 22:47:45 INFO  HikariPool-3 - Start completed.
2020-12-26 22:47:45 INFO  HHH000400: Using dialect: org.hibernate.dialect.MySQL5Dialect
2020-12-26 22:47:45 WARN  spring.jpa.open-in-view is enabled by default. Therefore, database queries may be performed during view rendering. Explicitly configure spring.jpa.open-in-view to disable this warning
2020-12-26 22:47:45 INFO  Creating filter chain: Ant [pattern='/user/create'], []
2020-12-26 22:47:45 INFO  Creating filter chain: Ant [pattern='/user/forgotPassword/**'], []
2020-12-26 22:47:45 INFO  Creating filter chain: Ant [pattern='/user/resetPassword'], []
2020-12-26 22:47:45 INFO  Creating filter chain: Ant [pattern='/'], []
2020-12-26 22:47:45 INFO  Creating filter chain: Ant [pattern='/css/**'], []
2020-12-26 22:47:45 INFO  Creating filter chain: Ant [pattern='/font/**'], []
2020-12-26 22:47:45 INFO  Creating filter chain: Ant [pattern='/fonts/**'], []
2020-12-26 22:47:45 INFO  Creating filter chain: Ant [pattern='/img/**'], []
2020-12-26 22:47:45 INFO  Creating filter chain: Ant [pattern='/js/**'], []
2020-12-26 22:47:45 INFO  Creating filter chain: Ant [pattern='/shop-cart/**'], []
2020-12-26 22:47:45 INFO  Creating filter chain: OrRequestMatcher [requestMatchers=[Ant [pattern='/user/login'], Ant [pattern='/oauth/token_key'], Ant [pattern='/user/check_token']]], [org.springframework.security.web.context.request.async.WebAsyncManagerIntegrationFilter@48606f74, org.springframework.security.web.context.SecurityContextPersistenceFilter@1fe5bc67, org.springframework.security.web.header.HeaderWriterFilter@37ebefc0, org.springframework.security.web.authentication.logout.LogoutFilter@1a498952, org.springframework.security.web.authentication.www.BasicAuthenticationFilter@1bcdb00b, org.springframework.security.web.savedrequest.RequestCacheAwareFilter@10490856, org.springframework.security.web.servletapi.SecurityContextHolderAwareRequestFilter@78347070, org.springframework.security.web.authentication.AnonymousAuthenticationFilter@3e82cdea, org.springframework.security.web.session.SessionManagementFilter@33dc78a0, org.springframework.security.web.access.ExceptionTranslationFilter@141cc49, org.springframework.security.web.access.intercept.FilterSecurityInterceptor@3640d548]
2020-12-26 22:47:45 INFO  Creating filter chain: org.springframework.security.oauth2.config.annotation.web.configuration.ResourceServerConfiguration$NotOAuthRequestMatcher@631b6cfa, [org.springframework.security.web.context.request.async.WebAsyncManagerIntegrationFilter@4c0de4cf, org.springframework.security.web.context.SecurityContextPersistenceFilter@31529fb2, org.springframework.security.web.header.HeaderWriterFilter@1d0a2728, org.springframework.security.web.authentication.logout.LogoutFilter@6f94d7de, org.springframework.security.oauth2.provider.authentication.OAuth2AuthenticationProcessingFilter@1bd91d29, org.springframework.security.web.savedrequest.RequestCacheAwareFilter@3bc5df91, org.springframework.security.web.servletapi.SecurityContextHolderAwareRequestFilter@77ba8ca6, org.springframework.security.web.authentication.AnonymousAuthenticationFilter@6eabbf06, org.springframework.security.web.session.SessionManagementFilter@33b1c514, org.springframework.security.web.access.ExceptionTranslationFilter@30c75b42, org.springframework.security.web.access.intercept.FilterSecurityInterceptor@30f80f99]
2020-12-26 22:47:45 INFO  Creating filter chain: any request, [org.springframework.security.web.context.request.async.WebAsyncManagerIntegrationFilter@13acb0ce, org.springframework.security.web.context.SecurityContextPersistenceFilter@3ea11c32, org.springframework.security.web.header.HeaderWriterFilter@6b679d6c, org.springframework.security.web.csrf.CsrfFilter@4690746c, org.springframework.security.web.authentication.logout.LogoutFilter@4818ace5, org.springframework.security.web.authentication.UsernamePasswordAuthenticationFilter@752c3a7c, org.springframework.security.web.authentication.ui.DefaultLoginPageGeneratingFilter@65224a3d, org.springframework.security.web.authentication.ui.DefaultLogoutPageGeneratingFilter@19911429, org.springframework.security.web.authentication.www.BasicAuthenticationFilter@37d1053, org.springframework.security.web.savedrequest.RequestCacheAwareFilter@70cd6353, org.springframework.security.web.servletapi.SecurityContextHolderAwareRequestFilter@27160cdb, org.springframework.security.web.authentication.AnonymousAuthenticationFilter@dfa22bd, org.springframework.security.web.session.SessionManagementFilter@7b572420, org.springframework.security.web.access.ExceptionTranslationFilter@43b1a26f, org.springframework.security.web.access.intercept.FilterSecurityInterceptor@52fb0983]
2020-12-26 22:47:45 INFO  Adding welcome page template: index
2020-12-26 22:47:46 INFO  HHH000490: Using JtaPlatform implementation: [org.hibernate.engine.transaction.jta.platform.internal.NoJtaPlatform]
2020-12-26 22:47:46 INFO  Initialized JPA EntityManagerFactory for persistence unit 'default'
2020-12-26 22:47:46 INFO  LiveReload server is running on port 35729
2020-12-26 22:47:47 INFO  Cannot determine local hostname
2020-12-26 22:47:47 WARN  All Spring Cloud Security modules and starters are deprecated. They will be moved to individual projects in the next major release.
2020-12-26 22:47:47 INFO  Exposing 2 endpoint(s) beneath base path '/actuator'
2020-12-26 22:47:47 INFO  Starting ProtocolHandler ["http-nio-8080"]
2020-12-26 22:47:47 INFO  Tomcat started on port(s): 8080 (http) with context path ''
2020-12-26 22:47:49 INFO  Cannot determine local hostname
2020-12-26 22:47:49 INFO  Triggering deferred initialization of Spring Data repositories…
2020-12-26 22:47:49 INFO  Spring Data repositories initialized!
2020-12-26 22:47:49 INFO  Started PerfectcherryApplication in 7.781 seconds (JVM running for 1193.212)
2020-12-26 22:47:49 INFO  Condition evaluation unchanged
2020-12-26 22:47:56 INFO  Closing JPA EntityManagerFactory for persistence unit 'default'
2020-12-26 22:47:56 INFO  Shutting down ExecutorService 'applicationTaskExecutor'
2020-12-26 22:47:56 INFO  HikariPool-3 - Shutdown initiated...
2020-12-26 22:47:56 INFO  HikariPool-3 - Shutdown completed.
2020-12-26 22:47:59 INFO  No active profile set, falling back to default profiles: default
2020-12-26 22:48:00 INFO  Bootstrapping Spring Data JPA repositories in DEFERRED mode.
2020-12-26 22:48:00 INFO  Finished Spring Data repository scanning in 60ms. Found 4 JPA repository interfaces.
2020-12-26 22:48:00 INFO  BeanFactory id=3a2cdd0d-ac7a-3642-98f1-b1f23b35cb11
2020-12-26 22:48:00 INFO  Bean 'org.springframework.security.access.expression.method.DefaultMethodSecurityExpressionHandler@3b039c3f' of type [org.springframework.security.oauth2.provider.expression.OAuth2MethodSecurityExpressionHandler] is not eligible for getting processed by all BeanPostProcessors (for example: not eligible for auto-proxying)
2020-12-26 22:48:00 INFO  Bean 'methodSecurityMetadataSource' of type [org.springframework.security.access.method.DelegatingMethodSecurityMetadataSource] is not eligible for getting processed by all BeanPostProcessors (for example: not eligible for auto-proxying)
2020-12-26 22:48:00 INFO  Tomcat initialized with port(s): 8080 (http)
2020-12-26 22:48:00 INFO  Initializing ProtocolHandler ["http-nio-8080"]
2020-12-26 22:48:00 INFO  Starting service [Tomcat]
2020-12-26 22:48:00 INFO  Starting Servlet engine: [Apache Tomcat/9.0.36]
2020-12-26 22:48:01 INFO  Initializing Spring embedded WebApplicationContext
2020-12-26 22:48:01 INFO  Root WebApplicationContext: initialization completed in 1111 ms
2020-12-26 22:48:01 INFO  Initializing ExecutorService 'applicationTaskExecutor'
2020-12-26 22:48:01 INFO  HHH000204: Processing PersistenceUnitInfo [name: default]
2020-12-26 22:48:01 INFO  HikariPool-4 - Starting...
2020-12-26 22:48:01 INFO  HikariPool-4 - Start completed.
2020-12-26 22:48:01 INFO  HHH000400: Using dialect: org.hibernate.dialect.MySQL5Dialect
2020-12-26 22:48:01 WARN  spring.jpa.open-in-view is enabled by default. Therefore, database queries may be performed during view rendering. Explicitly configure spring.jpa.open-in-view to disable this warning
2020-12-26 22:48:01 INFO  Creating filter chain: Ant [pattern='/user/create'], []
2020-12-26 22:48:01 INFO  Creating filter chain: Ant [pattern='/user/forgotPassword/**'], []
2020-12-26 22:48:01 INFO  Creating filter chain: Ant [pattern='/user/resetPassword'], []
2020-12-26 22:48:01 INFO  Creating filter chain: Ant [pattern='/'], []
2020-12-26 22:48:01 INFO  Creating filter chain: Ant [pattern='/css/**'], []
2020-12-26 22:48:01 INFO  Creating filter chain: Ant [pattern='/font/**'], []
2020-12-26 22:48:01 INFO  Creating filter chain: Ant [pattern='/fonts/**'], []
2020-12-26 22:48:01 INFO  Creating filter chain: Ant [pattern='/img/**'], []
2020-12-26 22:48:01 INFO  Creating filter chain: Ant [pattern='/js/**'], []
2020-12-26 22:48:01 INFO  Creating filter chain: Ant [pattern='/shop-cart/**'], []
2020-12-26 22:48:01 INFO  Creating filter chain: OrRequestMatcher [requestMatchers=[Ant [pattern='/user/login'], Ant [pattern='/oauth/token_key'], Ant [pattern='/user/check_token']]], [org.springframework.security.web.context.request.async.WebAsyncManagerIntegrationFilter@45bcac95, org.springframework.security.web.context.SecurityContextPersistenceFilter@52e01cc8, org.springframework.security.web.header.HeaderWriterFilter@5bfe4d6c, org.springframework.security.web.authentication.logout.LogoutFilter@76ee4931, org.springframework.security.web.authentication.www.BasicAuthenticationFilter@3211bb31, org.springframework.security.web.savedrequest.RequestCacheAwareFilter@4f17312c, org.springframework.security.web.servletapi.SecurityContextHolderAwareRequestFilter@66ab808f, org.springframework.security.web.authentication.AnonymousAuthenticationFilter@30bb9e9e, org.springframework.security.web.session.SessionManagementFilter@7496d8a0, org.springframework.security.web.access.ExceptionTranslationFilter@36c575e5, org.springframework.security.web.access.intercept.FilterSecurityInterceptor@5af9742b]
2020-12-26 22:48:01 INFO  Creating filter chain: org.springframework.security.oauth2.config.annotation.web.configuration.ResourceServerConfiguration$NotOAuthRequestMatcher@4d3d50c4, [org.springframework.security.web.context.request.async.WebAsyncManagerIntegrationFilter@78714787, org.springframework.security.web.context.SecurityContextPersistenceFilter@348e57f2, org.springframework.security.web.header.HeaderWriterFilter@21ab9d6, org.springframework.security.web.authentication.logout.LogoutFilter@6e65b785, org.springframework.security.oauth2.provider.authentication.OAuth2AuthenticationProcessingFilter@729cc5f6, org.springframework.security.web.savedrequest.RequestCacheAwareFilter@6562c96d, org.springframework.security.web.servletapi.SecurityContextHolderAwareRequestFilter@3261181e, org.springframework.security.web.authentication.AnonymousAuthenticationFilter@44afb675, org.springframework.security.web.session.SessionManagementFilter@27b7bbd3, org.springframework.security.web.access.ExceptionTranslationFilter@52506dbb, org.springframework.security.web.access.intercept.FilterSecurityInterceptor@599a8d74]
2020-12-26 22:48:01 INFO  Creating filter chain: any request, [org.springframework.security.web.context.request.async.WebAsyncManagerIntegrationFilter@5fbe3b9c, org.springframework.security.web.context.SecurityContextPersistenceFilter@320f0037, org.springframework.security.web.header.HeaderWriterFilter@14fc57f7, org.springframework.security.web.csrf.CsrfFilter@dace58b, org.springframework.security.web.authentication.logout.LogoutFilter@370c1220, org.springframework.security.web.authentication.UsernamePasswordAuthenticationFilter@1fcbde3a, org.springframework.security.web.authentication.ui.DefaultLoginPageGeneratingFilter@372eeb78, org.springframework.security.web.authentication.ui.DefaultLogoutPageGeneratingFilter@7744ae35, org.springframework.security.web.authentication.www.BasicAuthenticationFilter@743d2f26, org.springframework.security.web.savedrequest.RequestCacheAwareFilter@303f5275, org.springframework.security.web.servletapi.SecurityContextHolderAwareRequestFilter@460ae86a, org.springframework.security.web.authentication.AnonymousAuthenticationFilter@36bf94e9, org.springframework.security.web.session.SessionManagementFilter@58e5261d, org.springframework.security.web.access.ExceptionTranslationFilter@cc1de75, org.springframework.security.web.access.intercept.FilterSecurityInterceptor@1e36cc82]
2020-12-26 22:48:01 INFO  Adding welcome page template: index
2020-12-26 22:48:01 INFO  HHH000490: Using JtaPlatform implementation: [org.hibernate.engine.transaction.jta.platform.internal.NoJtaPlatform]
2020-12-26 22:48:01 INFO  Initialized JPA EntityManagerFactory for persistence unit 'default'
2020-12-26 22:48:01 INFO  LiveReload server is running on port 35729
2020-12-26 22:48:03 INFO  Cannot determine local hostname
2020-12-26 22:48:03 WARN  All Spring Cloud Security modules and starters are deprecated. They will be moved to individual projects in the next major release.
2020-12-26 22:48:03 INFO  Exposing 2 endpoint(s) beneath base path '/actuator'
2020-12-26 22:48:03 INFO  Starting ProtocolHandler ["http-nio-8080"]
2020-12-26 22:48:03 INFO  Tomcat started on port(s): 8080 (http) with context path ''
2020-12-26 22:48:04 INFO  Cannot determine local hostname
2020-12-26 22:48:04 INFO  Triggering deferred initialization of Spring Data repositories…
2020-12-26 22:48:04 INFO  Spring Data repositories initialized!
2020-12-26 22:48:04 INFO  Started PerfectcherryApplication in 7.779 seconds (JVM running for 1208.773)
2020-12-26 22:48:04 INFO  Condition evaluation unchanged
2020-12-26 22:49:29 INFO  Closing JPA EntityManagerFactory for persistence unit 'default'
2020-12-26 22:49:29 INFO  Shutting down ExecutorService 'applicationTaskExecutor'
2020-12-26 22:49:29 INFO  HikariPool-4 - Shutdown initiated...
2020-12-26 22:49:29 INFO  HikariPool-4 - Shutdown completed.
2020-12-26 22:49:32 INFO  No active profile set, falling back to default profiles: default
2020-12-26 22:49:33 INFO  Bootstrapping Spring Data JPA repositories in DEFERRED mode.
2020-12-26 22:49:33 INFO  Finished Spring Data repository scanning in 64ms. Found 4 JPA repository interfaces.
2020-12-26 22:49:33 INFO  BeanFactory id=3a2cdd0d-ac7a-3642-98f1-b1f23b35cb11
2020-12-26 22:49:33 INFO  Bean 'org.springframework.security.access.expression.method.DefaultMethodSecurityExpressionHandler@24dff825' of type [org.springframework.security.oauth2.provider.expression.OAuth2MethodSecurityExpressionHandler] is not eligible for getting processed by all BeanPostProcessors (for example: not eligible for auto-proxying)
2020-12-26 22:49:33 INFO  Bean 'methodSecurityMetadataSource' of type [org.springframework.security.access.method.DelegatingMethodSecurityMetadataSource] is not eligible for getting processed by all BeanPostProcessors (for example: not eligible for auto-proxying)
2020-12-26 22:49:33 INFO  Tomcat initialized with port(s): 8080 (http)
2020-12-26 22:49:33 INFO  Initializing ProtocolHandler ["http-nio-8080"]
2020-12-26 22:49:33 INFO  Starting service [Tomcat]
2020-12-26 22:49:33 INFO  Starting Servlet engine: [Apache Tomcat/9.0.36]
2020-12-26 22:49:33 INFO  Initializing Spring embedded WebApplicationContext
2020-12-26 22:49:33 INFO  Root WebApplicationContext: initialization completed in 1074 ms
2020-12-26 22:49:33 INFO  Initializing ExecutorService 'applicationTaskExecutor'
2020-12-26 22:49:33 INFO  HHH000204: Processing PersistenceUnitInfo [name: default]
2020-12-26 22:49:33 INFO  HikariPool-5 - Starting...
2020-12-26 22:49:33 INFO  HikariPool-5 - Start completed.
2020-12-26 22:49:33 INFO  HHH000400: Using dialect: org.hibernate.dialect.MySQL5Dialect
2020-12-26 22:49:33 WARN  spring.jpa.open-in-view is enabled by default. Therefore, database queries may be performed during view rendering. Explicitly configure spring.jpa.open-in-view to disable this warning
2020-12-26 22:49:34 INFO  Creating filter chain: Ant [pattern='/user/create'], []
2020-12-26 22:49:34 INFO  Creating filter chain: Ant [pattern='/user/forgotPassword/**'], []
2020-12-26 22:49:34 INFO  Creating filter chain: Ant [pattern='/user/resetPassword'], []
2020-12-26 22:49:34 INFO  Creating filter chain: Ant [pattern='/'], []
2020-12-26 22:49:34 INFO  Creating filter chain: Ant [pattern='/css/**'], []
2020-12-26 22:49:34 INFO  Creating filter chain: Ant [pattern='/font/**'], []
2020-12-26 22:49:34 INFO  Creating filter chain: Ant [pattern='/fonts/**'], []
2020-12-26 22:49:34 INFO  Creating filter chain: Ant [pattern='/img/**'], []
2020-12-26 22:49:34 INFO  Creating filter chain: Ant [pattern='/js/**'], []
2020-12-26 22:49:34 INFO  Creating filter chain: Ant [pattern='/shop-cart/**'], []
2020-12-26 22:49:34 INFO  Creating filter chain: OrRequestMatcher [requestMatchers=[Ant [pattern='/user/login'], Ant [pattern='/oauth/token_key'], Ant [pattern='/user/check_token']]], [org.springframework.security.web.context.request.async.WebAsyncManagerIntegrationFilter@390b34a5, org.springframework.security.web.context.SecurityContextPersistenceFilter@6ae3eb71, org.springframework.security.web.header.HeaderWriterFilter@671c84f4, org.springframework.security.web.authentication.logout.LogoutFilter@470843d1, org.springframework.security.web.authentication.www.BasicAuthenticationFilter@1ec48ad0, org.springframework.security.web.savedrequest.RequestCacheAwareFilter@76d834b3, org.springframework.security.web.servletapi.SecurityContextHolderAwareRequestFilter@756035b8, org.springframework.security.web.authentication.AnonymousAuthenticationFilter@4579a2c6, org.springframework.security.web.session.SessionManagementFilter@7580758, org.springframework.security.web.access.ExceptionTranslationFilter@7dcc3d7b, org.springframework.security.web.access.intercept.FilterSecurityInterceptor@22f19c3d]
2020-12-26 22:49:34 INFO  Creating filter chain: org.springframework.security.oauth2.config.annotation.web.configuration.ResourceServerConfiguration$NotOAuthRequestMatcher@5c80455, [org.springframework.security.web.context.request.async.WebAsyncManagerIntegrationFilter@ea0baf, org.springframework.security.web.context.SecurityContextPersistenceFilter@3769a377, org.springframework.security.web.header.HeaderWriterFilter@793ae05f, org.springframework.security.web.authentication.logout.LogoutFilter@e17f223, org.springframework.security.oauth2.provider.authentication.OAuth2AuthenticationProcessingFilter@7b2b62eb, org.springframework.security.web.savedrequest.RequestCacheAwareFilter@1868e10d, org.springframework.security.web.servletapi.SecurityContextHolderAwareRequestFilter@367ed247, org.springframework.security.web.authentication.AnonymousAuthenticationFilter@3c7d29db, org.springframework.security.web.session.SessionManagementFilter@70b642b6, org.springframework.security.web.access.ExceptionTranslationFilter@47bd027d, org.springframework.security.web.access.intercept.FilterSecurityInterceptor@25d4063e]
2020-12-26 22:49:34 INFO  Creating filter chain: any request, [org.springframework.security.web.context.request.async.WebAsyncManagerIntegrationFilter@6f486d84, org.springframework.security.web.context.SecurityContextPersistenceFilter@7911c499, org.springframework.security.web.header.HeaderWriterFilter@7abafe9d, org.springframework.security.web.csrf.CsrfFilter@1ea245db, org.springframework.security.web.authentication.logout.LogoutFilter@f76fe0c, org.springframework.security.web.authentication.UsernamePasswordAuthenticationFilter@325c9a2e, org.springframework.security.web.authentication.ui.DefaultLoginPageGeneratingFilter@1ef764f2, org.springframework.security.web.authentication.ui.DefaultLogoutPageGeneratingFilter@44a85e59, org.springframework.security.web.authentication.www.BasicAuthenticationFilter@ca217a2, org.springframework.security.web.savedrequest.RequestCacheAwareFilter@4825c00b, org.springframework.security.web.servletapi.SecurityContextHolderAwareRequestFilter@65469184, org.springframework.security.web.authentication.AnonymousAuthenticationFilter@12f32108, org.springframework.security.web.session.SessionManagementFilter@7591db6d, org.springframework.security.web.access.ExceptionTranslationFilter@36f0febe, org.springframework.security.web.access.intercept.FilterSecurityInterceptor@a56dd1]
2020-12-26 22:49:34 INFO  Adding welcome page template: index
2020-12-26 22:49:34 INFO  HHH000490: Using JtaPlatform implementation: [org.hibernate.engine.transaction.jta.platform.internal.NoJtaPlatform]
2020-12-26 22:49:34 INFO  Initialized JPA EntityManagerFactory for persistence unit 'default'
2020-12-26 22:49:34 INFO  LiveReload server is running on port 35729
2020-12-26 22:49:35 INFO  Cannot determine local hostname
2020-12-26 22:49:35 WARN  All Spring Cloud Security modules and starters are deprecated. They will be moved to individual projects in the next major release.
2020-12-26 22:49:35 INFO  Exposing 2 endpoint(s) beneath base path '/actuator'
2020-12-26 22:49:36 INFO  Starting ProtocolHandler ["http-nio-8080"]
2020-12-26 22:49:36 INFO  Tomcat started on port(s): 8080 (http) with context path ''
2020-12-26 22:49:37 INFO  Cannot determine local hostname
2020-12-26 22:49:37 INFO  Triggering deferred initialization of Spring Data repositories…
2020-12-26 22:49:37 INFO  Spring Data repositories initialized!
2020-12-26 22:49:37 INFO  Started PerfectcherryApplication in 7.776 seconds (JVM running for 1301.504)
2020-12-26 22:49:37 INFO  Condition evaluation unchanged
2020-12-26 22:49:46 INFO  Initializing Spring DispatcherServlet 'dispatcherServlet'
2020-12-26 22:49:46 INFO  Initializing Servlet 'dispatcherServlet'
2020-12-26 22:49:46 INFO  Completed initialization in 4 ms
2020-12-26 22:49:46 DEBUG Inside getUserDataById method
2020-12-26 22:49:46 DEBUG Get user data by userID : 2012506072
2020-12-26 22:50:04 DEBUG Inside getAllUserDataById method
2020-12-26 22:50:04 DEBUG Get all user data by userID : 2040537900
2020-12-26 23:36:08 INFO  Closing JPA EntityManagerFactory for persistence unit 'default'
2020-12-26 23:36:08 INFO  Shutting down ExecutorService 'applicationTaskExecutor'
2020-12-26 23:36:08 INFO  HikariPool-5 - Shutdown initiated...
2020-12-26 23:36:08 INFO  HikariPool-5 - Shutdown completed.
2020-12-26 23:36:11 INFO  No active profile set, falling back to default profiles: default
2020-12-26 23:36:12 INFO  Bootstrapping Spring Data JPA repositories in DEFERRED mode.
2020-12-26 23:36:12 INFO  Finished Spring Data repository scanning in 56ms. Found 4 JPA repository interfaces.
2020-12-26 23:36:12 INFO  BeanFactory id=3a2cdd0d-ac7a-3642-98f1-b1f23b35cb11
2020-12-26 23:36:12 INFO  Bean 'org.springframework.security.access.expression.method.DefaultMethodSecurityExpressionHandler@7b78be21' of type [org.springframework.security.oauth2.provider.expression.OAuth2MethodSecurityExpressionHandler] is not eligible for getting processed by all BeanPostProcessors (for example: not eligible for auto-proxying)
2020-12-26 23:36:12 INFO  Bean 'methodSecurityMetadataSource' of type [org.springframework.security.access.method.DelegatingMethodSecurityMetadataSource] is not eligible for getting processed by all BeanPostProcessors (for example: not eligible for auto-proxying)
2020-12-26 23:36:12 INFO  Tomcat initialized with port(s): 8080 (http)
2020-12-26 23:36:12 INFO  Initializing ProtocolHandler ["http-nio-8080"]
2020-12-26 23:36:12 INFO  Starting service [Tomcat]
2020-12-26 23:36:12 INFO  Starting Servlet engine: [Apache Tomcat/9.0.36]
2020-12-26 23:36:12 INFO  Initializing Spring embedded WebApplicationContext
2020-12-26 23:36:12 INFO  Root WebApplicationContext: initialization completed in 1094 ms
2020-12-26 23:36:12 INFO  Initializing ExecutorService 'applicationTaskExecutor'
2020-12-26 23:36:12 INFO  HHH000204: Processing PersistenceUnitInfo [name: default]
2020-12-26 23:36:12 INFO  HikariPool-6 - Starting...
2020-12-26 23:36:12 INFO  HikariPool-6 - Start completed.
2020-12-26 23:36:12 INFO  HHH000400: Using dialect: org.hibernate.dialect.MySQL5Dialect
2020-12-26 23:36:12 WARN  spring.jpa.open-in-view is enabled by default. Therefore, database queries may be performed during view rendering. Explicitly configure spring.jpa.open-in-view to disable this warning
2020-12-26 23:36:12 INFO  Creating filter chain: Ant [pattern='/user/create'], []
2020-12-26 23:36:12 INFO  Creating filter chain: Ant [pattern='/user/forgotPassword/**'], []
2020-12-26 23:36:12 INFO  Creating filter chain: Ant [pattern='/user/resetPassword'], []
2020-12-26 23:36:12 INFO  Creating filter chain: Ant [pattern='/'], []
2020-12-26 23:36:12 INFO  Creating filter chain: Ant [pattern='/css/**'], []
2020-12-26 23:36:12 INFO  Creating filter chain: Ant [pattern='/font/**'], []
2020-12-26 23:36:12 INFO  Creating filter chain: Ant [pattern='/fonts/**'], []
2020-12-26 23:36:12 INFO  Creating filter chain: Ant [pattern='/img/**'], []
2020-12-26 23:36:12 INFO  Creating filter chain: Ant [pattern='/js/**'], []
2020-12-26 23:36:12 INFO  Creating filter chain: Ant [pattern='/shop-cart/**'], []
2020-12-26 23:36:12 INFO  Creating filter chain: OrRequestMatcher [requestMatchers=[Ant [pattern='/user/login'], Ant [pattern='/oauth/token_key'], Ant [pattern='/user/check_token']]], [org.springframework.security.web.context.request.async.WebAsyncManagerIntegrationFilter@c9827e0, org.springframework.security.web.context.SecurityContextPersistenceFilter@75919100, org.springframework.security.web.header.HeaderWriterFilter@45e4a2c7, org.springframework.security.web.authentication.logout.LogoutFilter@509af6c2, org.springframework.security.web.authentication.www.BasicAuthenticationFilter@3dfb4781, org.springframework.security.web.savedrequest.RequestCacheAwareFilter@74d82c79, org.springframework.security.web.servletapi.SecurityContextHolderAwareRequestFilter@144a4abf, org.springframework.security.web.authentication.AnonymousAuthenticationFilter@fb5ab63, org.springframework.security.web.session.SessionManagementFilter@697a9ee4, org.springframework.security.web.access.ExceptionTranslationFilter@2a956ba0, org.springframework.security.web.access.intercept.FilterSecurityInterceptor@55e26814]
2020-12-26 23:36:13 INFO  Creating filter chain: org.springframework.security.oauth2.config.annotation.web.configuration.ResourceServerConfiguration$NotOAuthRequestMatcher@59d745a1, [org.springframework.security.web.context.request.async.WebAsyncManagerIntegrationFilter@791621b1, org.springframework.security.web.context.SecurityContextPersistenceFilter@7af6d273, org.springframework.security.web.header.HeaderWriterFilter@1f18dd33, org.springframework.security.web.authentication.logout.LogoutFilter@27c0f02f, org.springframework.security.oauth2.provider.authentication.OAuth2AuthenticationProcessingFilter@718e5a7f, org.springframework.security.web.savedrequest.RequestCacheAwareFilter@a588e, org.springframework.security.web.servletapi.SecurityContextHolderAwareRequestFilter@59a2ecf9, org.springframework.security.web.authentication.AnonymousAuthenticationFilter@7c787806, org.springframework.security.web.session.SessionManagementFilter@621a1c7a, org.springframework.security.web.access.ExceptionTranslationFilter@229b03a0, org.springframework.security.web.access.intercept.FilterSecurityInterceptor@5a09b13d]
2020-12-26 23:36:13 INFO  Creating filter chain: any request, [org.springframework.security.web.context.request.async.WebAsyncManagerIntegrationFilter@12d14e61, org.springframework.security.web.context.SecurityContextPersistenceFilter@121d5562, org.springframework.security.web.header.HeaderWriterFilter@2aca5bd8, org.springframework.security.web.csrf.CsrfFilter@5c526527, org.springframework.security.web.authentication.logout.LogoutFilter@60eb612, org.springframework.security.web.authentication.UsernamePasswordAuthenticationFilter@293e9a0d, org.springframework.security.web.authentication.ui.DefaultLoginPageGeneratingFilter@1444fb68, org.springframework.security.web.authentication.ui.DefaultLogoutPageGeneratingFilter@413f212c, org.springframework.security.web.authentication.www.BasicAuthenticationFilter@5e534cf9, org.springframework.security.web.savedrequest.RequestCacheAwareFilter@7a52079b, org.springframework.security.web.servletapi.SecurityContextHolderAwareRequestFilter@23e8792, org.springframework.security.web.authentication.AnonymousAuthenticationFilter@1c0c35f4, org.springframework.security.web.session.SessionManagementFilter@5da978ad, org.springframework.security.web.access.ExceptionTranslationFilter@dd0f5d, org.springframework.security.web.access.intercept.FilterSecurityInterceptor@cfbe8c7]
2020-12-26 23:36:13 INFO  Adding welcome page template: index
2020-12-26 23:36:13 INFO  HHH000490: Using JtaPlatform implementation: [org.hibernate.engine.transaction.jta.platform.internal.NoJtaPlatform]
2020-12-26 23:36:13 INFO  Initialized JPA EntityManagerFactory for persistence unit 'default'
2020-12-26 23:36:13 INFO  LiveReload server is running on port 35729
2020-12-26 23:36:14 INFO  Cannot determine local hostname
2020-12-26 23:36:14 WARN  All Spring Cloud Security modules and starters are deprecated. They will be moved to individual projects in the next major release.
2020-12-26 23:36:14 INFO  Exposing 2 endpoint(s) beneath base path '/actuator'
2020-12-26 23:36:14 INFO  Starting ProtocolHandler ["http-nio-8080"]
2020-12-26 23:36:14 INFO  Tomcat started on port(s): 8080 (http) with context path ''
2020-12-26 23:36:16 INFO  Cannot determine local hostname
2020-12-26 23:36:16 INFO  Triggering deferred initialization of Spring Data repositories…
2020-12-26 23:36:16 INFO  Spring Data repositories initialized!
2020-12-26 23:36:16 INFO  Started PerfectcherryApplication in 7.89 seconds (JVM running for 4100.38)
2020-12-26 23:36:16 INFO  Condition evaluation unchanged
2020-12-26 23:53:34 INFO  Closing JPA EntityManagerFactory for persistence unit 'default'
2020-12-26 23:53:34 INFO  Shutting down ExecutorService 'applicationTaskExecutor'
2020-12-26 23:53:34 INFO  HikariPool-6 - Shutdown initiated...
2020-12-26 23:53:34 INFO  HikariPool-6 - Shutdown completed.
2020-12-26 23:53:37 INFO  No active profile set, falling back to default profiles: default
2020-12-26 23:53:37 INFO  Bootstrapping Spring Data JPA repositories in DEFERRED mode.
2020-12-26 23:53:38 INFO  Finished Spring Data repository scanning in 57ms. Found 4 JPA repository interfaces.
2020-12-26 23:53:38 INFO  BeanFactory id=3a2cdd0d-ac7a-3642-98f1-b1f23b35cb11
2020-12-26 23:53:38 INFO  Bean 'org.springframework.security.access.expression.method.DefaultMethodSecurityExpressionHandler@12e25e0' of type [org.springframework.security.oauth2.provider.expression.OAuth2MethodSecurityExpressionHandler] is not eligible for getting processed by all BeanPostProcessors (for example: not eligible for auto-proxying)
2020-12-26 23:53:38 INFO  Bean 'methodSecurityMetadataSource' of type [org.springframework.security.access.method.DelegatingMethodSecurityMetadataSource] is not eligible for getting processed by all BeanPostProcessors (for example: not eligible for auto-proxying)
2020-12-26 23:53:38 INFO  Tomcat initialized with port(s): 8080 (http)
2020-12-26 23:53:38 INFO  Initializing ProtocolHandler ["http-nio-8080"]
2020-12-26 23:53:38 INFO  Starting service [Tomcat]
2020-12-26 23:53:38 INFO  Starting Servlet engine: [Apache Tomcat/9.0.36]
2020-12-26 23:53:38 INFO  Initializing Spring embedded WebApplicationContext
2020-12-26 23:53:38 INFO  Root WebApplicationContext: initialization completed in 986 ms
2020-12-26 23:53:38 INFO  Initializing ExecutorService 'applicationTaskExecutor'
2020-12-26 23:53:38 INFO  HHH000204: Processing PersistenceUnitInfo [name: default]
2020-12-26 23:53:38 INFO  HikariPool-7 - Starting...
2020-12-26 23:53:38 INFO  HikariPool-7 - Start completed.
2020-12-26 23:53:38 INFO  HHH000400: Using dialect: org.hibernate.dialect.MySQL5Dialect
2020-12-26 23:53:38 WARN  spring.jpa.open-in-view is enabled by default. Therefore, database queries may be performed during view rendering. Explicitly configure spring.jpa.open-in-view to disable this warning
2020-12-26 23:53:38 INFO  Creating filter chain: Ant [pattern='/user/create'], []
2020-12-26 23:53:38 INFO  Creating filter chain: Ant [pattern='/user/forgotPassword/**'], []
2020-12-26 23:53:38 INFO  Creating filter chain: Ant [pattern='/user/resetPassword'], []
2020-12-26 23:53:38 INFO  Creating filter chain: Ant [pattern='/'], []
2020-12-26 23:53:38 INFO  Creating filter chain: Ant [pattern='/css/**'], []
2020-12-26 23:53:38 INFO  Creating filter chain: Ant [pattern='/font/**'], []
2020-12-26 23:53:38 INFO  Creating filter chain: Ant [pattern='/fonts/**'], []
2020-12-26 23:53:38 INFO  Creating filter chain: Ant [pattern='/img/**'], []
2020-12-26 23:53:38 INFO  Creating filter chain: Ant [pattern='/js/**'], []
2020-12-26 23:53:38 INFO  Creating filter chain: Ant [pattern='/shop-cart/**'], []
2020-12-26 23:53:38 INFO  Creating filter chain: OrRequestMatcher [requestMatchers=[Ant [pattern='/user/login'], Ant [pattern='/oauth/token_key'], Ant [pattern='/user/check_token']]], [org.springframework.security.web.context.request.async.WebAsyncManagerIntegrationFilter@5e9b2e14, org.springframework.security.web.context.SecurityContextPersistenceFilter@af15011, org.springframework.security.web.header.HeaderWriterFilter@526be4c7, org.springframework.security.web.authentication.logout.LogoutFilter@4101f9d1, org.springframework.security.web.authentication.www.BasicAuthenticationFilter@ded7cab, org.springframework.security.web.savedrequest.RequestCacheAwareFilter@21f08771, org.springframework.security.web.servletapi.SecurityContextHolderAwareRequestFilter@2cb01254, org.springframework.security.web.authentication.AnonymousAuthenticationFilter@60ed9db3, org.springframework.security.web.session.SessionManagementFilter@27394286, org.springframework.security.web.access.ExceptionTranslationFilter@6c48fc52, org.springframework.security.web.access.intercept.FilterSecurityInterceptor@1d276ce0]
2020-12-26 23:53:38 INFO  Creating filter chain: org.springframework.security.oauth2.config.annotation.web.configuration.ResourceServerConfiguration$NotOAuthRequestMatcher@6b2def5, [org.springframework.security.web.context.request.async.WebAsyncManagerIntegrationFilter@537155f8, org.springframework.security.web.context.SecurityContextPersistenceFilter@5878fd5, org.springframework.security.web.header.HeaderWriterFilter@54789311, org.springframework.security.web.authentication.logout.LogoutFilter@1577368d, org.springframework.security.oauth2.provider.authentication.OAuth2AuthenticationProcessingFilter@3d9a241b, org.springframework.security.web.savedrequest.RequestCacheAwareFilter@4e04750f, org.springframework.security.web.servletapi.SecurityContextHolderAwareRequestFilter@5ef487c5, org.springframework.security.web.authentication.AnonymousAuthenticationFilter@32da5a33, org.springframework.security.web.session.SessionManagementFilter@50b450a2, org.springframework.security.web.access.ExceptionTranslationFilter@3c5ee2c8, org.springframework.security.web.access.intercept.FilterSecurityInterceptor@6a64955e]
2020-12-26 23:53:38 INFO  Creating filter chain: any request, [org.springframework.security.web.context.request.async.WebAsyncManagerIntegrationFilter@5e2b4448, org.springframework.security.web.context.SecurityContextPersistenceFilter@5e3e0296, org.springframework.security.web.header.HeaderWriterFilter@3d4477ac, org.springframework.security.web.csrf.CsrfFilter@6a6b3817, org.springframework.security.web.authentication.logout.LogoutFilter@77892dbc, org.springframework.security.web.authentication.UsernamePasswordAuthenticationFilter@2d7f0af6, org.springframework.security.web.authentication.ui.DefaultLoginPageGeneratingFilter@5d3b0472, org.springframework.security.web.authentication.ui.DefaultLogoutPageGeneratingFilter@603ce058, org.springframework.security.web.authentication.www.BasicAuthenticationFilter@f9a09a5, org.springframework.security.web.savedrequest.RequestCacheAwareFilter@1f83662c, org.springframework.security.web.servletapi.SecurityContextHolderAwareRequestFilter@1e48b67, org.springframework.security.web.authentication.AnonymousAuthenticationFilter@35417e13, org.springframework.security.web.session.SessionManagementFilter@6da634b5, org.springframework.security.web.access.ExceptionTranslationFilter@7ee7f37e, org.springframework.security.web.access.intercept.FilterSecurityInterceptor@66db1e53]
2020-12-26 23:53:38 INFO  Adding welcome page template: index
2020-12-26 23:53:38 INFO  HHH000490: Using JtaPlatform implementation: [org.hibernate.engine.transaction.jta.platform.internal.NoJtaPlatform]
2020-12-26 23:53:38 INFO  Initialized JPA EntityManagerFactory for persistence unit 'default'
2020-12-26 23:53:38 INFO  LiveReload server is running on port 35729
2020-12-26 23:53:40 INFO  Cannot determine local hostname
2020-12-26 23:53:40 WARN  All Spring Cloud Security modules and starters are deprecated. They will be moved to individual projects in the next major release.
2020-12-26 23:53:40 INFO  Exposing 2 endpoint(s) beneath base path '/actuator'
2020-12-26 23:53:40 INFO  Starting ProtocolHandler ["http-nio-8080"]
2020-12-26 23:53:40 INFO  Tomcat started on port(s): 8080 (http) with context path ''
2020-12-26 23:53:41 INFO  Cannot determine local hostname
2020-12-26 23:53:41 INFO  Triggering deferred initialization of Spring Data repositories…
2020-12-26 23:53:41 INFO  Spring Data repositories initialized!
2020-12-26 23:53:41 INFO  Started PerfectcherryApplication in 7.632 seconds (JVM running for 5145.859)
2020-12-26 23:53:41 INFO  Condition evaluation unchanged
2020-12-26 23:54:25 INFO  Closing JPA EntityManagerFactory for persistence unit 'default'
2020-12-26 23:54:25 INFO  Shutting down ExecutorService 'applicationTaskExecutor'
2020-12-26 23:54:25 INFO  HikariPool-7 - Shutdown initiated...
2020-12-26 23:54:25 INFO  HikariPool-7 - Shutdown completed.
2020-12-26 23:54:28 INFO  No active profile set, falling back to default profiles: default
2020-12-26 23:54:29 INFO  Bootstrapping Spring Data JPA repositories in DEFERRED mode.
2020-12-26 23:54:29 INFO  Finished Spring Data repository scanning in 53ms. Found 4 JPA repository interfaces.
2020-12-26 23:54:29 INFO  BeanFactory id=3a2cdd0d-ac7a-3642-98f1-b1f23b35cb11
2020-12-26 23:54:29 INFO  Bean 'org.springframework.security.access.expression.method.DefaultMethodSecurityExpressionHandler@733003c2' of type [org.springframework.security.oauth2.provider.expression.OAuth2MethodSecurityExpressionHandler] is not eligible for getting processed by all BeanPostProcessors (for example: not eligible for auto-proxying)
2020-12-26 23:54:29 INFO  Bean 'methodSecurityMetadataSource' of type [org.springframework.security.access.method.DelegatingMethodSecurityMetadataSource] is not eligible for getting processed by all BeanPostProcessors (for example: not eligible for auto-proxying)
2020-12-26 23:54:29 INFO  Tomcat initialized with port(s): 8080 (http)
2020-12-26 23:54:29 INFO  Initializing ProtocolHandler ["http-nio-8080"]
2020-12-26 23:54:29 INFO  Starting service [Tomcat]
2020-12-26 23:54:29 INFO  Starting Servlet engine: [Apache Tomcat/9.0.36]
2020-12-26 23:54:29 INFO  Initializing Spring embedded WebApplicationContext
2020-12-26 23:54:29 INFO  Root WebApplicationContext: initialization completed in 1085 ms
2020-12-26 23:54:29 INFO  Initializing ExecutorService 'applicationTaskExecutor'
2020-12-26 23:54:29 INFO  HHH000204: Processing PersistenceUnitInfo [name: default]
2020-12-26 23:54:29 INFO  HikariPool-8 - Starting...
2020-12-26 23:54:29 INFO  HikariPool-8 - Start completed.
2020-12-26 23:54:29 INFO  HHH000400: Using dialect: org.hibernate.dialect.MySQL5Dialect
2020-12-26 23:54:29 WARN  spring.jpa.open-in-view is enabled by default. Therefore, database queries may be performed during view rendering. Explicitly configure spring.jpa.open-in-view to disable this warning
2020-12-26 23:54:29 INFO  Creating filter chain: Ant [pattern='/user/create'], []
2020-12-26 23:54:29 INFO  Creating filter chain: Ant [pattern='/user/forgotPassword/**'], []
2020-12-26 23:54:29 INFO  Creating filter chain: Ant [pattern='/user/resetPassword'], []
2020-12-26 23:54:29 INFO  Creating filter chain: Ant [pattern='/'], []
2020-12-26 23:54:29 INFO  Creating filter chain: Ant [pattern='/css/**'], []
2020-12-26 23:54:29 INFO  Creating filter chain: Ant [pattern='/font/**'], []
2020-12-26 23:54:29 INFO  Creating filter chain: Ant [pattern='/fonts/**'], []
2020-12-26 23:54:29 INFO  Creating filter chain: Ant [pattern='/img/**'], []
2020-12-26 23:54:29 INFO  Creating filter chain: Ant [pattern='/js/**'], []
2020-12-26 23:54:29 INFO  Creating filter chain: Ant [pattern='/shop-cart/**'], []
2020-12-26 23:54:30 INFO  Creating filter chain: OrRequestMatcher [requestMatchers=[Ant [pattern='/user/login'], Ant [pattern='/oauth/token_key'], Ant [pattern='/user/check_token']]], [org.springframework.security.web.context.request.async.WebAsyncManagerIntegrationFilter@48fc2cbc, org.springframework.security.web.context.SecurityContextPersistenceFilter@52bf7f90, org.springframework.security.web.header.HeaderWriterFilter@73280d82, org.springframework.security.web.authentication.logout.LogoutFilter@38761511, org.springframework.security.web.authentication.www.BasicAuthenticationFilter@40b20506, org.springframework.security.web.savedrequest.RequestCacheAwareFilter@186810f8, org.springframework.security.web.servletapi.SecurityContextHolderAwareRequestFilter@2b1f5a6a, org.springframework.security.web.authentication.AnonymousAuthenticationFilter@20b3f986, org.springframework.security.web.session.SessionManagementFilter@12951599, org.springframework.security.web.access.ExceptionTranslationFilter@301f4047, org.springframework.security.web.access.intercept.FilterSecurityInterceptor@7249e601]
2020-12-26 23:54:30 INFO  Creating filter chain: org.springframework.security.oauth2.config.annotation.web.configuration.ResourceServerConfiguration$NotOAuthRequestMatcher@79aef22c, [org.springframework.security.web.context.request.async.WebAsyncManagerIntegrationFilter@6438addf, org.springframework.security.web.context.SecurityContextPersistenceFilter@656fde6f, org.springframework.security.web.header.HeaderWriterFilter@56b2bb39, org.springframework.security.web.authentication.logout.LogoutFilter@65d81a5c, org.springframework.security.oauth2.provider.authentication.OAuth2AuthenticationProcessingFilter@4d837ea6, org.springframework.security.web.savedrequest.RequestCacheAwareFilter@d92096e, org.springframework.security.web.servletapi.SecurityContextHolderAwareRequestFilter@4e3a0096, org.springframework.security.web.authentication.AnonymousAuthenticationFilter@138f97ef, org.springframework.security.web.session.SessionManagementFilter@64ca83ec, org.springframework.security.web.access.ExceptionTranslationFilter@5ee6de62, org.springframework.security.web.access.intercept.FilterSecurityInterceptor@2f8ecf35]
2020-12-26 23:54:30 INFO  Creating filter chain: any request, [org.springframework.security.web.context.request.async.WebAsyncManagerIntegrationFilter@386d8cd4, org.springframework.security.web.context.SecurityContextPersistenceFilter@33d2b3d, org.springframework.security.web.header.HeaderWriterFilter@575313c8, org.springframework.security.web.csrf.CsrfFilter@78f8fe46, org.springframework.security.web.authentication.logout.LogoutFilter@7fbba1c1, org.springframework.security.web.authentication.UsernamePasswordAuthenticationFilter@6b0a95ea, org.springframework.security.web.authentication.ui.DefaultLoginPageGeneratingFilter@59a4af2f, org.springframework.security.web.authentication.ui.DefaultLogoutPageGeneratingFilter@3bf92fd6, org.springframework.security.web.authentication.www.BasicAuthenticationFilter@21e075a6, org.springframework.security.web.savedrequest.RequestCacheAwareFilter@6d942928, org.springframework.security.web.servletapi.SecurityContextHolderAwareRequestFilter@2296aa01, org.springframework.security.web.authentication.AnonymousAuthenticationFilter@4e34886, org.springframework.security.web.session.SessionManagementFilter@3c08e834, org.springframework.security.web.access.ExceptionTranslationFilter@19aefd37, org.springframework.security.web.access.intercept.FilterSecurityInterceptor@550ac3ac]
2020-12-26 23:54:30 INFO  Adding welcome page template: index
2020-12-26 23:54:30 INFO  HHH000490: Using JtaPlatform implementation: [org.hibernate.engine.transaction.jta.platform.internal.NoJtaPlatform]
2020-12-26 23:54:30 INFO  Initialized JPA EntityManagerFactory for persistence unit 'default'
2020-12-26 23:54:30 INFO  LiveReload server is running on port 35729
2020-12-26 23:54:31 INFO  Cannot determine local hostname
2020-12-26 23:54:31 WARN  All Spring Cloud Security modules and starters are deprecated. They will be moved to individual projects in the next major release.
2020-12-26 23:54:31 INFO  Exposing 2 endpoint(s) beneath base path '/actuator'
2020-12-26 23:54:31 INFO  Starting ProtocolHandler ["http-nio-8080"]
2020-12-26 23:54:31 INFO  Tomcat started on port(s): 8080 (http) with context path ''
2020-12-26 23:54:33 INFO  Destroying ProtocolHandler ["http-nio-8080"]
2020-12-26 23:54:33 INFO  

Error starting ApplicationContext. To display the conditions report re-run your application with 'debug' enabled.
2020-12-26 23:54:33 ERROR Application run failed
org.springframework.beans.factory.BeanCreationException: Error creating bean with name 'imagesRepository' defined in com.perfectcherry.repository.ImagesRepository defined in @EnableJpaRepositories declared on JpaRepositoriesRegistrar.EnableJpaRepositoriesConfiguration: Cannot resolve reference to bean 'jpaMappingContext' while setting bean property 'mappingContext'; nested exception is org.springframework.beans.factory.BeanCreationException: Error creating bean with name 'jpaMappingContext': Invocation of init method failed; nested exception is java.lang.IllegalStateException: org.springframework.context.annotation.AnnotationConfigApplicationContext@14028731 has been closed already
	at org.springframework.beans.factory.support.BeanDefinitionValueResolver.resolveReference(BeanDefinitionValueResolver.java:342) ~[spring-beans-5.2.7.RELEASE.jar:5.2.7.RELEASE]
	at org.springframework.beans.factory.support.BeanDefinitionValueResolver.resolveValueIfNecessary(BeanDefinitionValueResolver.java:113) ~[spring-beans-5.2.7.RELEASE.jar:5.2.7.RELEASE]
	at org.springframework.beans.factory.support.AbstractAutowireCapableBeanFactory.applyPropertyValues(AbstractAutowireCapableBeanFactory.java:1699) ~[spring-beans-5.2.7.RELEASE.jar:5.2.7.RELEASE]
	at org.springframework.beans.factory.support.AbstractAutowireCapableBeanFactory.populateBean(AbstractAutowireCapableBeanFactory.java:1444) ~[spring-beans-5.2.7.RELEASE.jar:5.2.7.RELEASE]
	at org.springframework.beans.factory.support.AbstractAutowireCapableBeanFactory.doCreateBean(AbstractAutowireCapableBeanFactory.java:594) ~[spring-beans-5.2.7.RELEASE.jar:5.2.7.RELEASE]
	at org.springframework.beans.factory.support.AbstractAutowireCapableBeanFactory.createBean(AbstractAutowireCapableBeanFactory.java:517) ~[spring-beans-5.2.7.RELEASE.jar:5.2.7.RELEASE]
	at org.springframework.beans.factory.support.AbstractBeanFactory.lambda$doGetBean$0(AbstractBeanFactory.java:323) ~[spring-beans-5.2.7.RELEASE.jar:5.2.7.RELEASE]
	at org.springframework.beans.factory.support.DefaultSingletonBeanRegistry.getSingleton(DefaultSingletonBeanRegistry.java:226) ~[spring-beans-5.2.7.RELEASE.jar:5.2.7.RELEASE]
	at org.springframework.beans.factory.support.AbstractBeanFactory.doGetBean(AbstractBeanFactory.java:321) ~[spring-beans-5.2.7.RELEASE.jar:5.2.7.RELEASE]
	at org.springframework.beans.factory.support.AbstractBeanFactory.getBean(AbstractBeanFactory.java:202) ~[spring-beans-5.2.7.RELEASE.jar:5.2.7.RELEASE]
	at org.springframework.beans.factory.support.DefaultListableBeanFactory.getBeansOfType(DefaultListableBeanFactory.java:621) ~[spring-beans-5.2.7.RELEASE.jar:5.2.7.RELEASE]
	at org.springframework.beans.factory.support.DefaultListableBeanFactory.getBeansOfType(DefaultListableBeanFactory.java:609) ~[spring-beans-5.2.7.RELEASE.jar:5.2.7.RELEASE]
	at org.springframework.data.repository.config.DeferredRepositoryInitializationListener.onApplicationEvent(DeferredRepositoryInitializationListener.java:51) ~[spring-data-commons-2.3.1.RELEASE.jar:2.3.1.RELEASE]
	at org.springframework.data.repository.config.DeferredRepositoryInitializationListener.onApplicationEvent(DeferredRepositoryInitializationListener.java:36) ~[spring-data-commons-2.3.1.RELEASE.jar:2.3.1.RELEASE]
	at org.springframework.context.event.SimpleApplicationEventMulticaster.doInvokeListener(SimpleApplicationEventMulticaster.java:172) ~[spring-context-5.2.7.RELEASE.jar:5.2.7.RELEASE]
	at org.springframework.context.event.SimpleApplicationEventMulticaster.invokeListener(SimpleApplicationEventMulticaster.java:165) ~[spring-context-5.2.7.RELEASE.jar:5.2.7.RELEASE]
	at org.springframework.context.event.SimpleApplicationEventMulticaster.multicastEvent(SimpleApplicationEventMulticaster.java:139) ~[spring-context-5.2.7.RELEASE.jar:5.2.7.RELEASE]
	at org.springframework.context.support.AbstractApplicationContext.publishEvent(AbstractApplicationContext.java:404) ~[spring-context-5.2.7.RELEASE.jar:5.2.7.RELEASE]
	at org.springframework.context.support.AbstractApplicationContext.publishEvent(AbstractApplicationContext.java:361) ~[spring-context-5.2.7.RELEASE.jar:5.2.7.RELEASE]
	at org.springframework.context.support.AbstractApplicationContext.finishRefresh(AbstractApplicationContext.java:898) ~[spring-context-5.2.7.RELEASE.jar:5.2.7.RELEASE]
	at org.springframework.context.support.AbstractApplicationContext.refresh(AbstractApplicationContext.java:554) ~[spring-context-5.2.7.RELEASE.jar:5.2.7.RELEASE]
	at org.springframework.boot.web.servlet.context.ServletWebServerApplicationContext.refresh(ServletWebServerApplicationContext.java:143) ~[spring-boot-2.3.1.RELEASE.jar:2.3.1.RELEASE]
	at org.springframework.boot.SpringApplication.refresh(SpringApplication.java:758) ~[spring-boot-2.3.1.RELEASE.jar:2.3.1.RELEASE]
	at org.springframework.boot.SpringApplication.refresh(SpringApplication.java:750) [spring-boot-2.3.1.RELEASE.jar:2.3.1.RELEASE]
	at org.springframework.boot.SpringApplication.refreshContext(SpringApplication.java:397) [spring-boot-2.3.1.RELEASE.jar:2.3.1.RELEASE]
	at org.springframework.boot.SpringApplication.run(SpringApplication.java:315) [spring-boot-2.3.1.RELEASE.jar:2.3.1.RELEASE]
	at org.springframework.boot.SpringApplication.run(SpringApplication.java:1237) [spring-boot-2.3.1.RELEASE.jar:2.3.1.RELEASE]
	at org.springframework.boot.SpringApplication.run(SpringApplication.java:1226) [spring-boot-2.3.1.RELEASE.jar:2.3.1.RELEASE]
	at com.perfectcherry.PerfectcherryApplication.main(PerfectcherryApplication.java:20) [classes/:?]
	at jdk.internal.reflect.NativeMethodAccessorImpl.invoke0(Native Method) ~[?:?]
	at jdk.internal.reflect.NativeMethodAccessorImpl.invoke(NativeMethodAccessorImpl.java:62) ~[?:?]
	at jdk.internal.reflect.DelegatingMethodAccessorImpl.invoke(DelegatingMethodAccessorImpl.java:43) ~[?:?]
	at java.lang.reflect.Method.invoke(Method.java:566) ~[?:?]
	at org.springframework.boot.devtools.restart.RestartLauncher.run(RestartLauncher.java:49) [spring-boot-devtools-2.3.1.RELEASE.jar:2.3.1.RELEASE]
Caused by: org.springframework.beans.factory.BeanCreationException: Error creating bean with name 'jpaMappingContext': Invocation of init method failed; nested exception is java.lang.IllegalStateException: org.springframework.context.annotation.AnnotationConfigApplicationContext@14028731 has been closed already
	at org.springframework.beans.factory.support.AbstractAutowireCapableBeanFactory.initializeBean(AbstractAutowireCapableBeanFactory.java:1796) ~[spring-beans-5.2.7.RELEASE.jar:5.2.7.RELEASE]
	at org.springframework.beans.factory.support.AbstractAutowireCapableBeanFactory.doCreateBean(AbstractAutowireCapableBeanFactory.java:595) ~[spring-beans-5.2.7.RELEASE.jar:5.2.7.RELEASE]
	at org.springframework.beans.factory.support.AbstractAutowireCapableBeanFactory.createBean(AbstractAutowireCapableBeanFactory.java:517) ~[spring-beans-5.2.7.RELEASE.jar:5.2.7.RELEASE]
	at org.springframework.beans.factory.support.AbstractBeanFactory.lambda$doGetBean$0(AbstractBeanFactory.java:323) ~[spring-beans-5.2.7.RELEASE.jar:5.2.7.RELEASE]
	at org.springframework.beans.factory.support.DefaultSingletonBeanRegistry.getSingleton(DefaultSingletonBeanRegistry.java:226) ~[spring-beans-5.2.7.RELEASE.jar:5.2.7.RELEASE]
	at org.springframework.beans.factory.support.AbstractBeanFactory.doGetBean(AbstractBeanFactory.java:321) ~[spring-beans-5.2.7.RELEASE.jar:5.2.7.RELEASE]
	at org.springframework.beans.factory.support.AbstractBeanFactory.getBean(AbstractBeanFactory.java:202) ~[spring-beans-5.2.7.RELEASE.jar:5.2.7.RELEASE]
	at org.springframework.beans.factory.support.BeanDefinitionValueResolver.resolveReference(BeanDefinitionValueResolver.java:330) ~[spring-beans-5.2.7.RELEASE.jar:5.2.7.RELEASE]
	... 33 more
Caused by: java.lang.IllegalStateException: org.springframework.context.annotation.AnnotationConfigApplicationContext@14028731 has been closed already
	at org.springframework.context.support.AbstractApplicationContext.assertBeanFactoryActive(AbstractApplicationContext.java:1093) ~[spring-context-5.2.7.RELEASE.jar:5.2.7.RELEASE]
	at org.springframework.context.support.AbstractApplicationContext.getBeansOfType(AbstractApplicationContext.java:1242) ~[spring-context-5.2.7.RELEASE.jar:5.2.7.RELEASE]
	at org.springframework.beans.factory.BeanFactoryUtils.beansOfTypeIncludingAncestors(BeanFactoryUtils.java:329) ~[spring-beans-5.2.7.RELEASE.jar:5.2.7.RELEASE]
	at org.springframework.beans.factory.BeanFactoryUtils.beansOfTypeIncludingAncestors(BeanFactoryUtils.java:333) ~[spring-beans-5.2.7.RELEASE.jar:5.2.7.RELEASE]
	at org.springframework.data.jpa.repository.config.JpaMetamodelMappingContextFactoryBean.getMetamodels(JpaMetamodelMappingContextFactoryBean.java:102) ~[spring-data-jpa-2.3.1.RELEASE.jar:2.3.1.RELEASE]
	at org.springframework.data.jpa.repository.config.JpaMetamodelMappingContextFactoryBean.createInstance(JpaMetamodelMappingContextFactoryBean.java:80) ~[spring-data-jpa-2.3.1.RELEASE.jar:2.3.1.RELEASE]
	at org.springframework.data.jpa.repository.config.JpaMetamodelMappingContextFactoryBean.createInstance(JpaMetamodelMappingContextFactoryBean.java:44) ~[spring-data-jpa-2.3.1.RELEASE.jar:2.3.1.RELEASE]
	at org.springframework.beans.factory.config.AbstractFactoryBean.afterPropertiesSet(AbstractFactoryBean.java:142) ~[spring-beans-5.2.7.RELEASE.jar:5.2.7.RELEASE]
	at org.springframework.beans.factory.support.AbstractAutowireCapableBeanFactory.invokeInitMethods(AbstractAutowireCapableBeanFactory.java:1855) ~[spring-beans-5.2.7.RELEASE.jar:5.2.7.RELEASE]
	at org.springframework.beans.factory.support.AbstractAutowireCapableBeanFactory.initializeBean(AbstractAutowireCapableBeanFactory.java:1792) ~[spring-beans-5.2.7.RELEASE.jar:5.2.7.RELEASE]
	at org.springframework.beans.factory.support.AbstractAutowireCapableBeanFactory.doCreateBean(AbstractAutowireCapableBeanFactory.java:595) ~[spring-beans-5.2.7.RELEASE.jar:5.2.7.RELEASE]
	at org.springframework.beans.factory.support.AbstractAutowireCapableBeanFactory.createBean(AbstractAutowireCapableBeanFactory.java:517) ~[spring-beans-5.2.7.RELEASE.jar:5.2.7.RELEASE]
	at org.springframework.beans.factory.support.AbstractBeanFactory.lambda$doGetBean$0(AbstractBeanFactory.java:323) ~[spring-beans-5.2.7.RELEASE.jar:5.2.7.RELEASE]
	at org.springframework.beans.factory.support.DefaultSingletonBeanRegistry.getSingleton(DefaultSingletonBeanRegistry.java:226) ~[spring-beans-5.2.7.RELEASE.jar:5.2.7.RELEASE]
	at org.springframework.beans.factory.support.AbstractBeanFactory.doGetBean(AbstractBeanFactory.java:321) ~[spring-beans-5.2.7.RELEASE.jar:5.2.7.RELEASE]
	at org.springframework.beans.factory.support.AbstractBeanFactory.getBean(AbstractBeanFactory.java:202) ~[spring-beans-5.2.7.RELEASE.jar:5.2.7.RELEASE]
	at org.springframework.beans.factory.support.BeanDefinitionValueResolver.resolveReference(BeanDefinitionValueResolver.java:330) ~[spring-beans-5.2.7.RELEASE.jar:5.2.7.RELEASE]
	... 33 more
