2020-12-26 22:25:27 INFO  The Class-Path manifest attribute in C:\Users\an\.m2\repository\com\sun\xml\bind\jaxb-core\2.3.0.1\jaxb-core-2.3.0.1.jar referenced one or more files that do not exist: file:/C:/Users/an/.m2/repository/com/sun/xml/bind/jaxb-core/2.3.0.1/jaxb-api.jar
2020-12-26 22:25:27 INFO  The Class-Path manifest attribute in C:\Users\an\.m2\repository\com\sun\xml\bind\jaxb-impl\2.3.0.1\jaxb-impl-2.3.0.1.jar referenced one or more files that do not exist: file:/C:/Users/an/.m2/repository/com/sun/xml/bind/jaxb-impl/2.3.0.1/jaxb-core.jar
2020-12-26 22:25:27 INFO  Devtools property defaults active! Set 'spring.devtools.add-properties' to 'false' to disable
2020-12-26 22:25:29 INFO  No active profile set, falling back to default profiles: default
2020-12-26 22:25:30 INFO  Bootstrapping Spring Data JPA repositories in DEFERRED mode.
2020-12-26 22:25:30 INFO  Finished Spring Data repository scanning in 82ms. Found 4 JPA repository interfaces.
2020-12-26 22:25:30 INFO  BeanFactory id=3a2cdd0d-ac7a-3642-98f1-b1f23b35cb11
2020-12-26 22:25:30 INFO  Bean 'org.springframework.security.access.expression.method.DefaultMethodSecurityExpressionHandler@1d0823c1' of type [org.springframework.security.oauth2.provider.expression.OAuth2MethodSecurityExpressionHandler] is not eligible for getting processed by all BeanPostProcessors (for example: not eligible for auto-proxying)
2020-12-26 22:25:30 INFO  Bean 'methodSecurityMetadataSource' of type [org.springframework.security.access.method.DelegatingMethodSecurityMetadataSource] is not eligible for getting processed by all BeanPostProcessors (for example: not eligible for auto-proxying)
2020-12-26 22:25:30 INFO  Tomcat initialized with port(s): 8080 (http)
2020-12-26 22:25:30 INFO  Initializing ProtocolHandler ["http-nio-8080"]
2020-12-26 22:25:30 INFO  Starting service [Tomcat]
2020-12-26 22:25:30 INFO  Starting Servlet engine: [Apache Tomcat/9.0.36]
2020-12-26 22:25:31 INFO  Initializing Spring embedded WebApplicationContext
2020-12-26 22:25:31 INFO  Root WebApplicationContext: initialization completed in 1774 ms
2020-12-26 22:25:31 INFO  Initializing ExecutorService 'applicationTaskExecutor'
2020-12-26 22:25:31 INFO  HHH000204: Processing PersistenceUnitInfo [name: default]
2020-12-26 22:25:31 WARN  spring.jpa.open-in-view is enabled by default. Therefore, database queries may be performed during view rendering. Explicitly configure spring.jpa.open-in-view to disable this warning
2020-12-26 22:25:31 INFO  HHH000412: Hibernate ORM core version 5.4.17.Final
2020-12-26 22:25:31 INFO  HCANN000001: Hibernate Commons Annotations {5.1.0.Final}
2020-12-26 22:25:31 INFO  HikariPool-1 - Starting...
2020-12-26 22:25:31 INFO  HikariPool-1 - Start completed.
2020-12-26 22:25:31 INFO  HHH000400: Using dialect: org.hibernate.dialect.MySQL5Dialect
2020-12-26 22:25:32 INFO  Creating filter chain: Ant [pattern='/user/create'], []
2020-12-26 22:25:32 INFO  Creating filter chain: Ant [pattern='/user/forgotPassword/**'], []
2020-12-26 22:25:32 INFO  Creating filter chain: Ant [pattern='/user/resetPassword'], []
2020-12-26 22:25:32 INFO  Creating filter chain: Ant [pattern='/'], []
2020-12-26 22:25:32 INFO  Creating filter chain: Ant [pattern='/css/**'], []
2020-12-26 22:25:32 INFO  Creating filter chain: Ant [pattern='/font/**'], []
2020-12-26 22:25:32 INFO  Creating filter chain: Ant [pattern='/fonts/**'], []
2020-12-26 22:25:32 INFO  Creating filter chain: Ant [pattern='/img/**'], []
2020-12-26 22:25:32 INFO  Creating filter chain: Ant [pattern='/js/**'], []
2020-12-26 22:25:32 INFO  Creating filter chain: Ant [pattern='/shop-cart/**'], []
2020-12-26 22:25:32 INFO  Creating filter chain: OrRequestMatcher [requestMatchers=[Ant [pattern='/user/login'], Ant [pattern='/oauth/token_key'], Ant [pattern='/user/check_token']]], [org.springframework.security.web.context.request.async.WebAsyncManagerIntegrationFilter@e1209b7, org.springframework.security.web.context.SecurityContextPersistenceFilter@70d54989, org.springframework.security.web.header.HeaderWriterFilter@4ec597d7, org.springframework.security.web.authentication.logout.LogoutFilter@56d10578, org.springframework.security.web.authentication.www.BasicAuthenticationFilter@2b407171, org.springframework.security.web.savedrequest.RequestCacheAwareFilter@31cee88b, org.springframework.security.web.servletapi.SecurityContextHolderAwareRequestFilter@12bc9b67, org.springframework.security.web.authentication.AnonymousAuthenticationFilter@2a6c5f6d, org.springframework.security.web.session.SessionManagementFilter@42583295, org.springframework.security.web.access.ExceptionTranslationFilter@4223df97, org.springframework.security.web.access.intercept.FilterSecurityInterceptor@4cfc6430]
2020-12-26 22:25:32 INFO  Creating filter chain: org.springframework.security.oauth2.config.annotation.web.configuration.ResourceServerConfiguration$NotOAuthRequestMatcher@2c9d3887, [org.springframework.security.web.context.request.async.WebAsyncManagerIntegrationFilter@7d01c44, org.springframework.security.web.context.SecurityContextPersistenceFilter@1276492d, org.springframework.security.web.header.HeaderWriterFilter@35cedfe4, org.springframework.security.web.authentication.logout.LogoutFilter@2cc42512, org.springframework.security.oauth2.provider.authentication.OAuth2AuthenticationProcessingFilter@21896999, org.springframework.security.web.savedrequest.RequestCacheAwareFilter@4d2832d7, org.springframework.security.web.servletapi.SecurityContextHolderAwareRequestFilter@edaf569, org.springframework.security.web.authentication.AnonymousAuthenticationFilter@4da493be, org.springframework.security.web.session.SessionManagementFilter@42e80d6a, org.springframework.security.web.access.ExceptionTranslationFilter@47c3085c, org.springframework.security.web.access.intercept.FilterSecurityInterceptor@16f9a174]
2020-12-26 22:25:32 INFO  Creating filter chain: any request, [org.springframework.security.web.context.request.async.WebAsyncManagerIntegrationFilter@4f91e968, org.springframework.security.web.context.SecurityContextPersistenceFilter@4d709f1a, org.springframework.security.web.header.HeaderWriterFilter@46adb9f0, org.springframework.security.web.csrf.CsrfFilter@75859054, org.springframework.security.web.authentication.logout.LogoutFilter@5b8007e0, org.springframework.security.web.authentication.UsernamePasswordAuthenticationFilter@f34f538, org.springframework.security.web.authentication.ui.DefaultLoginPageGeneratingFilter@255a515f, org.springframework.security.web.authentication.ui.DefaultLogoutPageGeneratingFilter@2341fc4b, org.springframework.security.web.authentication.www.BasicAuthenticationFilter@5dd616b6, org.springframework.security.web.savedrequest.RequestCacheAwareFilter@6f8b04e6, org.springframework.security.web.servletapi.SecurityContextHolderAwareRequestFilter@44c242de, org.springframework.security.web.authentication.AnonymousAuthenticationFilter@b74402e, org.springframework.security.web.session.SessionManagementFilter@14aeaaeb, org.springframework.security.web.access.ExceptionTranslationFilter@2a411309, org.springframework.security.web.access.intercept.FilterSecurityInterceptor@117fb861]
2020-12-26 22:25:32 INFO  Adding welcome page template: index
2020-12-26 22:25:32 INFO  HHH000490: Using JtaPlatform implementation: [org.hibernate.engine.transaction.jta.platform.internal.NoJtaPlatform]
2020-12-26 22:25:32 INFO  Initialized JPA EntityManagerFactory for persistence unit 'default'
2020-12-26 22:25:32 INFO  LiveReload server is running on port 35729
2020-12-26 22:25:34 INFO  Cannot determine local hostname
2020-12-26 22:25:34 WARN  All Spring Cloud Security modules and starters are deprecated. They will be moved to individual projects in the next major release.
2020-12-26 22:25:34 INFO  Exposing 2 endpoint(s) beneath base path '/actuator'
2020-12-26 22:25:34 INFO  Starting ProtocolHandler ["http-nio-8080"]
2020-12-26 22:25:34 INFO  Tomcat started on port(s): 8080 (http) with context path ''
2020-12-26 22:25:35 INFO  Cannot determine local hostname
2020-12-26 22:25:35 INFO  Triggering deferred initialization of Spring Data repositories…
2020-12-26 22:25:36 INFO  Spring Data repositories initialized!
2020-12-26 22:25:36 INFO  Started PerfectcherryApplication in 10.261 seconds (JVM running for 11.602)
2020-12-26 22:27:37 INFO  Application shutdown requested.
2020-12-26 22:27:37 INFO  Pausing ProtocolHandler ["http-nio-8080"]
2020-12-26 22:27:37 INFO  Stopping service [Tomcat]
2020-12-26 22:27:37 INFO  Stopping ProtocolHandler ["http-nio-8080"]
2020-12-26 22:27:37 ERROR Socket accept failed
java.nio.channels.AsynchronousCloseException: null
	at java.nio.channels.spi.AbstractInterruptibleChannel.end(AbstractInterruptibleChannel.java:202) ~[?:?]
	at sun.nio.ch.ServerSocketChannelImpl.end(ServerSocketChannelImpl.java:269) ~[?:?]
	at sun.nio.ch.ServerSocketChannelImpl.accept(ServerSocketChannelImpl.java:288) ~[?:?]
	at org.apache.tomcat.util.net.NioEndpoint.serverSocketAccept(NioEndpoint.java:469) ~[tomcat-embed-core-9.0.36.jar:9.0.36]
	at org.apache.tomcat.util.net.NioEndpoint.serverSocketAccept(NioEndpoint.java:71) ~[tomcat-embed-core-9.0.36.jar:9.0.36]
	at org.apache.tomcat.util.net.Acceptor.run(Acceptor.java:95) [tomcat-embed-core-9.0.36.jar:9.0.36]
	at java.lang.Thread.run(Thread.java:834) [?:?]
2020-12-26 22:27:38 INFO  Destroying ProtocolHandler ["http-nio-8080"]
2020-12-26 22:27:38 INFO  Closing JPA EntityManagerFactory for persistence unit 'default'
2020-12-26 22:27:38 INFO  Shutting down ExecutorService 'applicationTaskExecutor'
2020-12-26 22:27:38 INFO  HikariPool-1 - Shutdown initiated...
2020-12-26 22:27:38 INFO  HikariPool-1 - Shutdown completed.
