2020-12-26 15:51:56 INFO  The Class-Path manifest attribute in C:\Users\an\.m2\repository\com\sun\xml\bind\jaxb-core\2.3.0.1\jaxb-core-2.3.0.1.jar referenced one or more files that do not exist: file:/C:/Users/an/.m2/repository/com/sun/xml/bind/jaxb-core/2.3.0.1/jaxb-api.jar
2020-12-26 15:51:56 INFO  The Class-Path manifest attribute in C:\Users\an\.m2\repository\com\sun\xml\bind\jaxb-impl\2.3.0.1\jaxb-impl-2.3.0.1.jar referenced one or more files that do not exist: file:/C:/Users/an/.m2/repository/com/sun/xml/bind/jaxb-impl/2.3.0.1/jaxb-core.jar
2020-12-26 15:51:56 INFO  Devtools property defaults active! Set 'spring.devtools.add-properties' to 'false' to disable
2020-12-26 15:51:59 INFO  No active profile set, falling back to default profiles: default
2020-12-26 15:52:05 INFO  Bootstrapping Spring Data JPA repositories in DEFERRED mode.
2020-12-26 15:52:06 INFO  Finished Spring Data repository scanning in 315ms. Found 4 JPA repository interfaces.
2020-12-26 15:52:06 INFO  BeanFactory id=c273f557-c940-358e-8401-e31bca9e9d33
2020-12-26 15:52:06 INFO  Bean 'org.springframework.security.access.expression.method.DefaultMethodSecurityExpressionHandler@74e09098' of type [org.springframework.security.oauth2.provider.expression.OAuth2MethodSecurityExpressionHandler] is not eligible for getting processed by all BeanPostProcessors (for example: not eligible for auto-proxying)
2020-12-26 15:52:06 INFO  Bean 'methodSecurityMetadataSource' of type [org.springframework.security.access.method.DelegatingMethodSecurityMetadataSource] is not eligible for getting processed by all BeanPostProcessors (for example: not eligible for auto-proxying)
2020-12-26 15:52:07 INFO  Tomcat initialized with port(s): 8080 (http)
2020-12-26 15:52:07 INFO  Initializing ProtocolHandler ["http-nio-8080"]
2020-12-26 15:52:07 INFO  Starting service [Tomcat]
2020-12-26 15:52:07 INFO  Starting Servlet engine: [Apache Tomcat/9.0.36]
2020-12-26 15:52:07 INFO  Initializing Spring embedded WebApplicationContext
2020-12-26 15:52:07 INFO  Root WebApplicationContext: initialization completed in 8525 ms
2020-12-26 15:52:08 INFO  Initializing ExecutorService 'applicationTaskExecutor'
2020-12-26 15:52:08 INFO  HHH000204: Processing PersistenceUnitInfo [name: default]
2020-12-26 15:52:08 INFO  HHH000412: Hibernate ORM core version 5.4.17.Final
2020-12-26 15:52:08 WARN  spring.jpa.open-in-view is enabled by default. Therefore, database queries may be performed during view rendering. Explicitly configure spring.jpa.open-in-view to disable this warning
2020-12-26 15:52:08 INFO  HCANN000001: Hibernate Commons Annotations {5.1.0.Final}
2020-12-26 15:52:08 INFO  HikariPool-1 - Starting...
2020-12-26 15:52:09 INFO  HikariPool-1 - Start completed.
2020-12-26 15:52:09 INFO  HHH000400: Using dialect: org.hibernate.dialect.MySQL5Dialect
2020-12-26 15:52:09 INFO  Creating filter chain: Ant [pattern='/user/create'], []
2020-12-26 15:52:09 INFO  Creating filter chain: Ant [pattern='/user/forgotPassword/**'], []
2020-12-26 15:52:09 INFO  Creating filter chain: Ant [pattern='/user/resetPassword'], []
2020-12-26 15:52:09 INFO  Creating filter chain: Ant [pattern='/'], []
2020-12-26 15:52:09 INFO  Creating filter chain: Ant [pattern='/css/**'], []
2020-12-26 15:52:09 INFO  Creating filter chain: Ant [pattern='/font/**'], []
2020-12-26 15:52:09 INFO  Creating filter chain: Ant [pattern='/fonts/**'], []
2020-12-26 15:52:09 INFO  Creating filter chain: Ant [pattern='/img/**'], []
2020-12-26 15:52:09 INFO  Creating filter chain: Ant [pattern='/js/**'], []
2020-12-26 15:52:09 INFO  Creating filter chain: Ant [pattern='/shop-cart/**'], []
2020-12-26 15:52:09 INFO  Creating filter chain: OrRequestMatcher [requestMatchers=[Ant [pattern='/user/login'], Ant [pattern='/oauth/token_key'], Ant [pattern='/user/check_token']]], [org.springframework.security.web.context.request.async.WebAsyncManagerIntegrationFilter@2a674ae3, org.springframework.security.web.context.SecurityContextPersistenceFilter@6bf3aca, org.springframework.security.web.header.HeaderWriterFilter@233b7187, org.springframework.security.web.authentication.logout.LogoutFilter@2e9b8943, org.springframework.security.web.authentication.www.BasicAuthenticationFilter@41f4bc23, org.springframework.security.web.savedrequest.RequestCacheAwareFilter@4e28c06c, org.springframework.security.web.servletapi.SecurityContextHolderAwareRequestFilter@7fc0c70d, org.springframework.security.web.authentication.AnonymousAuthenticationFilter@58c0a5fc, org.springframework.security.web.session.SessionManagementFilter@7e1df92f, org.springframework.security.web.access.ExceptionTranslationFilter@5d5c9965, org.springframework.security.web.access.intercept.FilterSecurityInterceptor@3d67ad70]
2020-12-26 15:52:09 INFO  Creating filter chain: org.springframework.security.oauth2.config.annotation.web.configuration.ResourceServerConfiguration$NotOAuthRequestMatcher@23722647, [org.springframework.security.web.context.request.async.WebAsyncManagerIntegrationFilter@24bc2315, org.springframework.security.web.context.SecurityContextPersistenceFilter@2f86e8b3, org.springframework.security.web.header.HeaderWriterFilter@488096ae, org.springframework.security.web.authentication.logout.LogoutFilter@3938cf00, org.springframework.security.oauth2.provider.authentication.OAuth2AuthenticationProcessingFilter@58e9288f, org.springframework.security.web.savedrequest.RequestCacheAwareFilter@7e7c86ef, org.springframework.security.web.servletapi.SecurityContextHolderAwareRequestFilter@32054a68, org.springframework.security.web.authentication.AnonymousAuthenticationFilter@5b341dc2, org.springframework.security.web.session.SessionManagementFilter@58796186, org.springframework.security.web.access.ExceptionTranslationFilter@302c20ec, org.springframework.security.web.access.intercept.FilterSecurityInterceptor@52f937f4]
2020-12-26 15:52:09 INFO  Creating filter chain: any request, [org.springframework.security.web.context.request.async.WebAsyncManagerIntegrationFilter@19c95800, org.springframework.security.web.context.SecurityContextPersistenceFilter@284ab0df, org.springframework.security.web.header.HeaderWriterFilter@6fbd0839, org.springframework.security.web.csrf.CsrfFilter@3cd94195, org.springframework.security.web.authentication.logout.LogoutFilter@417a9d0f, org.springframework.security.web.authentication.UsernamePasswordAuthenticationFilter@14615355, org.springframework.security.web.authentication.ui.DefaultLoginPageGeneratingFilter@46be384d, org.springframework.security.web.authentication.ui.DefaultLogoutPageGeneratingFilter@41990583, org.springframework.security.web.authentication.www.BasicAuthenticationFilter@6f9b2a39, org.springframework.security.web.savedrequest.RequestCacheAwareFilter@53052142, org.springframework.security.web.servletapi.SecurityContextHolderAwareRequestFilter@547e07db, org.springframework.security.web.authentication.AnonymousAuthenticationFilter@5ffc0d1e, org.springframework.security.web.session.SessionManagementFilter@5ee9977e, org.springframework.security.web.access.ExceptionTranslationFilter@57b59024, org.springframework.security.web.access.intercept.FilterSecurityInterceptor@1bb267c]
2020-12-26 15:52:10 INFO  Adding welcome page template: index
2020-12-26 15:52:11 INFO  HHH000490: Using JtaPlatform implementation: [org.hibernate.engine.transaction.jta.platform.internal.NoJtaPlatform]
2020-12-26 15:52:11 INFO  Initialized JPA EntityManagerFactory for persistence unit 'default'
2020-12-26 15:52:11 INFO  LiveReload server is running on port 35729
2020-12-26 15:52:13 INFO  Cannot determine local hostname
2020-12-26 15:52:13 WARN  All Spring Cloud Security modules and starters are deprecated. They will be moved to individual projects in the next major release.
2020-12-26 15:52:13 INFO  Exposing 2 endpoint(s) beneath base path '/actuator'
2020-12-26 15:52:13 INFO  Starting ProtocolHandler ["http-nio-8080"]
2020-12-26 15:52:13 INFO  Tomcat started on port(s): 8080 (http) with context path ''
2020-12-26 15:52:15 INFO  Cannot determine local hostname
2020-12-26 15:52:15 INFO  Triggering deferred initialization of Spring Data repositories…
2020-12-26 15:52:16 INFO  Spring Data repositories initialized!
2020-12-26 15:52:16 INFO  Started PerfectcherryApplication in 23.305 seconds (JVM running for 26.536)
2020-12-26 15:55:30 INFO  Initializing Spring DispatcherServlet 'dispatcherServlet'
2020-12-26 15:55:30 INFO  Initializing Servlet 'dispatcherServlet'
2020-12-26 15:55:30 INFO  Completed initialization in 33 ms
2020-12-26 15:55:30 DEBUG Check if phone number is alrady in use : 9738115082
2020-12-26 15:55:55 DEBUG Check if phone number is alrady in use : 3232789777
2020-12-26 15:56:41 DEBUG Check if phone number is alrady in use : 9738115082
2020-12-26 16:40:07 DEBUG Inside getUserDataById method
2020-12-26 16:40:07 DEBUG Get user data by userID : 2040537900
2020-12-26 17:04:01 DEBUG Inside createUser method
2020-12-26 17:04:01 DEBUG Create new user with details : UserDTO [id=null, userName=shyamm1, emailAddress=Arjun.nagaraj65@gmail.com, phone=9916729820, password=ss, confirmedPassword=ss, errorMessage=null]
2020-12-26 17:04:01 DEBUG Validate user details : UserDTO [id=null, userName=shyamm1, emailAddress=Arjun.nagaraj65@gmail.com, phone=9916729820, password=ss, confirmedPassword=ss, errorMessage=null]
2020-12-26 17:04:01 DEBUG Inside isEmpty method
2020-12-26 17:04:01 DEBUG Inside isEmpty method
2020-12-26 17:04:01 DEBUG Inside isNotValidLength method
2020-12-26 17:04:01 DEBUG Inside isEmpty method
2020-12-26 17:04:01 DEBUG Inside isEmpty method
2020-12-26 17:04:01 DEBUG Is emailAddress valid : Arjun.nagaraj65@gmail.com
2020-12-26 17:04:01 DEBUG Inside isEmpty method
2020-12-26 17:04:01 DEBUG Inside isEmpty method
2020-12-26 17:04:01 DEBUG Inside isEmpty method
2020-12-26 17:04:01 DEBUG Inside isEmpty method
2020-12-26 17:04:01 DEBUG Inside doesPasswordMatch method
2020-12-26 17:04:01 DEBUG Is user details valid : true
2020-12-26 17:04:01 DEBUG Check if user is registered
2020-12-26 17:04:01 DEBUG Unable to create user : User is already registered with given phone number
2020-12-26 17:04:14 DEBUG Inside createUser method
2020-12-26 17:04:14 DEBUG Create new user with details : UserDTO [id=null, userName=shyamm1, emailAddress=Arjun.nagaraj65@gmail.com, phone=9916729899, password=ss, confirmedPassword=ss, errorMessage=null]
2020-12-26 17:04:14 DEBUG Validate user details : UserDTO [id=null, userName=shyamm1, emailAddress=Arjun.nagaraj65@gmail.com, phone=9916729899, password=ss, confirmedPassword=ss, errorMessage=null]
2020-12-26 17:04:14 DEBUG Inside isEmpty method
2020-12-26 17:04:14 DEBUG Inside isEmpty method
2020-12-26 17:04:14 DEBUG Inside isNotValidLength method
2020-12-26 17:04:14 DEBUG Inside isEmpty method
2020-12-26 17:04:14 DEBUG Inside isEmpty method
2020-12-26 17:04:14 DEBUG Is emailAddress valid : Arjun.nagaraj65@gmail.com
2020-12-26 17:04:14 DEBUG Inside isEmpty method
2020-12-26 17:04:14 DEBUG Inside isEmpty method
2020-12-26 17:04:14 DEBUG Inside isEmpty method
2020-12-26 17:04:14 DEBUG Inside isEmpty method
2020-12-26 17:04:14 DEBUG Inside doesPasswordMatch method
2020-12-26 17:04:14 DEBUG Is user details valid : true
2020-12-26 17:04:14 DEBUG Check if user is registered
2020-12-26 17:04:14 DEBUG Inside getDefaultUserProperties method
2020-12-26 17:04:14 DEBUG Inside getUniqueID method
2020-12-26 17:04:14 DEBUG Inside encryptPassword method
2020-12-26 17:04:15 DEBUG Fill user account details for userID : 2082361791
2020-12-26 17:04:15 DEBUG Inside getUniquePCID method
2020-12-26 17:04:15 DEBUG User created successfully : User [id=2082361791, username=9916729899, password={bcrypt}$2a$10$uJEYynvBQcn7t7UHdYVnL.NiMbuXG0xvtIMws97VEufSHk8w0mhrW, enabled=true, accountNonExpired=true, credentialsNonExpired=true, accountNonLocked=true]
2020-12-26 17:38:19 DEBUG Inside createUser method
2020-12-26 17:38:19 DEBUG Create new user with details : UserDTO [id=null, userName=shyamm1, emailAddress=Arjun.nagaraj65@gmail.com, phone=9916729899, password=ss, confirmedPassword=ss, errorMessage=null]
2020-12-26 17:38:19 DEBUG Validate user details : UserDTO [id=null, userName=shyamm1, emailAddress=Arjun.nagaraj65@gmail.com, phone=9916729899, password=ss, confirmedPassword=ss, errorMessage=null]
2020-12-26 17:38:19 DEBUG Inside isEmpty method
2020-12-26 17:38:19 DEBUG Inside isEmpty method
2020-12-26 17:38:19 DEBUG Inside isNotValidLength method
2020-12-26 17:38:19 DEBUG Inside isEmpty method
2020-12-26 17:38:19 DEBUG Inside isEmpty method
2020-12-26 17:38:19 DEBUG Is emailAddress valid : Arjun.nagaraj65@gmail.com
2020-12-26 17:38:19 DEBUG Inside isEmpty method
2020-12-26 17:38:19 DEBUG Inside isEmpty method
2020-12-26 17:38:19 DEBUG Inside isEmpty method
2020-12-26 17:38:19 DEBUG Inside isEmpty method
2020-12-26 17:38:19 DEBUG Inside doesPasswordMatch method
2020-12-26 17:38:19 DEBUG Is user details valid : true
2020-12-26 17:38:19 DEBUG Check if user is registered
2020-12-26 17:38:19 DEBUG Unable to create user : User is already registered with given phone number
2020-12-26 17:38:28 DEBUG Inside createUser method
2020-12-26 17:38:28 DEBUG Create new user with details : UserDTO [id=null, userName=shyamm1, emailAddress=Arjun.nagaraj65@gmail.com, phone=9916729878, password=ss, confirmedPassword=ss, errorMessage=null]
2020-12-26 17:38:28 DEBUG Validate user details : UserDTO [id=null, userName=shyamm1, emailAddress=Arjun.nagaraj65@gmail.com, phone=9916729878, password=ss, confirmedPassword=ss, errorMessage=null]
2020-12-26 17:38:28 DEBUG Inside isEmpty method
2020-12-26 17:38:28 DEBUG Inside isEmpty method
2020-12-26 17:38:28 DEBUG Inside isNotValidLength method
2020-12-26 17:38:28 DEBUG Inside isEmpty method
2020-12-26 17:38:28 DEBUG Inside isEmpty method
2020-12-26 17:38:28 DEBUG Is emailAddress valid : Arjun.nagaraj65@gmail.com
2020-12-26 17:38:28 DEBUG Inside isEmpty method
2020-12-26 17:38:28 DEBUG Inside isEmpty method
2020-12-26 17:38:28 DEBUG Inside isEmpty method
2020-12-26 17:38:28 DEBUG Inside isEmpty method
2020-12-26 17:38:28 DEBUG Inside doesPasswordMatch method
2020-12-26 17:38:28 DEBUG Is user details valid : true
2020-12-26 17:38:28 DEBUG Check if user is registered
2020-12-26 17:38:28 DEBUG Inside getDefaultUserProperties method
2020-12-26 17:38:28 DEBUG Inside getUniqueID method
2020-12-26 17:38:28 DEBUG Inside encryptPassword method
2020-12-26 17:38:28 DEBUG Fill user account details for userID : 2069344423
2020-12-26 17:38:28 DEBUG Inside getUniquePCID method
2020-12-26 17:38:28 DEBUG User created successfully : User [id=2069344423, username=9916729878, password={bcrypt}$2a$10$BSP5TdioikeF4ytQcFfBf.3C/Y1VQCN1xD4CjjXcTrrvXlC6fGgjC, enabled=true, accountNonExpired=true, credentialsNonExpired=true, accountNonLocked=true]
2020-12-26 17:38:55 DEBUG Inside getUserDataById method
2020-12-26 17:38:55 DEBUG Get user data by userID : 2040537900
2020-12-26 19:44:06 WARN  HikariPool-1 - Thread starvation or clock leap detected (housekeeper delta=1h24m25s382ms569µs300ns).
2020-12-26 22:02:53 WARN  HikariPool-1 - Thread starvation or clock leap detected (housekeeper delta=2h5m47s77ms742µs700ns).
2020-12-26 22:08:01 DEBUG Check if phone number is alrady in use : 9738115082
