2020-12-27 01:14:11 INFO  The Class-Path manifest attribute in C:\Users\an\.m2\repository\com\sun\xml\bind\jaxb-core\2.3.0.1\jaxb-core-2.3.0.1.jar referenced one or more files that do not exist: file:/C:/Users/an/.m2/repository/com/sun/xml/bind/jaxb-core/2.3.0.1/jaxb-api.jar
2020-12-27 01:14:11 INFO  The Class-Path manifest attribute in C:\Users\an\.m2\repository\com\sun\xml\bind\jaxb-impl\2.3.0.1\jaxb-impl-2.3.0.1.jar referenced one or more files that do not exist: file:/C:/Users/an/.m2/repository/com/sun/xml/bind/jaxb-impl/2.3.0.1/jaxb-core.jar
2020-12-27 01:14:11 INFO  Devtools property defaults active! Set 'spring.devtools.add-properties' to 'false' to disable
2020-12-27 01:14:13 INFO  No active profile set, falling back to default profiles: default
2020-12-27 01:14:14 INFO  Bootstrapping Spring Data JPA repositories in DEFERRED mode.
2020-12-27 01:14:14 INFO  Finished Spring Data repository scanning in 95ms. Found 4 JPA repository interfaces.
2020-12-27 01:14:14 INFO  BeanFactory id=3a2cdd0d-ac7a-3642-98f1-b1f23b35cb11
2020-12-27 01:14:14 INFO  Bean 'org.springframework.security.access.expression.method.DefaultMethodSecurityExpressionHandler@5cabf6d7' of type [org.springframework.security.oauth2.provider.expression.OAuth2MethodSecurityExpressionHandler] is not eligible for getting processed by all BeanPostProcessors (for example: not eligible for auto-proxying)
2020-12-27 01:14:14 INFO  Bean 'methodSecurityMetadataSource' of type [org.springframework.security.access.method.DelegatingMethodSecurityMetadataSource] is not eligible for getting processed by all BeanPostProcessors (for example: not eligible for auto-proxying)
2020-12-27 01:14:14 INFO  Tomcat initialized with port(s): 8080 (http)
2020-12-27 01:14:14 INFO  Initializing ProtocolHandler ["http-nio-8080"]
2020-12-27 01:14:14 INFO  Starting service [Tomcat]
2020-12-27 01:14:14 INFO  Starting Servlet engine: [Apache Tomcat/9.0.36]
2020-12-27 01:14:15 INFO  Initializing Spring embedded WebApplicationContext
2020-12-27 01:14:15 INFO  Root WebApplicationContext: initialization completed in 1996 ms
2020-12-27 01:14:15 INFO  Initializing ExecutorService 'applicationTaskExecutor'
2020-12-27 01:14:15 INFO  HHH000204: Processing PersistenceUnitInfo [name: default]
2020-12-27 01:14:15 INFO  HHH000412: Hibernate ORM core version 5.4.17.Final
2020-12-27 01:14:15 WARN  spring.jpa.open-in-view is enabled by default. Therefore, database queries may be performed during view rendering. Explicitly configure spring.jpa.open-in-view to disable this warning
2020-12-27 01:14:15 INFO  HCANN000001: Hibernate Commons Annotations {5.1.0.Final}
2020-12-27 01:14:15 INFO  HikariPool-1 - Starting...
2020-12-27 01:14:15 INFO  HikariPool-1 - Start completed.
2020-12-27 01:14:15 INFO  HHH000400: Using dialect: org.hibernate.dialect.MySQL5Dialect
2020-12-27 01:14:16 INFO  Creating filter chain: Ant [pattern='/user/create'], []
2020-12-27 01:14:16 INFO  Creating filter chain: Ant [pattern='/user/forgotPassword/**'], []
2020-12-27 01:14:16 INFO  Creating filter chain: Ant [pattern='/user/resetPassword'], []
2020-12-27 01:14:16 INFO  Creating filter chain: Ant [pattern='/'], []
2020-12-27 01:14:16 INFO  Creating filter chain: Ant [pattern='/css/**'], []
2020-12-27 01:14:16 INFO  Creating filter chain: Ant [pattern='/font/**'], []
2020-12-27 01:14:16 INFO  Creating filter chain: Ant [pattern='/fonts/**'], []
2020-12-27 01:14:16 INFO  Creating filter chain: Ant [pattern='/img/**'], []
2020-12-27 01:14:16 INFO  Creating filter chain: Ant [pattern='/js/**'], []
2020-12-27 01:14:16 INFO  Creating filter chain: Ant [pattern='/shop-cart/**'], []
2020-12-27 01:14:16 INFO  Creating filter chain: OrRequestMatcher [requestMatchers=[Ant [pattern='/user/login'], Ant [pattern='/oauth/token_key'], Ant [pattern='/user/check_token']]], [org.springframework.security.web.context.request.async.WebAsyncManagerIntegrationFilter@3b358b18, org.springframework.security.web.context.SecurityContextPersistenceFilter@5c50d056, org.springframework.security.web.header.HeaderWriterFilter@62760811, org.springframework.security.web.authentication.logout.LogoutFilter@448207c9, org.springframework.security.web.authentication.www.BasicAuthenticationFilter@2827b3b5, org.springframework.security.web.savedrequest.RequestCacheAwareFilter@2407229a, org.springframework.security.web.servletapi.SecurityContextHolderAwareRequestFilter@46272c54, org.springframework.security.web.authentication.AnonymousAuthenticationFilter@66fef4a5, org.springframework.security.web.session.SessionManagementFilter@3731f11c, org.springframework.security.web.access.ExceptionTranslationFilter@5e770a5f, org.springframework.security.web.access.intercept.FilterSecurityInterceptor@5c5813c5]
2020-12-27 01:14:16 INFO  Creating filter chain: org.springframework.security.oauth2.config.annotation.web.configuration.ResourceServerConfiguration$NotOAuthRequestMatcher@31f3f76f, [org.springframework.security.web.context.request.async.WebAsyncManagerIntegrationFilter@4973e227, org.springframework.security.web.context.SecurityContextPersistenceFilter@32ac2606, org.springframework.security.web.header.HeaderWriterFilter@763db68f, org.springframework.security.web.authentication.logout.LogoutFilter@330e0dc5, org.springframework.security.oauth2.provider.authentication.OAuth2AuthenticationProcessingFilter@164b9690, org.springframework.security.web.savedrequest.RequestCacheAwareFilter@e7bbf62, org.springframework.security.web.servletapi.SecurityContextHolderAwareRequestFilter@1569f9ec, org.springframework.security.web.authentication.AnonymousAuthenticationFilter@2dddcb39, org.springframework.security.web.session.SessionManagementFilter@7070a5b1, org.springframework.security.web.access.ExceptionTranslationFilter@560d4cd5, org.springframework.security.web.access.intercept.FilterSecurityInterceptor@2c593151]
2020-12-27 01:14:16 INFO  Creating filter chain: any request, [org.springframework.security.web.context.request.async.WebAsyncManagerIntegrationFilter@3006b779, org.springframework.security.web.context.SecurityContextPersistenceFilter@29c15b0f, org.springframework.security.web.header.HeaderWriterFilter@665e88de, org.springframework.security.web.csrf.CsrfFilter@6b8e6c66, org.springframework.security.web.authentication.logout.LogoutFilter@ba1d63b, org.springframework.security.web.authentication.UsernamePasswordAuthenticationFilter@7f4b72e3, org.springframework.security.web.authentication.ui.DefaultLoginPageGeneratingFilter@3cdd5a7f, org.springframework.security.web.authentication.ui.DefaultLogoutPageGeneratingFilter@17b7391e, org.springframework.security.web.authentication.www.BasicAuthenticationFilter@3a52e374, org.springframework.security.web.savedrequest.RequestCacheAwareFilter@381588ef, org.springframework.security.web.servletapi.SecurityContextHolderAwareRequestFilter@2a1fef4b, org.springframework.security.web.authentication.AnonymousAuthenticationFilter@33cf8d61, org.springframework.security.web.session.SessionManagementFilter@3134fc13, org.springframework.security.web.access.ExceptionTranslationFilter@6b9f5b5b, org.springframework.security.web.access.intercept.FilterSecurityInterceptor@2921c6e9]
2020-12-27 01:14:16 INFO  Adding welcome page template: index
2020-12-27 01:14:16 INFO  HHH000490: Using JtaPlatform implementation: [org.hibernate.engine.transaction.jta.platform.internal.NoJtaPlatform]
2020-12-27 01:14:16 INFO  Initialized JPA EntityManagerFactory for persistence unit 'default'
2020-12-27 01:14:16 INFO  LiveReload server is running on port 35729
2020-12-27 01:14:18 INFO  Cannot determine local hostname
2020-12-27 01:14:18 WARN  All Spring Cloud Security modules and starters are deprecated. They will be moved to individual projects in the next major release.
2020-12-27 01:14:18 INFO  Exposing 2 endpoint(s) beneath base path '/actuator'
2020-12-27 01:14:18 INFO  Starting ProtocolHandler ["http-nio-8080"]
2020-12-27 01:14:18 INFO  Tomcat started on port(s): 8080 (http) with context path ''
2020-12-27 01:14:20 INFO  Cannot determine local hostname
2020-12-27 01:14:20 INFO  Triggering deferred initialization of Spring Data repositories…
2020-12-27 01:14:20 INFO  Spring Data repositories initialized!
2020-12-27 01:14:20 INFO  Started PerfectcherryApplication in 10.565 seconds (JVM running for 12.083)
2020-12-27 01:21:38 INFO  Initializing Spring DispatcherServlet 'dispatcherServlet'
2020-12-27 01:21:38 INFO  Initializing Servlet 'dispatcherServlet'
2020-12-27 01:21:38 INFO  Completed initialization in 9 ms
2020-12-27 01:21:39 DEBUG Load user by userName : 3232789777
2020-12-27 01:21:54 DEBUG Inside deactivate method
2020-12-27 01:21:54 DEBUG Deactiving user by userID : null
2020-12-27 01:21:54 DEBUG Get user data from token
2020-12-27 01:21:54 DEBUG Fetch userdata for user with phone: 3232789777
2020-12-27 01:21:54 DEBUG User with Id-2040537900 is deactivated successfully
2020-12-27 01:22:11 DEBUG Inside sendInterest method
2020-12-27 01:22:11 DEBUG Activating user by userID : null
2020-12-27 01:22:11 DEBUG Get user data from token
2020-12-27 01:22:11 DEBUG Fetch userdata for user with phone: 3232789777
2020-12-27 01:22:11 DEBUG User with userID-2040537900 activated successfully
2020-12-27 01:22:14 DEBUG Inside sendInterest method
2020-12-27 01:22:14 DEBUG Activating user by userID : null
2020-12-27 01:22:14 DEBUG Get user data from token
2020-12-27 01:22:14 DEBUG Fetch userdata for user with phone: 3232789777
2020-12-27 01:22:14 DEBUG No active user exists with userID : 2040537900
2020-12-27 01:22:21 DEBUG Inside deactivate method
2020-12-27 01:22:21 DEBUG Deactiving user by userID : 202174962567
2020-12-27 01:22:21 DEBUG User with Id-202174962567 is deactivated successfully
2020-12-27 01:22:28 DEBUG Inside sendInterest method
2020-12-27 01:22:28 DEBUG Activating user by userID : 202174962567
2020-12-27 01:22:28 DEBUG User with userID-202174962567 activated successfully
2020-12-27 01:22:38 DEBUG Inside findPeopleNearMe method
2020-12-27 01:22:38 DEBUG Find people near me
2020-12-27 01:22:38 DEBUG Get user data from token
2020-12-27 01:22:38 DEBUG Fetch userdata for user with phone: 3232789777
2020-12-27 01:24:53 INFO  Closing JPA EntityManagerFactory for persistence unit 'default'
2020-12-27 01:24:53 INFO  Shutting down ExecutorService 'applicationTaskExecutor'
2020-12-27 01:24:53 INFO  HikariPool-1 - Shutdown initiated...
2020-12-27 01:24:53 INFO  HikariPool-1 - Shutdown completed.
2020-12-27 01:24:56 INFO  No active profile set, falling back to default profiles: default
2020-12-27 01:24:57 INFO  Bootstrapping Spring Data JPA repositories in DEFERRED mode.
2020-12-27 01:24:57 INFO  Finished Spring Data repository scanning in 55ms. Found 4 JPA repository interfaces.
2020-12-27 01:24:57 INFO  BeanFactory id=3a2cdd0d-ac7a-3642-98f1-b1f23b35cb11
2020-12-27 01:24:57 INFO  Bean 'org.springframework.security.access.expression.method.DefaultMethodSecurityExpressionHandler@32af31c7' of type [org.springframework.security.oauth2.provider.expression.OAuth2MethodSecurityExpressionHandler] is not eligible for getting processed by all BeanPostProcessors (for example: not eligible for auto-proxying)
2020-12-27 01:24:57 INFO  Bean 'methodSecurityMetadataSource' of type [org.springframework.security.access.method.DelegatingMethodSecurityMetadataSource] is not eligible for getting processed by all BeanPostProcessors (for example: not eligible for auto-proxying)
2020-12-27 01:24:57 INFO  Tomcat initialized with port(s): 8080 (http)
2020-12-27 01:24:57 INFO  Initializing ProtocolHandler ["http-nio-8080"]
2020-12-27 01:24:57 INFO  Starting service [Tomcat]
2020-12-27 01:24:57 INFO  Starting Servlet engine: [Apache Tomcat/9.0.36]
2020-12-27 01:24:57 INFO  Initializing Spring embedded WebApplicationContext
2020-12-27 01:24:57 INFO  Root WebApplicationContext: initialization completed in 1083 ms
2020-12-27 01:24:57 INFO  Initializing ExecutorService 'applicationTaskExecutor'
2020-12-27 01:24:57 INFO  HHH000204: Processing PersistenceUnitInfo [name: default]
2020-12-27 01:24:57 INFO  HikariPool-2 - Starting...
2020-12-27 01:24:57 INFO  HikariPool-2 - Start completed.
2020-12-27 01:24:57 INFO  HHH000400: Using dialect: org.hibernate.dialect.MySQL5Dialect
2020-12-27 01:24:57 WARN  spring.jpa.open-in-view is enabled by default. Therefore, database queries may be performed during view rendering. Explicitly configure spring.jpa.open-in-view to disable this warning
2020-12-27 01:24:57 INFO  Creating filter chain: Ant [pattern='/user/create'], []
2020-12-27 01:24:57 INFO  Creating filter chain: Ant [pattern='/user/forgotPassword/**'], []
2020-12-27 01:24:57 INFO  Creating filter chain: Ant [pattern='/user/resetPassword'], []
2020-12-27 01:24:57 INFO  Creating filter chain: Ant [pattern='/'], []
2020-12-27 01:24:57 INFO  Creating filter chain: Ant [pattern='/css/**'], []
2020-12-27 01:24:57 INFO  Creating filter chain: Ant [pattern='/font/**'], []
2020-12-27 01:24:57 INFO  Creating filter chain: Ant [pattern='/fonts/**'], []
2020-12-27 01:24:57 INFO  Creating filter chain: Ant [pattern='/img/**'], []
2020-12-27 01:24:57 INFO  Creating filter chain: Ant [pattern='/js/**'], []
2020-12-27 01:24:57 INFO  Creating filter chain: Ant [pattern='/shop-cart/**'], []
2020-12-27 01:24:57 INFO  Creating filter chain: OrRequestMatcher [requestMatchers=[Ant [pattern='/user/login'], Ant [pattern='/oauth/token_key'], Ant [pattern='/user/check_token']]], [org.springframework.security.web.context.request.async.WebAsyncManagerIntegrationFilter@73b4bd2, org.springframework.security.web.context.SecurityContextPersistenceFilter@3b72ff44, org.springframework.security.web.header.HeaderWriterFilter@5fcb4bf5, org.springframework.security.web.authentication.logout.LogoutFilter@10574deb, org.springframework.security.web.authentication.www.BasicAuthenticationFilter@245c5d49, org.springframework.security.web.savedrequest.RequestCacheAwareFilter@2c29b765, org.springframework.security.web.servletapi.SecurityContextHolderAwareRequestFilter@29b8d5f6, org.springframework.security.web.authentication.AnonymousAuthenticationFilter@4ab19e6e, org.springframework.security.web.session.SessionManagementFilter@2ec7632c, org.springframework.security.web.access.ExceptionTranslationFilter@20d6f35c, org.springframework.security.web.access.intercept.FilterSecurityInterceptor@3cc7b559]
2020-12-27 01:24:57 INFO  Creating filter chain: org.springframework.security.oauth2.config.annotation.web.configuration.ResourceServerConfiguration$NotOAuthRequestMatcher@3600234, [org.springframework.security.web.context.request.async.WebAsyncManagerIntegrationFilter@36f96fc8, org.springframework.security.web.context.SecurityContextPersistenceFilter@1e7e3edf, org.springframework.security.web.header.HeaderWriterFilter@290e32db, org.springframework.security.web.authentication.logout.LogoutFilter@523cc2f1, org.springframework.security.oauth2.provider.authentication.OAuth2AuthenticationProcessingFilter@36f3ee37, org.springframework.security.web.savedrequest.RequestCacheAwareFilter@53da871b, org.springframework.security.web.servletapi.SecurityContextHolderAwareRequestFilter@b9aef51, org.springframework.security.web.authentication.AnonymousAuthenticationFilter@7b173d79, org.springframework.security.web.session.SessionManagementFilter@36201af3, org.springframework.security.web.access.ExceptionTranslationFilter@55f30348, org.springframework.security.web.access.intercept.FilterSecurityInterceptor@2a4bd31c]
2020-12-27 01:24:57 INFO  Creating filter chain: any request, [org.springframework.security.web.context.request.async.WebAsyncManagerIntegrationFilter@a917a5e, org.springframework.security.web.context.SecurityContextPersistenceFilter@5d7541d2, org.springframework.security.web.header.HeaderWriterFilter@4580affa, org.springframework.security.web.csrf.CsrfFilter@5d79fc0e, org.springframework.security.web.authentication.logout.LogoutFilter@20ba82cc, org.springframework.security.web.authentication.UsernamePasswordAuthenticationFilter@5f437fd4, org.springframework.security.web.authentication.ui.DefaultLoginPageGeneratingFilter@59470a7, org.springframework.security.web.authentication.ui.DefaultLogoutPageGeneratingFilter@29d11ec, org.springframework.security.web.authentication.www.BasicAuthenticationFilter@345e7e03, org.springframework.security.web.savedrequest.RequestCacheAwareFilter@78855eaf, org.springframework.security.web.servletapi.SecurityContextHolderAwareRequestFilter@383ad13a, org.springframework.security.web.authentication.AnonymousAuthenticationFilter@46e473b4, org.springframework.security.web.session.SessionManagementFilter@4ffe4daf, org.springframework.security.web.access.ExceptionTranslationFilter@6f594182, org.springframework.security.web.access.intercept.FilterSecurityInterceptor@28f40e1e]
2020-12-27 01:24:57 INFO  Adding welcome page template: index
2020-12-27 01:24:57 INFO  HHH000490: Using JtaPlatform implementation: [org.hibernate.engine.transaction.jta.platform.internal.NoJtaPlatform]
2020-12-27 01:24:57 INFO  Initialized JPA EntityManagerFactory for persistence unit 'default'
2020-12-27 01:24:57 INFO  LiveReload server is running on port 35729
2020-12-27 01:24:59 INFO  Cannot determine local hostname
2020-12-27 01:24:59 WARN  All Spring Cloud Security modules and starters are deprecated. They will be moved to individual projects in the next major release.
2020-12-27 01:24:59 INFO  Exposing 2 endpoint(s) beneath base path '/actuator'
2020-12-27 01:24:59 INFO  Starting ProtocolHandler ["http-nio-8080"]
2020-12-27 01:24:59 INFO  Tomcat started on port(s): 8080 (http) with context path ''
2020-12-27 01:25:00 INFO  Cannot determine local hostname
2020-12-27 01:25:00 INFO  Triggering deferred initialization of Spring Data repositories…
2020-12-27 01:25:00 INFO  Spring Data repositories initialized!
2020-12-27 01:25:00 INFO  Started PerfectcherryApplication in 7.825 seconds (JVM running for 652.675)
2020-12-27 01:25:00 INFO  Condition evaluation unchanged
2020-12-27 01:29:25 INFO  Closing JPA EntityManagerFactory for persistence unit 'default'
2020-12-27 01:29:25 INFO  Shutting down ExecutorService 'applicationTaskExecutor'
2020-12-27 01:29:25 INFO  HikariPool-2 - Shutdown initiated...
2020-12-27 01:29:25 INFO  HikariPool-2 - Shutdown completed.
2020-12-27 01:29:28 INFO  No active profile set, falling back to default profiles: default
2020-12-27 01:29:29 INFO  Bootstrapping Spring Data JPA repositories in DEFERRED mode.
2020-12-27 01:29:29 INFO  Finished Spring Data repository scanning in 55ms. Found 4 JPA repository interfaces.
2020-12-27 01:29:29 INFO  BeanFactory id=3a2cdd0d-ac7a-3642-98f1-b1f23b35cb11
2020-12-27 01:29:29 INFO  Bean 'org.springframework.security.access.expression.method.DefaultMethodSecurityExpressionHandler@2ac07279' of type [org.springframework.security.oauth2.provider.expression.OAuth2MethodSecurityExpressionHandler] is not eligible for getting processed by all BeanPostProcessors (for example: not eligible for auto-proxying)
2020-12-27 01:29:29 INFO  Bean 'methodSecurityMetadataSource' of type [org.springframework.security.access.method.DelegatingMethodSecurityMetadataSource] is not eligible for getting processed by all BeanPostProcessors (for example: not eligible for auto-proxying)
2020-12-27 01:29:29 INFO  Tomcat initialized with port(s): 8080 (http)
2020-12-27 01:29:29 INFO  Initializing ProtocolHandler ["http-nio-8080"]
2020-12-27 01:29:29 INFO  Starting service [Tomcat]
2020-12-27 01:29:29 INFO  Starting Servlet engine: [Apache Tomcat/9.0.36]
2020-12-27 01:29:29 INFO  Initializing Spring embedded WebApplicationContext
2020-12-27 01:29:29 INFO  Root WebApplicationContext: initialization completed in 898 ms
2020-12-27 01:29:29 INFO  Initializing ExecutorService 'applicationTaskExecutor'
2020-12-27 01:29:29 INFO  HHH000204: Processing PersistenceUnitInfo [name: default]
2020-12-27 01:29:29 INFO  HikariPool-3 - Starting...
2020-12-27 01:29:29 INFO  HikariPool-3 - Start completed.
2020-12-27 01:29:29 INFO  HHH000400: Using dialect: org.hibernate.dialect.MySQL5Dialect
2020-12-27 01:29:29 WARN  spring.jpa.open-in-view is enabled by default. Therefore, database queries may be performed during view rendering. Explicitly configure spring.jpa.open-in-view to disable this warning
2020-12-27 01:29:29 INFO  Creating filter chain: Ant [pattern='/user/create'], []
2020-12-27 01:29:29 INFO  Creating filter chain: Ant [pattern='/user/forgotPassword/**'], []
2020-12-27 01:29:29 INFO  Creating filter chain: Ant [pattern='/user/resetPassword'], []
2020-12-27 01:29:29 INFO  Creating filter chain: Ant [pattern='/'], []
2020-12-27 01:29:29 INFO  Creating filter chain: Ant [pattern='/css/**'], []
2020-12-27 01:29:29 INFO  Creating filter chain: Ant [pattern='/font/**'], []
2020-12-27 01:29:29 INFO  Creating filter chain: Ant [pattern='/fonts/**'], []
2020-12-27 01:29:29 INFO  Creating filter chain: Ant [pattern='/img/**'], []
2020-12-27 01:29:29 INFO  Creating filter chain: Ant [pattern='/js/**'], []
2020-12-27 01:29:29 INFO  Creating filter chain: Ant [pattern='/shop-cart/**'], []
2020-12-27 01:29:29 INFO  Creating filter chain: OrRequestMatcher [requestMatchers=[Ant [pattern='/user/login'], Ant [pattern='/oauth/token_key'], Ant [pattern='/user/check_token']]], [org.springframework.security.web.context.request.async.WebAsyncManagerIntegrationFilter@76428e8f, org.springframework.security.web.context.SecurityContextPersistenceFilter@11bf0ab8, org.springframework.security.web.header.HeaderWriterFilter@1021136e, org.springframework.security.web.authentication.logout.LogoutFilter@18a24830, org.springframework.security.web.authentication.www.BasicAuthenticationFilter@4fb25830, org.springframework.security.web.savedrequest.RequestCacheAwareFilter@7c713727, org.springframework.security.web.servletapi.SecurityContextHolderAwareRequestFilter@6453f1a4, org.springframework.security.web.authentication.AnonymousAuthenticationFilter@2ac0ff0e, org.springframework.security.web.session.SessionManagementFilter@7825cb4, org.springframework.security.web.access.ExceptionTranslationFilter@78c2ac24, org.springframework.security.web.access.intercept.FilterSecurityInterceptor@355b7d06]
2020-12-27 01:29:29 INFO  Creating filter chain: org.springframework.security.oauth2.config.annotation.web.configuration.ResourceServerConfiguration$NotOAuthRequestMatcher@518c0b11, [org.springframework.security.web.context.request.async.WebAsyncManagerIntegrationFilter@1b862057, org.springframework.security.web.context.SecurityContextPersistenceFilter@1c830108, org.springframework.security.web.header.HeaderWriterFilter@3e69e20e, org.springframework.security.web.authentication.logout.LogoutFilter@79175300, org.springframework.security.oauth2.provider.authentication.OAuth2AuthenticationProcessingFilter@1244f180, org.springframework.security.web.savedrequest.RequestCacheAwareFilter@1a5070f9, org.springframework.security.web.servletapi.SecurityContextHolderAwareRequestFilter@6b58882f, org.springframework.security.web.authentication.AnonymousAuthenticationFilter@48be21ee, org.springframework.security.web.session.SessionManagementFilter@7e3d1d7b, org.springframework.security.web.access.ExceptionTranslationFilter@7eef1746, org.springframework.security.web.access.intercept.FilterSecurityInterceptor@64712eee]
2020-12-27 01:29:29 INFO  Creating filter chain: any request, [org.springframework.security.web.context.request.async.WebAsyncManagerIntegrationFilter@48cb2a48, org.springframework.security.web.context.SecurityContextPersistenceFilter@62be414c, org.springframework.security.web.header.HeaderWriterFilter@19545897, org.springframework.security.web.csrf.CsrfFilter@12ad69a5, org.springframework.security.web.authentication.logout.LogoutFilter@7dc787f4, org.springframework.security.web.authentication.UsernamePasswordAuthenticationFilter@711e86a4, org.springframework.security.web.authentication.ui.DefaultLoginPageGeneratingFilter@3bf80dbd, org.springframework.security.web.authentication.ui.DefaultLogoutPageGeneratingFilter@39919c9b, org.springframework.security.web.authentication.www.BasicAuthenticationFilter@36a6439b, org.springframework.security.web.savedrequest.RequestCacheAwareFilter@244e4060, org.springframework.security.web.servletapi.SecurityContextHolderAwareRequestFilter@1f65349e, org.springframework.security.web.authentication.AnonymousAuthenticationFilter@3cbf06ab, org.springframework.security.web.session.SessionManagementFilter@1ba7f3dc, org.springframework.security.web.access.ExceptionTranslationFilter@368bbc0, org.springframework.security.web.access.intercept.FilterSecurityInterceptor@3e89f44e]
2020-12-27 01:29:29 INFO  Adding welcome page template: index
2020-12-27 01:29:30 INFO  HHH000490: Using JtaPlatform implementation: [org.hibernate.engine.transaction.jta.platform.internal.NoJtaPlatform]
2020-12-27 01:29:30 INFO  Initialized JPA EntityManagerFactory for persistence unit 'default'
2020-12-27 01:29:30 INFO  LiveReload server is running on port 35729
2020-12-27 01:29:31 INFO  Cannot determine local hostname
2020-12-27 01:29:31 WARN  All Spring Cloud Security modules and starters are deprecated. They will be moved to individual projects in the next major release.
2020-12-27 01:29:31 INFO  Exposing 2 endpoint(s) beneath base path '/actuator'
2020-12-27 01:29:31 INFO  Starting ProtocolHandler ["http-nio-8080"]
2020-12-27 01:29:31 INFO  Tomcat started on port(s): 8080 (http) with context path ''
2020-12-27 01:29:33 INFO  Cannot determine local hostname
2020-12-27 01:29:33 INFO  Triggering deferred initialization of Spring Data repositories…
2020-12-27 01:29:33 INFO  Spring Data repositories initialized!
2020-12-27 01:29:33 INFO  Started PerfectcherryApplication in 7.541 seconds (JVM running for 924.834)
2020-12-27 01:29:33 INFO  Condition evaluation unchanged
2020-12-27 01:31:14 INFO  Closing JPA EntityManagerFactory for persistence unit 'default'
2020-12-27 01:31:14 INFO  Shutting down ExecutorService 'applicationTaskExecutor'
2020-12-27 01:31:14 INFO  HikariPool-3 - Shutdown initiated...
2020-12-27 01:31:14 INFO  HikariPool-3 - Shutdown completed.
2020-12-27 01:31:17 INFO  No active profile set, falling back to default profiles: default
2020-12-27 01:31:17 INFO  Bootstrapping Spring Data JPA repositories in DEFERRED mode.
2020-12-27 01:31:18 INFO  Finished Spring Data repository scanning in 65ms. Found 4 JPA repository interfaces.
2020-12-27 01:31:18 INFO  BeanFactory id=3a2cdd0d-ac7a-3642-98f1-b1f23b35cb11
2020-12-27 01:31:18 INFO  Bean 'org.springframework.security.access.expression.method.DefaultMethodSecurityExpressionHandler@4386d700' of type [org.springframework.security.oauth2.provider.expression.OAuth2MethodSecurityExpressionHandler] is not eligible for getting processed by all BeanPostProcessors (for example: not eligible for auto-proxying)
2020-12-27 01:31:18 INFO  Bean 'methodSecurityMetadataSource' of type [org.springframework.security.access.method.DelegatingMethodSecurityMetadataSource] is not eligible for getting processed by all BeanPostProcessors (for example: not eligible for auto-proxying)
2020-12-27 01:31:18 INFO  Tomcat initialized with port(s): 8080 (http)
2020-12-27 01:31:18 INFO  Initializing ProtocolHandler ["http-nio-8080"]
2020-12-27 01:31:18 INFO  Starting service [Tomcat]
2020-12-27 01:31:18 INFO  Starting Servlet engine: [Apache Tomcat/9.0.36]
2020-12-27 01:31:18 INFO  Initializing Spring embedded WebApplicationContext
2020-12-27 01:31:18 INFO  Root WebApplicationContext: initialization completed in 1005 ms
2020-12-27 01:31:18 INFO  Initializing ExecutorService 'applicationTaskExecutor'
2020-12-27 01:31:18 INFO  HHH000204: Processing PersistenceUnitInfo [name: default]
2020-12-27 01:31:18 INFO  HikariPool-4 - Starting...
2020-12-27 01:31:18 INFO  HikariPool-4 - Start completed.
2020-12-27 01:31:18 INFO  HHH000400: Using dialect: org.hibernate.dialect.MySQL5Dialect
2020-12-27 01:31:18 WARN  spring.jpa.open-in-view is enabled by default. Therefore, database queries may be performed during view rendering. Explicitly configure spring.jpa.open-in-view to disable this warning
2020-12-27 01:31:18 INFO  Creating filter chain: Ant [pattern='/user/create'], []
2020-12-27 01:31:18 INFO  Creating filter chain: Ant [pattern='/user/forgotPassword/**'], []
2020-12-27 01:31:18 INFO  Creating filter chain: Ant [pattern='/user/resetPassword'], []
2020-12-27 01:31:18 INFO  Creating filter chain: Ant [pattern='/'], []
2020-12-27 01:31:18 INFO  Creating filter chain: Ant [pattern='/css/**'], []
2020-12-27 01:31:18 INFO  Creating filter chain: Ant [pattern='/font/**'], []
2020-12-27 01:31:18 INFO  Creating filter chain: Ant [pattern='/fonts/**'], []
2020-12-27 01:31:18 INFO  Creating filter chain: Ant [pattern='/img/**'], []
2020-12-27 01:31:18 INFO  Creating filter chain: Ant [pattern='/js/**'], []
2020-12-27 01:31:18 INFO  Creating filter chain: Ant [pattern='/shop-cart/**'], []
2020-12-27 01:31:18 INFO  Creating filter chain: OrRequestMatcher [requestMatchers=[Ant [pattern='/user/login'], Ant [pattern='/oauth/token_key'], Ant [pattern='/user/check_token']]], [org.springframework.security.web.context.request.async.WebAsyncManagerIntegrationFilter@7af41e1e, org.springframework.security.web.context.SecurityContextPersistenceFilter@370f266c, org.springframework.security.web.header.HeaderWriterFilter@16cf9033, org.springframework.security.web.authentication.logout.LogoutFilter@16d40ce6, org.springframework.security.web.authentication.www.BasicAuthenticationFilter@6c0cda3b, org.springframework.security.web.savedrequest.RequestCacheAwareFilter@3dfaf916, org.springframework.security.web.servletapi.SecurityContextHolderAwareRequestFilter@575ea892, org.springframework.security.web.authentication.AnonymousAuthenticationFilter@353e1922, org.springframework.security.web.session.SessionManagementFilter@34f77019, org.springframework.security.web.access.ExceptionTranslationFilter@780e4e3d, org.springframework.security.web.access.intercept.FilterSecurityInterceptor@60a008aa]
2020-12-27 01:31:18 INFO  Creating filter chain: org.springframework.security.oauth2.config.annotation.web.configuration.ResourceServerConfiguration$NotOAuthRequestMatcher@3b8c559b, [org.springframework.security.web.context.request.async.WebAsyncManagerIntegrationFilter@464dec07, org.springframework.security.web.context.SecurityContextPersistenceFilter@68a52342, org.springframework.security.web.header.HeaderWriterFilter@65db1a8d, org.springframework.security.web.authentication.logout.LogoutFilter@641c5371, org.springframework.security.oauth2.provider.authentication.OAuth2AuthenticationProcessingFilter@28f70622, org.springframework.security.web.savedrequest.RequestCacheAwareFilter@61dd5817, org.springframework.security.web.servletapi.SecurityContextHolderAwareRequestFilter@5cef39d3, org.springframework.security.web.authentication.AnonymousAuthenticationFilter@1dc1385e, org.springframework.security.web.session.SessionManagementFilter@265bf5ff, org.springframework.security.web.access.ExceptionTranslationFilter@744fb7c6, org.springframework.security.web.access.intercept.FilterSecurityInterceptor@2bda90d4]
2020-12-27 01:31:18 INFO  Creating filter chain: any request, [org.springframework.security.web.context.request.async.WebAsyncManagerIntegrationFilter@1f09d4b5, org.springframework.security.web.context.SecurityContextPersistenceFilter@5c18d33f, org.springframework.security.web.header.HeaderWriterFilter@22e4fed5, org.springframework.security.web.csrf.CsrfFilter@5cbf3c5f, org.springframework.security.web.authentication.logout.LogoutFilter@7cc5c662, org.springframework.security.web.authentication.UsernamePasswordAuthenticationFilter@4fefda06, org.springframework.security.web.authentication.ui.DefaultLoginPageGeneratingFilter@11539c0f, org.springframework.security.web.authentication.ui.DefaultLogoutPageGeneratingFilter@2d7907d9, org.springframework.security.web.authentication.www.BasicAuthenticationFilter@5ed8f38f, org.springframework.security.web.savedrequest.RequestCacheAwareFilter@6ff30123, org.springframework.security.web.servletapi.SecurityContextHolderAwareRequestFilter@6ae4585e, org.springframework.security.web.authentication.AnonymousAuthenticationFilter@1cf7d79a, org.springframework.security.web.session.SessionManagementFilter@79e05598, org.springframework.security.web.access.ExceptionTranslationFilter@30d0711e, org.springframework.security.web.access.intercept.FilterSecurityInterceptor@21126a1f]
2020-12-27 01:31:18 INFO  Adding welcome page template: index
2020-12-27 01:31:18 INFO  HHH000490: Using JtaPlatform implementation: [org.hibernate.engine.transaction.jta.platform.internal.NoJtaPlatform]
2020-12-27 01:31:18 INFO  Initialized JPA EntityManagerFactory for persistence unit 'default'
2020-12-27 01:31:18 INFO  LiveReload server is running on port 35729
2020-12-27 01:31:20 INFO  Cannot determine local hostname
2020-12-27 01:31:20 WARN  All Spring Cloud Security modules and starters are deprecated. They will be moved to individual projects in the next major release.
2020-12-27 01:31:20 INFO  Exposing 2 endpoint(s) beneath base path '/actuator'
2020-12-27 01:31:20 INFO  Starting ProtocolHandler ["http-nio-8080"]
2020-12-27 01:31:20 INFO  Tomcat started on port(s): 8080 (http) with context path ''
2020-12-27 01:31:21 INFO  Cannot determine local hostname
2020-12-27 01:31:21 INFO  Triggering deferred initialization of Spring Data repositories…
2020-12-27 01:31:21 INFO  Spring Data repositories initialized!
2020-12-27 01:31:21 INFO  Started PerfectcherryApplication in 7.723 seconds (JVM running for 1033.698)
2020-12-27 01:31:21 INFO  Condition evaluation unchanged
2020-12-27 23:34:14 WARN  HikariPool-4 - Thread starvation or clock leap detected (housekeeper delta=21h49m25s293ms402µs700ns).
