2020-12-26 14:43:15 INFO  The Class-Path manifest attribute in C:\Users\an\.m2\repository\com\sun\xml\bind\jaxb-core\2.3.0.1\jaxb-core-2.3.0.1.jar referenced one or more files that do not exist: file:/C:/Users/an/.m2/repository/com/sun/xml/bind/jaxb-core/2.3.0.1/jaxb-api.jar
2020-12-26 14:43:15 INFO  The Class-Path manifest attribute in C:\Users\an\.m2\repository\com\sun\xml\bind\jaxb-impl\2.3.0.1\jaxb-impl-2.3.0.1.jar referenced one or more files that do not exist: file:/C:/Users/an/.m2/repository/com/sun/xml/bind/jaxb-impl/2.3.0.1/jaxb-core.jar
2020-12-26 14:43:15 INFO  Devtools property defaults active! Set 'spring.devtools.add-properties' to 'false' to disable
2020-12-26 14:43:18 INFO  No active profile set, falling back to default profiles: default
2020-12-26 14:43:21 INFO  Bootstrapping Spring Data JPA repositories in DEFERRED mode.
2020-12-26 14:43:21 INFO  Finished Spring Data repository scanning in 228ms. Found 4 JPA repository interfaces.
2020-12-26 14:43:22 INFO  BeanFactory id=fe798f8f-4bf4-3942-9c85-880823703160
2020-12-26 14:43:22 INFO  Bean 'org.springframework.security.access.expression.method.DefaultMethodSecurityExpressionHandler@775a4448' of type [org.springframework.security.oauth2.provider.expression.OAuth2MethodSecurityExpressionHandler] is not eligible for getting processed by all BeanPostProcessors (for example: not eligible for auto-proxying)
2020-12-26 14:43:22 INFO  Bean 'methodSecurityMetadataSource' of type [org.springframework.security.access.method.DelegatingMethodSecurityMetadataSource] is not eligible for getting processed by all BeanPostProcessors (for example: not eligible for auto-proxying)
2020-12-26 14:43:23 INFO  Tomcat initialized with port(s): 8080 (http)
2020-12-26 14:43:23 INFO  Initializing ProtocolHandler ["http-nio-8080"]
2020-12-26 14:43:23 INFO  Starting service [Tomcat]
2020-12-26 14:43:23 INFO  Starting Servlet engine: [Apache Tomcat/9.0.36]
2020-12-26 14:43:23 INFO  Initializing Spring embedded WebApplicationContext
2020-12-26 14:43:23 INFO  Root WebApplicationContext: initialization completed in 4880 ms
2020-12-26 14:43:23 INFO  Initializing ExecutorService 'applicationTaskExecutor'
2020-12-26 14:43:24 INFO  HHH000204: Processing PersistenceUnitInfo [name: default]
2020-12-26 14:43:24 WARN  spring.jpa.open-in-view is enabled by default. Therefore, database queries may be performed during view rendering. Explicitly configure spring.jpa.open-in-view to disable this warning
2020-12-26 14:43:24 INFO  HHH000412: Hibernate ORM core version 5.4.17.Final
2020-12-26 14:43:24 INFO  HCANN000001: Hibernate Commons Annotations {5.1.0.Final}
2020-12-26 14:43:24 INFO  HikariPool-1 - Starting...
2020-12-26 14:43:25 INFO  HikariPool-1 - Start completed.
2020-12-26 14:43:25 INFO  HHH000400: Using dialect: org.hibernate.dialect.MySQL5Dialect
2020-12-26 14:43:26 INFO  Creating filter chain: Ant [pattern='/user/create'], []
2020-12-26 14:43:26 INFO  Creating filter chain: Ant [pattern='/user/forgotPassword/**'], []
2020-12-26 14:43:26 INFO  Creating filter chain: Ant [pattern='/user/resetPassword'], []
2020-12-26 14:43:26 INFO  Creating filter chain: Ant [pattern='/'], []
2020-12-26 14:43:26 INFO  Creating filter chain: Ant [pattern='/css/**'], []
2020-12-26 14:43:26 INFO  Creating filter chain: Ant [pattern='/font/**'], []
2020-12-26 14:43:26 INFO  Creating filter chain: Ant [pattern='/fonts/**'], []
2020-12-26 14:43:26 INFO  Creating filter chain: Ant [pattern='/img/**'], []
2020-12-26 14:43:26 INFO  Creating filter chain: Ant [pattern='/js/**'], []
2020-12-26 14:43:26 INFO  Creating filter chain: Ant [pattern='/shop-cart/**'], []
2020-12-26 14:43:26 INFO  Creating filter chain: OrRequestMatcher [requestMatchers=[Ant [pattern='/user/login'], Ant [pattern='/oauth/token_key'], Ant [pattern='/user/check_token']]], [org.springframework.security.web.context.request.async.WebAsyncManagerIntegrationFilter@e5c88b9, org.springframework.security.web.context.SecurityContextPersistenceFilter@37b83680, org.springframework.security.web.header.HeaderWriterFilter@7a526b3b, org.springframework.security.web.authentication.logout.LogoutFilter@6a71a1db, org.springframework.security.web.authentication.www.BasicAuthenticationFilter@e6689d9, org.springframework.security.web.savedrequest.RequestCacheAwareFilter@398b381a, org.springframework.security.web.servletapi.SecurityContextHolderAwareRequestFilter@1773fe6d, org.springframework.security.web.authentication.AnonymousAuthenticationFilter@5d3bf87a, org.springframework.security.web.session.SessionManagementFilter@76309285, org.springframework.security.web.access.ExceptionTranslationFilter@4900122d, org.springframework.security.web.access.intercept.FilterSecurityInterceptor@41303121]
2020-12-26 14:43:26 INFO  Creating filter chain: org.springframework.security.oauth2.config.annotation.web.configuration.ResourceServerConfiguration$NotOAuthRequestMatcher@39fe1d59, [org.springframework.security.web.context.request.async.WebAsyncManagerIntegrationFilter@37acc256, org.springframework.security.web.context.SecurityContextPersistenceFilter@441e4c1f, org.springframework.security.web.header.HeaderWriterFilter@5d1022de, org.springframework.security.web.authentication.logout.LogoutFilter@640a6ae5, org.springframework.security.oauth2.provider.authentication.OAuth2AuthenticationProcessingFilter@8ac12c7, org.springframework.security.web.savedrequest.RequestCacheAwareFilter@7654f752, org.springframework.security.web.servletapi.SecurityContextHolderAwareRequestFilter@2a0e2d94, org.springframework.security.web.authentication.AnonymousAuthenticationFilter@309ae2c8, org.springframework.security.web.session.SessionManagementFilter@44478e65, org.springframework.security.web.access.ExceptionTranslationFilter@3560e305, org.springframework.security.web.access.intercept.FilterSecurityInterceptor@4f8ac3d1]
2020-12-26 14:43:26 INFO  Creating filter chain: any request, [org.springframework.security.web.context.request.async.WebAsyncManagerIntegrationFilter@209b938b, org.springframework.security.web.context.SecurityContextPersistenceFilter@3ee70c23, org.springframework.security.web.header.HeaderWriterFilter@65363620, org.springframework.security.web.csrf.CsrfFilter@7a7bfa59, org.springframework.security.web.authentication.logout.LogoutFilter@3fb4f9e9, org.springframework.security.web.authentication.UsernamePasswordAuthenticationFilter@da70ced, org.springframework.security.web.authentication.ui.DefaultLoginPageGeneratingFilter@483b1efe, org.springframework.security.web.authentication.ui.DefaultLogoutPageGeneratingFilter@6ac2efc1, org.springframework.security.web.authentication.www.BasicAuthenticationFilter@6c70f093, org.springframework.security.web.savedrequest.RequestCacheAwareFilter@5b65537b, org.springframework.security.web.servletapi.SecurityContextHolderAwareRequestFilter@f36f901, org.springframework.security.web.authentication.AnonymousAuthenticationFilter@5f374610, org.springframework.security.web.session.SessionManagementFilter@1beb8435, org.springframework.security.web.access.ExceptionTranslationFilter@325ae7bb, org.springframework.security.web.access.intercept.FilterSecurityInterceptor@1dcafb32]
2020-12-26 14:43:26 INFO  Adding welcome page template: index
2020-12-26 14:43:28 INFO  HHH000490: Using JtaPlatform implementation: [org.hibernate.engine.transaction.jta.platform.internal.NoJtaPlatform]
2020-12-26 14:43:28 INFO  Initialized JPA EntityManagerFactory for persistence unit 'default'
2020-12-26 14:43:28 INFO  LiveReload server is running on port 35729
2020-12-26 14:43:31 INFO  Cannot determine local hostname
2020-12-26 14:43:31 WARN  All Spring Cloud Security modules and starters are deprecated. They will be moved to individual projects in the next major release.
2020-12-26 14:43:31 INFO  Exposing 2 endpoint(s) beneath base path '/actuator'
2020-12-26 14:43:31 INFO  Starting ProtocolHandler ["http-nio-8080"]
2020-12-26 14:43:31 INFO  Tomcat started on port(s): 8080 (http) with context path ''
2020-12-26 14:43:33 INFO  Cannot determine local hostname
2020-12-26 14:43:33 INFO  Triggering deferred initialization of Spring Data repositories…
2020-12-26 14:43:34 INFO  Spring Data repositories initialized!
2020-12-26 14:43:34 INFO  Started PerfectcherryApplication in 22.199 seconds (JVM running for 27.256)
2020-12-26 14:45:10 INFO  Initializing Spring DispatcherServlet 'dispatcherServlet'
2020-12-26 14:45:10 INFO  Initializing Servlet 'dispatcherServlet'
2020-12-26 14:45:10 INFO  Completed initialization in 20 ms
2020-12-26 14:45:11 DEBUG Load user by userName : 3232789777
2020-12-26 14:45:30 DEBUG Check if phone number is alrady in use : 9738115082
2020-12-26 14:45:30 WARN  Resolved [java.lang.NullPointerException]
2020-12-26 14:48:39 INFO  Application shutdown requested.
2020-12-26 14:48:39 INFO  Pausing ProtocolHandler ["http-nio-8080"]
2020-12-26 14:48:39 INFO  Stopping service [Tomcat]
2020-12-26 14:48:39 INFO  Destroying Spring FrameworkServlet 'dispatcherServlet'
2020-12-26 14:48:39 INFO  Stopping ProtocolHandler ["http-nio-8080"]
2020-12-26 14:48:39 ERROR Socket accept failed
java.nio.channels.AsynchronousCloseException: null
	at java.nio.channels.spi.AbstractInterruptibleChannel.end(AbstractInterruptibleChannel.java:202) ~[?:?]
	at sun.nio.ch.ServerSocketChannelImpl.end(ServerSocketChannelImpl.java:269) ~[?:?]
	at sun.nio.ch.ServerSocketChannelImpl.accept(ServerSocketChannelImpl.java:288) ~[?:?]
	at org.apache.tomcat.util.net.NioEndpoint.serverSocketAccept(NioEndpoint.java:469) ~[tomcat-embed-core-9.0.36.jar:9.0.36]
	at org.apache.tomcat.util.net.NioEndpoint.serverSocketAccept(NioEndpoint.java:71) ~[tomcat-embed-core-9.0.36.jar:9.0.36]
	at org.apache.tomcat.util.net.Acceptor.run(Acceptor.java:95) [tomcat-embed-core-9.0.36.jar:9.0.36]
	at java.lang.Thread.run(Thread.java:834) [?:?]
2020-12-26 14:48:39 INFO  Destroying ProtocolHandler ["http-nio-8080"]
2020-12-26 14:48:39 INFO  Closing JPA EntityManagerFactory for persistence unit 'default'
2020-12-26 14:48:39 INFO  Shutting down ExecutorService 'applicationTaskExecutor'
2020-12-26 14:48:39 INFO  HikariPool-1 - Shutdown initiated...
2020-12-26 14:48:39 INFO  HikariPool-1 - Shutdown completed.
