2020-12-26 14:49:17 INFO  The Class-Path manifest attribute in C:\Users\an\.m2\repository\com\sun\xml\bind\jaxb-core\2.3.0.1\jaxb-core-2.3.0.1.jar referenced one or more files that do not exist: file:/C:/Users/an/.m2/repository/com/sun/xml/bind/jaxb-core/2.3.0.1/jaxb-api.jar
2020-12-26 14:49:17 INFO  The Class-Path manifest attribute in C:\Users\an\.m2\repository\com\sun\xml\bind\jaxb-impl\2.3.0.1\jaxb-impl-2.3.0.1.jar referenced one or more files that do not exist: file:/C:/Users/an/.m2/repository/com/sun/xml/bind/jaxb-impl/2.3.0.1/jaxb-core.jar
2020-12-26 14:49:17 INFO  Devtools property defaults active! Set 'spring.devtools.add-properties' to 'false' to disable
2020-12-26 14:49:20 INFO  No active profile set, falling back to default profiles: default
2020-12-26 14:49:27 INFO  Bootstrapping Spring Data JPA repositories in DEFERRED mode.
2020-12-26 14:49:27 INFO  Finished Spring Data repository scanning in 240ms. Found 4 JPA repository interfaces.
2020-12-26 14:49:27 INFO  BeanFactory id=fe798f8f-4bf4-3942-9c85-880823703160
2020-12-26 14:49:28 INFO  Bean 'org.springframework.security.access.expression.method.DefaultMethodSecurityExpressionHandler@1c909e8' of type [org.springframework.security.oauth2.provider.expression.OAuth2MethodSecurityExpressionHandler] is not eligible for getting processed by all BeanPostProcessors (for example: not eligible for auto-proxying)
2020-12-26 14:49:28 INFO  Bean 'methodSecurityMetadataSource' of type [org.springframework.security.access.method.DelegatingMethodSecurityMetadataSource] is not eligible for getting processed by all BeanPostProcessors (for example: not eligible for auto-proxying)
2020-12-26 14:49:28 INFO  Tomcat initialized with port(s): 8080 (http)
2020-12-26 14:49:28 INFO  Initializing ProtocolHandler ["http-nio-8080"]
2020-12-26 14:49:28 INFO  Starting service [Tomcat]
2020-12-26 14:49:28 INFO  Starting Servlet engine: [Apache Tomcat/9.0.36]
2020-12-26 14:49:29 INFO  Initializing Spring embedded WebApplicationContext
2020-12-26 14:49:29 INFO  Root WebApplicationContext: initialization completed in 8811 ms
2020-12-26 14:49:29 INFO  Initializing ExecutorService 'applicationTaskExecutor'
2020-12-26 14:49:29 INFO  HHH000204: Processing PersistenceUnitInfo [name: default]
2020-12-26 14:49:29 INFO  HHH000412: Hibernate ORM core version 5.4.17.Final
2020-12-26 14:49:29 WARN  spring.jpa.open-in-view is enabled by default. Therefore, database queries may be performed during view rendering. Explicitly configure spring.jpa.open-in-view to disable this warning
2020-12-26 14:49:29 INFO  HCANN000001: Hibernate Commons Annotations {5.1.0.Final}
2020-12-26 14:49:30 INFO  HikariPool-1 - Starting...
2020-12-26 14:49:30 INFO  HikariPool-1 - Start completed.
2020-12-26 14:49:30 INFO  HHH000400: Using dialect: org.hibernate.dialect.MySQL5Dialect
2020-12-26 14:49:31 INFO  Creating filter chain: Ant [pattern='/user/create'], []
2020-12-26 14:49:31 INFO  Creating filter chain: Ant [pattern='/user/forgotPassword/**'], []
2020-12-26 14:49:31 INFO  Creating filter chain: Ant [pattern='/user/resetPassword'], []
2020-12-26 14:49:31 INFO  Creating filter chain: Ant [pattern='/'], []
2020-12-26 14:49:31 INFO  Creating filter chain: Ant [pattern='/css/**'], []
2020-12-26 14:49:31 INFO  Creating filter chain: Ant [pattern='/font/**'], []
2020-12-26 14:49:31 INFO  Creating filter chain: Ant [pattern='/fonts/**'], []
2020-12-26 14:49:31 INFO  Creating filter chain: Ant [pattern='/img/**'], []
2020-12-26 14:49:31 INFO  Creating filter chain: Ant [pattern='/js/**'], []
2020-12-26 14:49:31 INFO  Creating filter chain: Ant [pattern='/shop-cart/**'], []
2020-12-26 14:49:31 INFO  Creating filter chain: OrRequestMatcher [requestMatchers=[Ant [pattern='/user/login'], Ant [pattern='/oauth/token_key'], Ant [pattern='/user/check_token']]], [org.springframework.security.web.context.request.async.WebAsyncManagerIntegrationFilter@1001881d, org.springframework.security.web.context.SecurityContextPersistenceFilter@195c83f4, org.springframework.security.web.header.HeaderWriterFilter@28a64fd2, org.springframework.security.web.authentication.logout.LogoutFilter@30c1215a, org.springframework.security.web.authentication.www.BasicAuthenticationFilter@3f15e64c, org.springframework.security.web.savedrequest.RequestCacheAwareFilter@3fd945e6, org.springframework.security.web.servletapi.SecurityContextHolderAwareRequestFilter@7f924a5d, org.springframework.security.web.authentication.AnonymousAuthenticationFilter@d696756, org.springframework.security.web.session.SessionManagementFilter@6255298f, org.springframework.security.web.access.ExceptionTranslationFilter@ae4e50b, org.springframework.security.web.access.intercept.FilterSecurityInterceptor@1d8ab709]
2020-12-26 14:49:31 INFO  Creating filter chain: org.springframework.security.oauth2.config.annotation.web.configuration.ResourceServerConfiguration$NotOAuthRequestMatcher@7bd72c99, [org.springframework.security.web.context.request.async.WebAsyncManagerIntegrationFilter@77c637ed, org.springframework.security.web.context.SecurityContextPersistenceFilter@12d6333f, org.springframework.security.web.header.HeaderWriterFilter@c1d8d70, org.springframework.security.web.authentication.logout.LogoutFilter@74075aa, org.springframework.security.oauth2.provider.authentication.OAuth2AuthenticationProcessingFilter@8dd7fd7, org.springframework.security.web.savedrequest.RequestCacheAwareFilter@17613aba, org.springframework.security.web.servletapi.SecurityContextHolderAwareRequestFilter@77f7432b, org.springframework.security.web.authentication.AnonymousAuthenticationFilter@6870cb85, org.springframework.security.web.session.SessionManagementFilter@1d89c03e, org.springframework.security.web.access.ExceptionTranslationFilter@69fd99f6, org.springframework.security.web.access.intercept.FilterSecurityInterceptor@13043091]
2020-12-26 14:49:31 INFO  Creating filter chain: any request, [org.springframework.security.web.context.request.async.WebAsyncManagerIntegrationFilter@12be8c72, org.springframework.security.web.context.SecurityContextPersistenceFilter@18bc0ba8, org.springframework.security.web.header.HeaderWriterFilter@6445929, org.springframework.security.web.csrf.CsrfFilter@e6b41aa, org.springframework.security.web.authentication.logout.LogoutFilter@646fcf28, org.springframework.security.web.authentication.UsernamePasswordAuthenticationFilter@435e691c, org.springframework.security.web.authentication.ui.DefaultLoginPageGeneratingFilter@4b743df6, org.springframework.security.web.authentication.ui.DefaultLogoutPageGeneratingFilter@688ba497, org.springframework.security.web.authentication.www.BasicAuthenticationFilter@165a0f7d, org.springframework.security.web.savedrequest.RequestCacheAwareFilter@5040f2ac, org.springframework.security.web.servletapi.SecurityContextHolderAwareRequestFilter@7469749c, org.springframework.security.web.authentication.AnonymousAuthenticationFilter@58ad3613, org.springframework.security.web.session.SessionManagementFilter@4c8e7582, org.springframework.security.web.access.ExceptionTranslationFilter@590226dd, org.springframework.security.web.access.intercept.FilterSecurityInterceptor@74a1ddd7]
2020-12-26 14:49:31 INFO  Adding welcome page template: index
2020-12-26 14:49:32 INFO  HHH000490: Using JtaPlatform implementation: [org.hibernate.engine.transaction.jta.platform.internal.NoJtaPlatform]
2020-12-26 14:49:32 INFO  Initialized JPA EntityManagerFactory for persistence unit 'default'
2020-12-26 14:49:32 INFO  LiveReload server is running on port 35729
2020-12-26 14:49:35 INFO  Cannot determine local hostname
2020-12-26 14:49:35 WARN  All Spring Cloud Security modules and starters are deprecated. They will be moved to individual projects in the next major release.
2020-12-26 14:49:35 INFO  Exposing 2 endpoint(s) beneath base path '/actuator'
2020-12-26 14:49:35 INFO  Starting ProtocolHandler ["http-nio-8080"]
2020-12-26 14:49:35 INFO  Tomcat started on port(s): 8080 (http) with context path ''
2020-12-26 14:49:37 INFO  Cannot determine local hostname
2020-12-26 14:49:37 INFO  Triggering deferred initialization of Spring Data repositories…
2020-12-26 14:49:38 INFO  Spring Data repositories initialized!
2020-12-26 14:49:38 INFO  Started PerfectcherryApplication in 24.799 seconds (JVM running for 29.159)
2020-12-26 14:49:55 INFO  Initializing Spring DispatcherServlet 'dispatcherServlet'
2020-12-26 14:49:55 INFO  Initializing Servlet 'dispatcherServlet'
2020-12-26 14:49:55 INFO  Completed initialization in 11 ms
2020-12-26 14:50:00 DEBUG Check if phone number is alrady in use : 9738115082
2020-12-26 15:05:32 DEBUG Check if phone number is alrady in use : 973811508
2020-12-26 15:05:38 DEBUG Check if phone number is alrady in use : 9738115082
2020-12-26 15:05:41 DEBUG Check if phone number is alrady in use : 97381150823
2020-12-26 15:05:49 DEBUG Check if phone number is alrady in use : 9738115082
2020-12-26 15:17:52 DEBUG Load user by userName : 3232789777
2020-12-26 15:43:46 DEBUG Check if phone number is alrady in use : 9738115082
