2020-11-03 00:42:16,034 INFO o.s.b.l.DeferredLog [restartedMain] The Class-Path manifest attribute in C:\Users\an\.m2\repository\com\sun\xml\bind\jaxb-core\2.3.0.1\jaxb-core-2.3.0.1.jar referenced one or more files that do not exist: file:/C:/Users/an/.m2/repository/com/sun/xml/bind/jaxb-core/2.3.0.1/jaxb-api.jar
2020-11-03 00:42:16,044 INFO o.s.b.l.DeferredLog [restartedMain] The Class-Path manifest attribute in C:\Users\an\.m2\repository\com\sun\xml\bind\jaxb-impl\2.3.0.1\jaxb-impl-2.3.0.1.jar referenced one or more files that do not exist: file:/C:/Users/an/.m2/repository/com/sun/xml/bind/jaxb-impl/2.3.0.1/jaxb-core.jar
2020-11-03 00:42:16,050 INFO o.s.b.l.DeferredLog [restartedMain] Devtools property defaults active! Set 'spring.devtools.add-properties' to 'false' to disable
2020-11-03 00:42:17,455 INFO o.s.b.SpringApplication [restartedMain] No active profile set, falling back to default profiles: default
2020-11-03 00:42:19,178 INFO o.s.d.r.c.RepositoryConfigurationDelegate [restartedMain] Bootstrapping Spring Data JPA repositories in DEFERRED mode.
2020-11-03 00:42:19,321 INFO o.s.d.r.c.RepositoryConfigurationDelegate [restartedMain] Finished Spring Data repository scanning in 135ms. Found 5 JPA repository interfaces.
2020-11-03 00:42:19,607 INFO o.s.c.c.s.GenericScope [restartedMain] BeanFactory id=26a01afa-e2bb-39fd-bc0a-09ef3e009268
2020-11-03 00:42:19,823 INFO o.s.c.s.PostProcessorRegistrationDelegate$BeanPostProcessorChecker [restartedMain] Bean 'org.springframework.security.access.expression.method.DefaultMethodSecurityExpressionHandler@39a803b9' of type [org.springframework.security.oauth2.provider.expression.OAuth2MethodSecurityExpressionHandler] is not eligible for getting processed by all BeanPostProcessors (for example: not eligible for auto-proxying)
2020-11-03 00:42:19,829 INFO o.s.c.s.PostProcessorRegistrationDelegate$BeanPostProcessorChecker [restartedMain] Bean 'methodSecurityMetadataSource' of type [org.springframework.security.access.method.DelegatingMethodSecurityMetadataSource] is not eligible for getting processed by all BeanPostProcessors (for example: not eligible for auto-proxying)
2020-11-03 00:42:20,431 INFO o.s.b.w.e.t.TomcatWebServer [restartedMain] Tomcat initialized with port(s): 8080 (http)
2020-11-03 00:42:20,442 INFO o.a.j.l.DirectJDKLog [restartedMain] Initializing ProtocolHandler ["http-nio-8080"]
2020-11-03 00:42:20,442 INFO o.a.j.l.DirectJDKLog [restartedMain] Starting service [Tomcat]
2020-11-03 00:42:20,443 INFO o.a.j.l.DirectJDKLog [restartedMain] Starting Servlet engine: [Apache Tomcat/9.0.36]
2020-11-03 00:42:20,842 INFO o.a.j.l.DirectJDKLog [restartedMain] Initializing Spring embedded WebApplicationContext
2020-11-03 00:42:20,842 INFO o.s.b.w.s.c.ServletWebServerApplicationContext [restartedMain] Root WebApplicationContext: initialization completed in 3359 ms
2020-11-03 00:42:21,282 INFO o.s.s.c.ExecutorConfigurationSupport [restartedMain] Initializing ExecutorService 'applicationTaskExecutor'
2020-11-03 00:42:21,416 INFO o.h.j.i.u.LogHelper [task-1] HHH000204: Processing PersistenceUnitInfo [name: default]
2020-11-03 00:42:21,489 INFO o.h.Version [task-1] HHH000412: Hibernate ORM core version 5.4.17.Final
2020-11-03 00:42:21,495 WARN o.s.b.a.o.j.JpaBaseConfiguration$JpaWebConfiguration [restartedMain] spring.jpa.open-in-view is enabled by default. Therefore, database queries may be performed during view rendering. Explicitly configure spring.jpa.open-in-view to disable this warning
2020-11-03 00:42:21,714 INFO o.h.a.c.r.j.JavaReflectionManager [task-1] HCANN000001: Hibernate Commons Annotations {5.1.0.Final}
2020-11-03 00:42:21,905 INFO c.z.h.HikariDataSource [task-1] HikariPool-1 - Starting...
2020-11-03 00:42:22,276 INFO o.s.s.w.DefaultSecurityFilterChain [restartedMain] Creating filter chain: Ant [pattern='/user/create'], []
2020-11-03 00:42:22,276 INFO o.s.s.w.DefaultSecurityFilterChain [restartedMain] Creating filter chain: Ant [pattern='/user/forgotPassword/**'], []
2020-11-03 00:42:22,276 INFO o.s.s.w.DefaultSecurityFilterChain [restartedMain] Creating filter chain: Ant [pattern='/user/resetPassword'], []
2020-11-03 00:42:22,276 INFO o.s.s.w.DefaultSecurityFilterChain [restartedMain] Creating filter chain: Ant [pattern='/'], []
2020-11-03 00:42:22,277 INFO o.s.s.w.DefaultSecurityFilterChain [restartedMain] Creating filter chain: Ant [pattern='/css/**'], []
2020-11-03 00:42:22,277 INFO o.s.s.w.DefaultSecurityFilterChain [restartedMain] Creating filter chain: Ant [pattern='/font/**'], []
2020-11-03 00:42:22,277 INFO o.s.s.w.DefaultSecurityFilterChain [restartedMain] Creating filter chain: Ant [pattern='/fonts/**'], []
2020-11-03 00:42:22,277 INFO o.s.s.w.DefaultSecurityFilterChain [restartedMain] Creating filter chain: Ant [pattern='/img/**'], []
2020-11-03 00:42:22,278 INFO o.s.s.w.DefaultSecurityFilterChain [restartedMain] Creating filter chain: Ant [pattern='/js/**'], []
2020-11-03 00:42:22,278 INFO o.s.s.w.DefaultSecurityFilterChain [restartedMain] Creating filter chain: Ant [pattern='/shop-cart/**'], []
2020-11-03 00:42:22,335 INFO o.s.s.w.DefaultSecurityFilterChain [restartedMain] Creating filter chain: OrRequestMatcher [requestMatchers=[Ant [pattern='/user/login'], Ant [pattern='/oauth/token_key'], Ant [pattern='/user/check_token']]], [org.springframework.security.web.context.request.async.WebAsyncManagerIntegrationFilter@734bc4c7, org.springframework.security.web.context.SecurityContextPersistenceFilter@4248018, org.springframework.security.web.header.HeaderWriterFilter@28156c5c, org.springframework.security.web.authentication.logout.LogoutFilter@42d41e85, org.springframework.security.web.authentication.www.BasicAuthenticationFilter@53e517ab, org.springframework.security.web.savedrequest.RequestCacheAwareFilter@6e895931, org.springframework.security.web.servletapi.SecurityContextHolderAwareRequestFilter@5bce5224, org.springframework.security.web.authentication.AnonymousAuthenticationFilter@385347e3, org.springframework.security.web.session.SessionManagementFilter@36f0763a, org.springframework.security.web.access.ExceptionTranslationFilter@647dd9, org.springframework.security.web.access.intercept.FilterSecurityInterceptor@7244ac96]
2020-11-03 00:42:22,363 INFO o.s.s.w.DefaultSecurityFilterChain [restartedMain] Creating filter chain: org.springframework.security.oauth2.config.annotation.web.configuration.ResourceServerConfiguration$NotOAuthRequestMatcher@45481776, [org.springframework.security.web.context.request.async.WebAsyncManagerIntegrationFilter@37c6884f, org.springframework.security.web.context.SecurityContextPersistenceFilter@a62d0dd, org.springframework.security.web.header.HeaderWriterFilter@25873933, org.springframework.security.web.authentication.logout.LogoutFilter@33cab923, org.springframework.security.oauth2.provider.authentication.OAuth2AuthenticationProcessingFilter@3aeed6c8, org.springframework.security.web.savedrequest.RequestCacheAwareFilter@4ff04988, org.springframework.security.web.servletapi.SecurityContextHolderAwareRequestFilter@53a2afe4, org.springframework.security.web.authentication.AnonymousAuthenticationFilter@4a955375, org.springframework.security.web.session.SessionManagementFilter@7b60f199, org.springframework.security.web.access.ExceptionTranslationFilter@a29efc6, org.springframework.security.web.access.intercept.FilterSecurityInterceptor@5dcdb421]
2020-11-03 00:42:22,398 INFO o.s.s.w.DefaultSecurityFilterChain [restartedMain] Creating filter chain: any request, [org.springframework.security.web.context.request.async.WebAsyncManagerIntegrationFilter@5c906509, org.springframework.security.web.context.SecurityContextPersistenceFilter@611d2327, org.springframework.security.web.header.HeaderWriterFilter@f6afbdb, org.springframework.security.web.csrf.CsrfFilter@2ea6fe58, org.springframework.security.web.authentication.logout.LogoutFilter@3bb418cd, org.springframework.security.web.authentication.UsernamePasswordAuthenticationFilter@e8df830, org.springframework.security.web.authentication.ui.DefaultLoginPageGeneratingFilter@7cb9448, org.springframework.security.web.authentication.ui.DefaultLogoutPageGeneratingFilter@770fbdea, org.springframework.security.web.authentication.www.BasicAuthenticationFilter@3d3d46e6, org.springframework.security.web.savedrequest.RequestCacheAwareFilter@75283ded, org.springframework.security.web.servletapi.SecurityContextHolderAwareRequestFilter@2d44b4b0, org.springframework.security.web.authentication.AnonymousAuthenticationFilter@65f11d7d, org.springframework.security.web.session.SessionManagementFilter@16278050, org.springframework.security.web.access.ExceptionTranslationFilter@6fbf73ca, org.springframework.security.web.access.intercept.FilterSecurityInterceptor@40ae8d7e]
2020-11-03 00:42:22,809 INFO o.s.b.a.w.s.WelcomePageHandlerMapping [restartedMain] Adding welcome page template: index
2020-11-03 00:42:28,082 INFO c.z.h.HikariDataSource [task-1] HikariPool-1 - Start completed.
2020-11-03 00:42:28,129 INFO o.h.d.Dialect [task-1] HHH000400: Using dialect: org.hibernate.dialect.MySQL5Dialect
2020-11-03 00:42:38,463 INFO o.h.e.t.j.p.i.JtaPlatformInitiator [task-1] HHH000490: Using JtaPlatform implementation: [org.hibernate.engine.transaction.jta.platform.internal.NoJtaPlatform]
2020-11-03 00:42:38,487 INFO o.s.o.j.AbstractEntityManagerFactoryBean [task-1] Initialized JPA EntityManagerFactory for persistence unit 'default'
2020-11-03 00:42:38,561 WARN o.s.b.d.a.OptionalLiveReloadServer [task-2] Unable to start LiveReload server
2020-11-03 00:42:39,627 WARN o.s.c.s.o.SpringCloudSecurityAutoConfiguration [restartedMain] All Spring Cloud Security modules and starters are deprecated. They will be moved to individual projects in the next major release.
2020-11-03 00:42:39,632 INFO o.s.b.a.e.w.EndpointLinksResolver [restartedMain] Exposing 2 endpoint(s) beneath base path '/actuator'
2020-11-03 00:42:39,771 INFO o.a.j.l.DirectJDKLog [restartedMain] Starting ProtocolHandler ["http-nio-8080"]
2020-11-03 00:42:39,808 INFO o.s.b.w.e.t.TomcatWebServer [restartedMain] Tomcat started on port(s): 8080 (http) with context path ''
2020-11-03 00:42:40,738 INFO o.s.d.r.c.DeferredRepositoryInitializationListener [restartedMain] Triggering deferred initialization of Spring Data repositories…
2020-11-03 00:42:41,451 INFO o.s.d.r.c.DeferredRepositoryInitializationListener [restartedMain] Spring Data repositories initialized!
2020-11-03 00:42:41,467 INFO o.s.b.StartupInfoLogger [restartedMain] Started PerfectcherryApplication in 27.252 seconds (JVM running for 30.054)
2020-11-03 00:43:00,912 INFO o.a.j.l.DirectJDKLog [http-nio-8080-exec-2] Initializing Spring DispatcherServlet 'dispatcherServlet'
2020-11-03 00:43:00,912 INFO o.s.w.s.FrameworkServlet [http-nio-8080-exec-2] Initializing Servlet 'dispatcherServlet'
2020-11-03 00:43:00,927 INFO o.s.w.s.FrameworkServlet [http-nio-8080-exec-2] Completed initialization in 14 ms
2020-11-03 00:43:05,430 DEBUG c.p.s.UserDetailServiceImpl [http-nio-8080-exec-2] Load user by userName : 3232789777
