2020-12-27 00:00:21 INFO  The Class-Path manifest attribute in C:\Users\an\.m2\repository\com\sun\xml\bind\jaxb-core\2.3.0.1\jaxb-core-2.3.0.1.jar referenced one or more files that do not exist: file:/C:/Users/an/.m2/repository/com/sun/xml/bind/jaxb-core/2.3.0.1/jaxb-api.jar
2020-12-27 00:00:21 INFO  The Class-Path manifest attribute in C:\Users\an\.m2\repository\com\sun\xml\bind\jaxb-impl\2.3.0.1\jaxb-impl-2.3.0.1.jar referenced one or more files that do not exist: file:/C:/Users/an/.m2/repository/com/sun/xml/bind/jaxb-impl/2.3.0.1/jaxb-core.jar
2020-12-27 00:00:21 INFO  Devtools property defaults active! Set 'spring.devtools.add-properties' to 'false' to disable
2020-12-27 00:00:23 INFO  No active profile set, falling back to default profiles: default
2020-12-27 00:00:24 INFO  Bootstrapping Spring Data JPA repositories in DEFERRED mode.
2020-12-27 00:00:24 INFO  Finished Spring Data repository scanning in 82ms. Found 4 JPA repository interfaces.
2020-12-27 00:00:24 INFO  BeanFactory id=3a2cdd0d-ac7a-3642-98f1-b1f23b35cb11
2020-12-27 00:00:24 INFO  Bean 'org.springframework.security.access.expression.method.DefaultMethodSecurityExpressionHandler@7505c934' of type [org.springframework.security.oauth2.provider.expression.OAuth2MethodSecurityExpressionHandler] is not eligible for getting processed by all BeanPostProcessors (for example: not eligible for auto-proxying)
2020-12-27 00:00:24 INFO  Bean 'methodSecurityMetadataSource' of type [org.springframework.security.access.method.DelegatingMethodSecurityMetadataSource] is not eligible for getting processed by all BeanPostProcessors (for example: not eligible for auto-proxying)
2020-12-27 00:00:24 INFO  Tomcat initialized with port(s): 8080 (http)
2020-12-27 00:00:24 INFO  Initializing ProtocolHandler ["http-nio-8080"]
2020-12-27 00:00:24 INFO  Starting service [Tomcat]
2020-12-27 00:00:24 INFO  Starting Servlet engine: [Apache Tomcat/9.0.36]
2020-12-27 00:00:25 INFO  Initializing Spring embedded WebApplicationContext
2020-12-27 00:00:25 INFO  Root WebApplicationContext: initialization completed in 1681 ms
2020-12-27 00:00:25 INFO  Initializing ExecutorService 'applicationTaskExecutor'
2020-12-27 00:00:25 INFO  HHH000204: Processing PersistenceUnitInfo [name: default]
2020-12-27 00:00:25 WARN  spring.jpa.open-in-view is enabled by default. Therefore, database queries may be performed during view rendering. Explicitly configure spring.jpa.open-in-view to disable this warning
2020-12-27 00:00:25 INFO  HHH000412: Hibernate ORM core version 5.4.17.Final
2020-12-27 00:00:25 INFO  HCANN000001: Hibernate Commons Annotations {5.1.0.Final}
2020-12-27 00:00:25 INFO  HikariPool-1 - Starting...
2020-12-27 00:00:25 INFO  HikariPool-1 - Start completed.
2020-12-27 00:00:25 INFO  HHH000400: Using dialect: org.hibernate.dialect.MySQL5Dialect
2020-12-27 00:00:26 INFO  Creating filter chain: Ant [pattern='/user/create'], []
2020-12-27 00:00:26 INFO  Creating filter chain: Ant [pattern='/user/forgotPassword/**'], []
2020-12-27 00:00:26 INFO  Creating filter chain: Ant [pattern='/user/resetPassword'], []
2020-12-27 00:00:26 INFO  Creating filter chain: Ant [pattern='/'], []
2020-12-27 00:00:26 INFO  Creating filter chain: Ant [pattern='/css/**'], []
2020-12-27 00:00:26 INFO  Creating filter chain: Ant [pattern='/font/**'], []
2020-12-27 00:00:26 INFO  Creating filter chain: Ant [pattern='/fonts/**'], []
2020-12-27 00:00:26 INFO  Creating filter chain: Ant [pattern='/img/**'], []
2020-12-27 00:00:26 INFO  Creating filter chain: Ant [pattern='/js/**'], []
2020-12-27 00:00:26 INFO  Creating filter chain: Ant [pattern='/shop-cart/**'], []
2020-12-27 00:00:26 INFO  Creating filter chain: OrRequestMatcher [requestMatchers=[Ant [pattern='/user/login'], Ant [pattern='/oauth/token_key'], Ant [pattern='/user/check_token']]], [org.springframework.security.web.context.request.async.WebAsyncManagerIntegrationFilter@28b2d3c7, org.springframework.security.web.context.SecurityContextPersistenceFilter@3927febb, org.springframework.security.web.header.HeaderWriterFilter@48544942, org.springframework.security.web.authentication.logout.LogoutFilter@40097400, org.springframework.security.web.authentication.www.BasicAuthenticationFilter@64775716, org.springframework.security.web.savedrequest.RequestCacheAwareFilter@7ff8b205, org.springframework.security.web.servletapi.SecurityContextHolderAwareRequestFilter@644c004e, org.springframework.security.web.authentication.AnonymousAuthenticationFilter@735e0c34, org.springframework.security.web.session.SessionManagementFilter@1294aa43, org.springframework.security.web.access.ExceptionTranslationFilter@7fb0e1f3, org.springframework.security.web.access.intercept.FilterSecurityInterceptor@21ceebdf]
2020-12-27 00:00:26 INFO  Creating filter chain: org.springframework.security.oauth2.config.annotation.web.configuration.ResourceServerConfiguration$NotOAuthRequestMatcher@1834b0fa, [org.springframework.security.web.context.request.async.WebAsyncManagerIntegrationFilter@24c5f84b, org.springframework.security.web.context.SecurityContextPersistenceFilter@2ed2cd21, org.springframework.security.web.header.HeaderWriterFilter@54a875de, org.springframework.security.web.authentication.logout.LogoutFilter@1cbc2217, org.springframework.security.oauth2.provider.authentication.OAuth2AuthenticationProcessingFilter@29ca66b9, org.springframework.security.web.savedrequest.RequestCacheAwareFilter@66b714c1, org.springframework.security.web.servletapi.SecurityContextHolderAwareRequestFilter@71268b4c, org.springframework.security.web.authentication.AnonymousAuthenticationFilter@6d5e9b5a, org.springframework.security.web.session.SessionManagementFilter@5200e98d, org.springframework.security.web.access.ExceptionTranslationFilter@71e7294b, org.springframework.security.web.access.intercept.FilterSecurityInterceptor@749abbcf]
2020-12-27 00:00:26 INFO  Creating filter chain: any request, [org.springframework.security.web.context.request.async.WebAsyncManagerIntegrationFilter@4c563142, org.springframework.security.web.context.SecurityContextPersistenceFilter@31d4f1c, org.springframework.security.web.header.HeaderWriterFilter@6c34f40a, org.springframework.security.web.csrf.CsrfFilter@727da531, org.springframework.security.web.authentication.logout.LogoutFilter@3ec102dc, org.springframework.security.web.authentication.UsernamePasswordAuthenticationFilter@65ac5e74, org.springframework.security.web.authentication.ui.DefaultLoginPageGeneratingFilter@371e1282, org.springframework.security.web.authentication.ui.DefaultLogoutPageGeneratingFilter@4171e284, org.springframework.security.web.authentication.www.BasicAuthenticationFilter@7e654e84, org.springframework.security.web.savedrequest.RequestCacheAwareFilter@519624a8, org.springframework.security.web.servletapi.SecurityContextHolderAwareRequestFilter@1a490e34, org.springframework.security.web.authentication.AnonymousAuthenticationFilter@46a94b20, org.springframework.security.web.session.SessionManagementFilter@1c56258a, org.springframework.security.web.access.ExceptionTranslationFilter@28a0a75, org.springframework.security.web.access.intercept.FilterSecurityInterceptor@55ab002c]
2020-12-27 00:00:26 INFO  Adding welcome page template: index
2020-12-27 00:00:26 INFO  HHH000490: Using JtaPlatform implementation: [org.hibernate.engine.transaction.jta.platform.internal.NoJtaPlatform]
2020-12-27 00:00:26 INFO  Initialized JPA EntityManagerFactory for persistence unit 'default'
2020-12-27 00:00:26 INFO  LiveReload server is running on port 35729
2020-12-27 00:00:28 INFO  Cannot determine local hostname
2020-12-27 00:00:28 WARN  All Spring Cloud Security modules and starters are deprecated. They will be moved to individual projects in the next major release.
2020-12-27 00:00:28 INFO  Exposing 2 endpoint(s) beneath base path '/actuator'
2020-12-27 00:00:28 INFO  Starting ProtocolHandler ["http-nio-8080"]
2020-12-27 00:00:28 INFO  Tomcat started on port(s): 8080 (http) with context path ''
2020-12-27 00:00:29 INFO  Cannot determine local hostname
2020-12-27 00:00:29 INFO  Triggering deferred initialization of Spring Data repositories…
2020-12-27 00:00:30 INFO  Spring Data repositories initialized!
2020-12-27 00:00:30 INFO  Started PerfectcherryApplication in 10.02 seconds (JVM running for 11.452)
2020-12-27 00:00:35 INFO  Initializing Spring DispatcherServlet 'dispatcherServlet'
2020-12-27 00:00:35 INFO  Initializing Servlet 'dispatcherServlet'
2020-12-27 00:00:35 INFO  Completed initialization in 5 ms
2020-12-27 00:00:42 DEBUG Inside getUserDataById method
2020-12-27 00:00:42 DEBUG Get user data by userID
2020-12-27 00:00:42 DEBUG Get user data from token
2020-12-27 00:00:42 DEBUG Fetch userdata for user with phone: 3232789777
2020-12-27 00:01:16 DEBUG Inside getAllUserDataById method
2020-12-27 00:01:16 DEBUG Get all user data
2020-12-27 00:01:16 DEBUG Get user data from token
2020-12-27 00:01:16 DEBUG Fetch userdata for user with phone: 3232789777
2020-12-27 00:02:24 INFO  Application shutdown requested.
2020-12-27 00:02:24 INFO  Pausing ProtocolHandler ["http-nio-8080"]
2020-12-27 00:02:25 INFO  Stopping service [Tomcat]
2020-12-27 00:02:25 INFO  Destroying Spring FrameworkServlet 'dispatcherServlet'
2020-12-27 00:02:25 INFO  Stopping ProtocolHandler ["http-nio-8080"]
2020-12-27 00:02:25 ERROR Socket accept failed
java.nio.channels.AsynchronousCloseException: null
	at java.nio.channels.spi.AbstractInterruptibleChannel.end(AbstractInterruptibleChannel.java:202) ~[?:?]
	at sun.nio.ch.ServerSocketChannelImpl.end(ServerSocketChannelImpl.java:269) ~[?:?]
	at sun.nio.ch.ServerSocketChannelImpl.accept(ServerSocketChannelImpl.java:288) ~[?:?]
	at org.apache.tomcat.util.net.NioEndpoint.serverSocketAccept(NioEndpoint.java:469) ~[tomcat-embed-core-9.0.36.jar:9.0.36]
	at org.apache.tomcat.util.net.NioEndpoint.serverSocketAccept(NioEndpoint.java:71) ~[tomcat-embed-core-9.0.36.jar:9.0.36]
	at org.apache.tomcat.util.net.Acceptor.run(Acceptor.java:95) [tomcat-embed-core-9.0.36.jar:9.0.36]
	at java.lang.Thread.run(Thread.java:834) [?:?]
2020-12-27 00:02:25 INFO  Destroying ProtocolHandler ["http-nio-8080"]
2020-12-27 00:02:25 INFO  Closing JPA EntityManagerFactory for persistence unit 'default'
2020-12-27 00:02:25 INFO  Shutting down ExecutorService 'applicationTaskExecutor'
2020-12-27 00:02:25 INFO  HikariPool-1 - Shutdown initiated...
2020-12-27 00:02:25 INFO  HikariPool-1 - Shutdown completed.
